        -:    0:Source:C:/Users/danpo/CLionProjects/untitled3/Test/Google_tests/googletest-main/googletest/src/gtest.cc
        -:    0:Graph:C:\Users\danpo\CLionProjects\untitled3\Test\cmake-build-debug-coverage\Google_tests\googletest-main\googletest\CMakeFiles\gtest.dir\src\gtest-all.cc.gcno
        -:    0:Data:C:\Users\danpo\CLionProjects\untitled3\Test\cmake-build-debug-coverage\Google_tests\googletest-main\googletest\CMakeFiles\gtest.dir\src\gtest-all.cc.gcda
        -:    0:Runs:1
        -:    1:// Copyright 2005, Google Inc.
        -:    2:// All rights reserved.
        -:    3://
        -:    4:// Redistribution and use in source and binary forms, with or without
        -:    5:// modification, are permitted provided that the following conditions are
        -:    6:// met:
        -:    7://
        -:    8://     * Redistributions of source code must retain the above copyright
        -:    9:// notice, this list of conditions and the following disclaimer.
        -:   10://     * Redistributions in binary form must reproduce the above
        -:   11:// copyright notice, this list of conditions and the following disclaimer
        -:   12:// in the documentation and/or other materials provided with the
        -:   13:// distribution.
        -:   14://     * Neither the name of Google Inc. nor the names of its
        -:   15:// contributors may be used to endorse or promote products derived from
        -:   16:// this software without specific prior written permission.
        -:   17://
        -:   18:// THIS SOFTWARE IS PROVIDED BY THE COPYRIGHT HOLDERS AND CONTRIBUTORS
        -:   19:// "AS IS" AND ANY EXPRESS OR IMPLIED WARRANTIES, INCLUDING, BUT NOT
        -:   20:// LIMITED TO, THE IMPLIED WARRANTIES OF MERCHANTABILITY AND FITNESS FOR
        -:   21:// A PARTICULAR PURPOSE ARE DISCLAIMED. IN NO EVENT SHALL THE COPYRIGHT
        -:   22:// OWNER OR CONTRIBUTORS BE LIABLE FOR ANY DIRECT, INDIRECT, INCIDENTAL,
        -:   23:// SPECIAL, EXEMPLARY, OR CONSEQUENTIAL DAMAGES (INCLUDING, BUT NOT
        -:   24:// LIMITED TO, PROCUREMENT OF SUBSTITUTE GOODS OR SERVICES; LOSS OF USE,
        -:   25:// DATA, OR PROFITS; OR BUSINESS INTERRUPTION) HOWEVER CAUSED AND ON ANY
        -:   26:// THEORY OF LIABILITY, WHETHER IN CONTRACT, STRICT LIABILITY, OR TORT
        -:   27:// (INCLUDING NEGLIGENCE OR OTHERWISE) ARISING IN ANY WAY OUT OF THE USE
        -:   28:// OF THIS SOFTWARE, EVEN IF ADVISED OF THE POSSIBILITY OF SUCH DAMAGE.
        -:   29:
        -:   30://
        -:   31:// The Google C++ Testing and Mocking Framework (Google Test)
        -:   32:
        -:   33:#include "gtest/gtest.h"
        -:   34:
        -:   35:#include <ctype.h>
        -:   36:#include <stdarg.h>
        -:   37:#include <stdio.h>
        -:   38:#include <stdlib.h>
        -:   39:#include <time.h>
        -:   40:#include <wchar.h>
        -:   41:#include <wctype.h>
        -:   42:
        -:   43:#include <algorithm>
        -:   44:#include <chrono>  // NOLINT
        -:   45:#include <cmath>
        -:   46:#include <csignal>  // NOLINT: raise(3) is used on some platforms
        -:   47:#include <cstdint>
        -:   48:#include <cstdlib>
        -:   49:#include <cstring>
        -:   50:#include <initializer_list>
        -:   51:#include <iomanip>
        -:   52:#include <ios>
        -:   53:#include <iostream>
        -:   54:#include <iterator>
        -:   55:#include <limits>
        -:   56:#include <list>
        -:   57:#include <map>
        -:   58:#include <ostream>  // NOLINT
        -:   59:#include <set>
        -:   60:#include <sstream>
        -:   61:#include <unordered_set>
        -:   62:#include <utility>
        -:   63:#include <vector>
        -:   64:
        -:   65:#include "gtest/gtest-assertion-result.h"
        -:   66:#include "gtest/gtest-spi.h"
        -:   67:#include "gtest/internal/custom/gtest.h"
        -:   68:#include "gtest/internal/gtest-port.h"
        -:   69:
        -:   70:#ifdef GTEST_OS_LINUX
        -:   71:
        -:   72:#include <fcntl.h>   // NOLINT
        -:   73:#include <limits.h>  // NOLINT
        -:   74:#include <sched.h>   // NOLINT
        -:   75:// Declares vsnprintf().  This header is not available on Windows.
        -:   76:#include <strings.h>   // NOLINT
        -:   77:#include <sys/mman.h>  // NOLINT
        -:   78:#include <sys/time.h>  // NOLINT
        -:   79:#include <unistd.h>    // NOLINT
        -:   80:
        -:   81:#include <string>
        -:   82:
        -:   83:#elif defined(GTEST_OS_ZOS)
        -:   84:#include <sys/time.h>  // NOLINT
        -:   85:
        -:   86:// On z/OS we additionally need strings.h for strcasecmp.
        -:   87:#include <strings.h>   // NOLINT
        -:   88:
        -:   89:#elif defined(GTEST_OS_WINDOWS_MOBILE)  // We are on Windows CE.
        -:   90:
        -:   91:#include <windows.h>  // NOLINT
        -:   92:#undef min
        -:   93:
        -:   94:#elif defined(GTEST_OS_WINDOWS)  // We are on Windows proper.
        -:   95:
        -:   96:#include <windows.h>  // NOLINT
        -:   97:#undef min
        -:   98:
        -:   99:#ifdef _MSC_VER
        -:  100:#include <crtdbg.h>  // NOLINT
        -:  101:#endif
        -:  102:
        -:  103:#include <io.h>         // NOLINT
        -:  104:#include <sys/stat.h>   // NOLINT
        -:  105:#include <sys/timeb.h>  // NOLINT
        -:  106:#include <sys/types.h>  // NOLINT
        -:  107:
        -:  108:#ifdef GTEST_OS_WINDOWS_MINGW
        -:  109:#include <sys/time.h>  // NOLINT
        -:  110:#endif                 // GTEST_OS_WINDOWS_MINGW
        -:  111:
        -:  112:#else
        -:  113:
        -:  114:// cpplint thinks that the header is already included, so we want to
        -:  115:// silence it.
        -:  116:#include <sys/time.h>  // NOLINT
        -:  117:#include <unistd.h>    // NOLINT
        -:  118:
        -:  119:#endif  // GTEST_OS_LINUX
        -:  120:
        -:  121:#if GTEST_HAS_EXCEPTIONS
        -:  122:#include <stdexcept>
        -:  123:#endif
        -:  124:
        -:  125:#if GTEST_CAN_STREAM_RESULTS_
        -:  126:#include <arpa/inet.h>   // NOLINT
        -:  127:#include <netdb.h>       // NOLINT
        -:  128:#include <sys/socket.h>  // NOLINT
        -:  129:#include <sys/types.h>   // NOLINT
        -:  130:#endif
        -:  131:
        -:  132:#include "src/gtest-internal-inl.h"
        -:  133:
        -:  134:#ifdef GTEST_OS_WINDOWS
        -:  135:#define vsnprintf _vsnprintf
        -:  136:#endif  // GTEST_OS_WINDOWS
        -:  137:
        -:  138:#ifdef GTEST_OS_MAC
        -:  139:#ifndef GTEST_OS_IOS
        -:  140:#include <crt_externs.h>
        -:  141:#endif
        -:  142:#endif
        -:  143:
        -:  144:#ifdef GTEST_HAS_ABSL
        -:  145:#include "absl/container/flat_hash_set.h"
        -:  146:#include "absl/debugging/failure_signal_handler.h"
        -:  147:#include "absl/debugging/stacktrace.h"
        -:  148:#include "absl/debugging/symbolize.h"
        -:  149:#include "absl/flags/parse.h"
        -:  150:#include "absl/flags/usage.h"
        -:  151:#include "absl/strings/str_cat.h"
        -:  152:#include "absl/strings/str_replace.h"
        -:  153:#include "absl/strings/string_view.h"
        -:  154:#include "absl/strings/strip.h"
        -:  155:#endif  // GTEST_HAS_ABSL
        -:  156:
        -:  157:// Checks builtin compiler feature |x| while avoiding an extra layer of #ifdefs
        -:  158:// at the callsite.
        -:  159:#if defined(__has_builtin)
        -:  160:#define GTEST_HAS_BUILTIN(x) __has_builtin(x)
        -:  161:#else
        -:  162:#define GTEST_HAS_BUILTIN(x) 0
        -:  163:#endif  // defined(__has_builtin)
        -:  164:
        -:  165:#if defined(GTEST_HAS_ABSL) && !defined(GTEST_NO_ABSL_FLAGS)
        -:  166:#define GTEST_HAS_ABSL_FLAGS
        -:  167:#endif
        -:  168:
        -:  169:namespace testing {
        -:  170:
        -:  171:using internal::CountIf;
        -:  172:using internal::ForEach;
        -:  173:using internal::GetElementOr;
        -:  174:using internal::Shuffle;
        -:  175:
        -:  176:// Constants.
        -:  177:
        -:  178:// A test whose test suite name or test name matches this filter is
        -:  179:// disabled and not run.
        -:  180:static const char kDisableTestFilter[] = "DISABLED_*:*/DISABLED_*";
        -:  181:
        -:  182:// A test suite whose name matches this filter is considered a death
        -:  183:// test suite and will be run before test suites whose name doesn't
        -:  184:// match this filter.
        -:  185:static const char kDeathTestSuiteFilter[] = "*DeathTest:*DeathTest/*";
        -:  186:
        -:  187:// A test filter that matches everything.
        -:  188:static const char kUniversalFilter[] = "*";
        -:  189:
        -:  190:// The default output format.
        -:  191:static const char kDefaultOutputFormat[] = "xml";
        -:  192:// The default output file.
        -:  193:static const char kDefaultOutputFile[] = "test_detail";
        -:  194:
        -:  195:// The environment variable name for the test shard index.
        -:  196:static const char kTestShardIndex[] = "GTEST_SHARD_INDEX";
        -:  197:// The environment variable name for the total number of test shards.
        -:  198:static const char kTestTotalShards[] = "GTEST_TOTAL_SHARDS";
        -:  199:// The environment variable name for the test shard status file.
        -:  200:static const char kTestShardStatusFile[] = "GTEST_SHARD_STATUS_FILE";
        -:  201:
        -:  202:namespace internal {
        -:  203:
        -:  204:// The text used in failure messages to indicate the start of the
        -:  205:// stack trace.
        -:  206:const char kStackTraceMarker[] = "\nStack trace:\n";
        -:  207:
        -:  208:// g_help_flag is true if and only if the --help flag or an equivalent form
        -:  209:// is specified on the command line.
        -:  210:bool g_help_flag = false;
        -:  211:
        -:  212:#if GTEST_HAS_FILE_SYSTEM
        -:  213:// Utility function to Open File for Writing
function _ZN7testing8internalL18OpenFileForWritingERKNSt7__cxx1112basic_stringIcSt11char_traitsIcESaIcEEE called 0 returned 0% blocks executed 0%
    #####:  214:static FILE* OpenFileForWriting(const std::string& output_file) {
    #####:  215:  FILE* fileout = nullptr;
    #####:  216:  FilePath output_file_path(output_file);
    %%%%%:  216-block  0
call    0 never executed
branch  1 never executed (fallthrough)
branch  2 never executed (throw)
    #####:  217:  FilePath output_dir(output_file_path.RemoveFileName());
    %%%%%:  217-block  0
call    0 never executed
branch  1 never executed (fallthrough)
branch  2 never executed (throw)
        -:  218:
    #####:  219:  if (output_dir.CreateDirectoriesRecursively()) {
    %%%%%:  219-block  0
call    0 never executed
branch  1 never executed (fallthrough)
branch  2 never executed (throw)
    %%%%%:  219-block  1
branch  3 never executed (fallthrough)
branch  4 never executed
    #####:  220:    fileout = posix::FOpen(output_file.c_str(), "w");
    %%%%%:  220-block  0
call    0 never executed
call    1 never executed
branch  2 never executed (fallthrough)
branch  3 never executed (throw)
    %%%%%:  220-block  1
        -:  221:  }
    #####:  222:  if (fileout == nullptr) {
    %%%%%:  222-block  0
branch  0 never executed (fallthrough)
branch  1 never executed
    #####:  223:    GTEST_LOG_(FATAL) << "Unable to open file \"" << output_file << "\"";
    %%%%%:  223-block  0
call    0 never executed
branch  1 never executed (fallthrough)
branch  2 never executed (throw)
    %%%%%:  223-block  1
call    3 never executed
call    4 never executed
branch  5 never executed (fallthrough)
branch  6 never executed (throw)
    %%%%%:  223-block  2
call    7 never executed
branch  8 never executed (fallthrough)
branch  9 never executed (throw)
    %%%%%:  223-block  3
call   10 never executed
branch 11 never executed (fallthrough)
branch 12 never executed (throw)
    %%%%%:  223-block  4
call   13 never executed
    $$$$$:  223-block  5
call   14 never executed
    $$$$$:  223-block  6
        -:  224:  }
    #####:  225:  return fileout;
    %%%%%:  225-block  0
    #####:  226:}
    %%%%%:  226-block  0
call    0 never executed
call    1 never executed
    $$$$$:  226-block  1
call    2 never executed
    $$$$$:  226-block  2
call    3 never executed
        -:  227:#endif  // GTEST_HAS_FILE_SYSTEM
        -:  228:
        -:  229:}  // namespace internal
        -:  230:
        -:  231:// Bazel passes in the argument to '--test_filter' via the TESTBRIDGE_TEST_ONLY
        -:  232:// environment variable.
function _ZN7testingL16GetDefaultFilterEv called 1 returned 100% blocks executed 80%
        1:  233:static const char* GetDefaultFilter() {
        -:  234:  const char* const testbridge_test_only =
        1:  235:      internal::posix::GetEnv("TESTBRIDGE_TEST_ONLY");
        1:  235-block  0
call    0 returned 1
        1:  236:  if (testbridge_test_only != nullptr) {
branch  0 taken 0 (fallthrough)
branch  1 taken 1
    #####:  237:    return testbridge_test_only;
    %%%%%:  237-block  0
        -:  238:  }
        1:  239:  return kUniversalFilter;
        1:  239-block  0
        -:  240:}
        -:  241:
        -:  242:// Bazel passes in the argument to '--test_runner_fail_fast' via the
        -:  243:// TESTBRIDGE_TEST_RUNNER_FAIL_FAST environment variable.
function _ZN7testingL18GetDefaultFailFastEv called 1 returned 100% blocks executed 80%
        1:  244:static bool GetDefaultFailFast() {
        -:  245:  const char* const testbridge_test_runner_fail_fast =
        1:  246:      internal::posix::GetEnv("TESTBRIDGE_TEST_RUNNER_FAIL_FAST");
        1:  246-block  0
call    0 returned 1
        1:  247:  if (testbridge_test_runner_fail_fast != nullptr) {
branch  0 taken 0 (fallthrough)
branch  1 taken 1
    #####:  248:    return strcmp(testbridge_test_runner_fail_fast, "1") == 0;
    %%%%%:  248-block  0
        -:  249:  }
        1:  250:  return false;
        1:  250-block  0
        -:  251:}
        -:  252:
        -:  253:}  // namespace testing
        -:  254:
        -:  255:GTEST_DEFINE_bool_(
        -:  256:    fail_fast,
        -:  257:    testing::internal::BoolFromGTestEnv("fail_fast",
        -:  258:                                        testing::GetDefaultFailFast()),
        -:  259:    "True if and only if a test failure should stop further test execution.");
        -:  260:
        -:  261:GTEST_DEFINE_bool_(
        -:  262:    also_run_disabled_tests,
        -:  263:    testing::internal::BoolFromGTestEnv("also_run_disabled_tests", false),
        -:  264:    "Run disabled tests too, in addition to the tests normally being run.");
        -:  265:
        -:  266:GTEST_DEFINE_bool_(
        -:  267:    break_on_failure,
        -:  268:    testing::internal::BoolFromGTestEnv("break_on_failure", false),
        -:  269:    "True if and only if a failed assertion should be a debugger "
        -:  270:    "break-point.");
        -:  271:
        -:  272:GTEST_DEFINE_bool_(catch_exceptions,
        -:  273:                   testing::internal::BoolFromGTestEnv("catch_exceptions",
        -:  274:                                                       true),
        -:  275:                   "True if and only if " GTEST_NAME_
        -:  276:                   " should catch exceptions and treat them as test failures.");
        -:  277:
        -:  278:GTEST_DEFINE_string_(
        -:  279:    color, testing::internal::StringFromGTestEnv("color", "auto"),
        -:  280:    "Whether to use colors in the output.  Valid values: yes, no, "
        -:  281:    "and auto.  'auto' means to use colors if the output is "
        -:  282:    "being sent to a terminal and the TERM environment variable "
        -:  283:    "is set to a terminal type that supports colors.");
        -:  284:
        -:  285:GTEST_DEFINE_string_(
        -:  286:    filter,
        -:  287:    testing::internal::StringFromGTestEnv("filter",
        -:  288:                                          testing::GetDefaultFilter()),
        -:  289:    "A colon-separated list of glob (not regex) patterns "
        -:  290:    "for filtering the tests to run, optionally followed by a "
        -:  291:    "'-' and a : separated list of negative patterns (tests to "
        -:  292:    "exclude).  A test is run if it matches one of the positive "
        -:  293:    "patterns and does not match any of the negative patterns.");
        -:  294:
        -:  295:GTEST_DEFINE_bool_(
        -:  296:    install_failure_signal_handler,
        -:  297:    testing::internal::BoolFromGTestEnv("install_failure_signal_handler",
        -:  298:                                        false),
        -:  299:    "If true and supported on the current platform, " GTEST_NAME_
        -:  300:    " should "
        -:  301:    "install a signal handler that dumps debugging information when fatal "
        -:  302:    "signals are raised.");
        -:  303:
        -:  304:GTEST_DEFINE_bool_(list_tests, false, "List all tests without running them.");
        -:  305:
        -:  306:// The net priority order after flag processing is thus:
        -:  307://   --gtest_output command line flag
        -:  308://   GTEST_OUTPUT environment variable
        -:  309://   XML_OUTPUT_FILE environment variable
        -:  310://   ''
        -:  311:GTEST_DEFINE_string_(
        -:  312:    output,
        -:  313:    testing::internal::StringFromGTestEnv(
        -:  314:        "output", testing::internal::OutputFlagAlsoCheckEnvVar().c_str()),
        -:  315:    "A format (defaults to \"xml\" but can be specified to be \"json\"), "
        -:  316:    "optionally followed by a colon and an output file name or directory. "
        -:  317:    "A directory is indicated by a trailing pathname separator. "
        -:  318:    "Examples: \"xml:filename.xml\", \"xml::directoryname/\". "
        -:  319:    "If a directory is specified, output files will be created "
        -:  320:    "within that directory, with file-names based on the test "
        -:  321:    "executable's name and, if necessary, made unique by adding "
        -:  322:    "digits.");
        -:  323:
        -:  324:GTEST_DEFINE_bool_(
        -:  325:    brief, testing::internal::BoolFromGTestEnv("brief", false),
        -:  326:    "True if only test failures should be displayed in text output.");
        -:  327:
        -:  328:GTEST_DEFINE_bool_(print_time,
        -:  329:                   testing::internal::BoolFromGTestEnv("print_time", true),
        -:  330:                   "True if and only if " GTEST_NAME_
        -:  331:                   " should display elapsed time in text output.");
        -:  332:
        -:  333:GTEST_DEFINE_bool_(print_utf8,
        -:  334:                   testing::internal::BoolFromGTestEnv("print_utf8", true),
        -:  335:                   "True if and only if " GTEST_NAME_
        -:  336:                   " prints UTF8 characters as text.");
        -:  337:
        -:  338:GTEST_DEFINE_int32_(
        -:  339:    random_seed, testing::internal::Int32FromGTestEnv("random_seed", 0),
        -:  340:    "Random number seed to use when shuffling test orders.  Must be in range "
        -:  341:    "[1, 99999], or 0 to use a seed based on the current time.");
        -:  342:
        -:  343:GTEST_DEFINE_int32_(
        -:  344:    repeat, testing::internal::Int32FromGTestEnv("repeat", 1),
        -:  345:    "How many times to repeat each test.  Specify a negative number "
        -:  346:    "for repeating forever.  Useful for shaking out flaky tests.");
        -:  347:
        -:  348:GTEST_DEFINE_bool_(
        -:  349:    recreate_environments_when_repeating,
        -:  350:    testing::internal::BoolFromGTestEnv("recreate_environments_when_repeating",
        -:  351:                                        false),
        -:  352:    "Controls whether global test environments are recreated for each repeat "
        -:  353:    "of the tests. If set to false the global test environments are only set "
        -:  354:    "up once, for the first iteration, and only torn down once, for the last. "
        -:  355:    "Useful for shaking out flaky tests with stable, expensive test "
        -:  356:    "environments. If --gtest_repeat is set to a negative number, meaning "
        -:  357:    "there is no last run, the environments will always be recreated to avoid "
        -:  358:    "leaks.");
        -:  359:
        -:  360:GTEST_DEFINE_bool_(show_internal_stack_frames, false,
        -:  361:                   "True if and only if " GTEST_NAME_
        -:  362:                   " should include internal stack frames when "
        -:  363:                   "printing test failure stack traces.");
        -:  364:
        -:  365:GTEST_DEFINE_bool_(shuffle,
        -:  366:                   testing::internal::BoolFromGTestEnv("shuffle", false),
        -:  367:                   "True if and only if " GTEST_NAME_
        -:  368:                   " should randomize tests' order on every run.");
        -:  369:
        -:  370:GTEST_DEFINE_int32_(
        -:  371:    stack_trace_depth,
        -:  372:    testing::internal::Int32FromGTestEnv("stack_trace_depth",
        -:  373:                                         testing::kMaxStackTraceDepth),
        -:  374:    "The maximum number of stack frames to print when an "
        -:  375:    "assertion fails.  The valid range is 0 through 100, inclusive.");
        -:  376:
        -:  377:GTEST_DEFINE_string_(
        -:  378:    stream_result_to,
        -:  379:    testing::internal::StringFromGTestEnv("stream_result_to", ""),
        -:  380:    "This flag specifies the host name and the port number on which to stream "
        -:  381:    "test results. Example: \"localhost:555\". The flag is effective only on "
        -:  382:    "Linux.");
        -:  383:
        -:  384:GTEST_DEFINE_bool_(
        -:  385:    throw_on_failure,
        -:  386:    testing::internal::BoolFromGTestEnv("throw_on_failure", false),
        -:  387:    "When this flag is specified, a failed assertion will throw an exception "
        -:  388:    "if exceptions are enabled or exit the program with a non-zero code "
        -:  389:    "otherwise. For use with an external test framework.");
        -:  390:
        -:  391:#if GTEST_USE_OWN_FLAGFILE_FLAG_
        -:  392:GTEST_DEFINE_string_(
        -:  393:    flagfile, testing::internal::StringFromGTestEnv("flagfile", ""),
        -:  394:    "This flag specifies the flagfile to read command-line flags from.");
        -:  395:#endif  // GTEST_USE_OWN_FLAGFILE_FLAG_
        -:  396:
        -:  397:namespace testing {
        -:  398:namespace internal {
        -:  399:
        -:  400:const uint32_t Random::kMaxRange;
        -:  401:
        -:  402:// Generates a random number from [0, range), using a Linear
        -:  403:// Congruential Generator (LCG).  Crashes if 'range' is 0 or greater
        -:  404:// than kMaxRange.
function _ZN7testing8internal6Random8GenerateEj called 0 returned 0% blocks executed 0%
    #####:  405:uint32_t Random::Generate(uint32_t range) {
        -:  406:  // These constants are the same as are used in glibc's rand(3).
        -:  407:  // Use wider types than necessary to prevent unsigned overflow diagnostics.
    #####:  408:  state_ = static_cast<uint32_t>(1103515245ULL * state_ + 12345U) % kMaxRange;
        -:  409:
    #####:  410:  GTEST_CHECK_(range > 0) << "Cannot generate a number in the range [0, 0).";
    %%%%%:  410-block  0
call    0 never executed
branch  1 never executed (fallthrough)
branch  2 never executed
    %%%%%:  410-block  1
call    3 never executed
branch  4 never executed (fallthrough)
branch  5 never executed (throw)
    %%%%%:  410-block  2
call    6 never executed
call    7 never executed
branch  8 never executed (fallthrough)
branch  9 never executed (throw)
    %%%%%:  410-block  3
call   10 never executed
branch 11 never executed (fallthrough)
branch 12 never executed (throw)
    %%%%%:  410-block  4
call   13 never executed
    $$$$$:  410-block  5
call   14 never executed
    $$$$$:  410-block  6
call   15 never executed
    #####:  411:  GTEST_CHECK_(range <= kMaxRange)
    %%%%%:  411-block  0
call    0 never executed
branch  1 never executed (fallthrough)
branch  2 never executed
    %%%%%:  411-block  1
call    3 never executed
branch  4 never executed (fallthrough)
branch  5 never executed (throw)
    %%%%%:  411-block  2
call    6 never executed
    %%%%%:  411-block  3
call    7 never executed
    $$$$$:  411-block  4
call    8 never executed
    #####:  412:      << "Generation of a number in [0, " << range << ") was requested, "
call    0 never executed
branch  1 never executed (fallthrough)
branch  2 never executed (throw)
    %%%%%:  412-block  0
call    3 never executed
branch  4 never executed (fallthrough)
branch  5 never executed (throw)
    %%%%%:  412-block  1
call    6 never executed
branch  7 never executed (fallthrough)
branch  8 never executed (throw)
    #####:  413:      << "but this can only generate numbers in [0, " << kMaxRange << ").";
    %%%%%:  413-block  0
call    0 never executed
branch  1 never executed (fallthrough)
branch  2 never executed (throw)
    %%%%%:  413-block  1
call    3 never executed
branch  4 never executed (fallthrough)
branch  5 never executed (throw)
    %%%%%:  413-block  2
call    6 never executed
branch  7 never executed (fallthrough)
branch  8 never executed (throw)
    %%%%%:  413-block  3
call    9 never executed
branch 10 never executed (fallthrough)
branch 11 never executed (throw)
        -:  414:
        -:  415:  // Converting via modulus introduces a bit of downward bias, but
        -:  416:  // it's simple, and a linear congruential generator isn't too good
        -:  417:  // to begin with.
    #####:  418:  return state_ % range;
    %%%%%:  418-block  0
    %%%%%:  418-block  1
        -:  419:}
        -:  420:
        -:  421:// GTestIsInitialized() returns true if and only if the user has initialized
        -:  422:// Google Test.  Useful for catching the user mistake of not initializing
        -:  423:// Google Test before calling RUN_ALL_TESTS().
function _ZN7testing8internalL18GTestIsInitializedEv called 2 returned 100% blocks executed 100%
        2:  424:static bool GTestIsInitialized() { return !GetArgvs().empty(); }
        2:  424-block  0
call    0 returned 2
branch  1 taken 2 (fallthrough)
branch  2 taken 0 (throw)
        2:  424-block  1
call    3 returned 2
        2:  424-block  2
call    4 returned 2
        2:  424-block  3
        -:  425:
        -:  426:// Iterates over a vector of TestSuites, keeping a running sum of the
        -:  427:// results of calling a given int-returning method on each.
        -:  428:// Returns the sum.
function _ZN7testing8internalL20SumOverTestSuiteListERKSt6vectorIPNS_9TestSuiteESaIS3_EEMS2_KFivE called 6 returned 100% blocks executed 91%
        6:  429:static int SumOverTestSuiteList(const std::vector<TestSuite*>& case_list,
        -:  430:                                int (TestSuite::*method)() const) {
        6:  431:  int sum = 0;
       66:  432:  for (size_t i = 0; i < case_list.size(); i++) {
        6:  432-block  0
       66:  432-block  1
call    0 returned 66
branch  1 taken 60
branch  2 taken 6 (fallthrough)
      60*:  433:    sum += (case_list[i]->*method)();
       60:  433-block  0
call    0 returned 60
branch  1 taken 0 (fallthrough)
branch  2 taken 60
    %%%%%:  433-block  1
       60:  433-block  2
       60:  433-block  3
call    3 returned 60
        -:  434:  }
        6:  435:  return sum;
        6:  435-block  0
        -:  436:}
        -:  437:
        -:  438:// Returns true if and only if the test suite passed.
function _ZN7testing8internalL15TestSuitePassedEPKNS_9TestSuiteE called 0 returned 0% blocks executed 0%
    #####:  439:static bool TestSuitePassed(const TestSuite* test_suite) {
    #####:  440:  return test_suite->should_run() && test_suite->Passed();
    %%%%%:  440-block  0
call    0 never executed
branch  1 never executed (fallthrough)
branch  2 never executed
    %%%%%:  440-block  1
call    3 never executed
branch  4 never executed (fallthrough)
branch  5 never executed
    %%%%%:  440-block  2
    %%%%%:  440-block  3
    %%%%%:  440-block  4
        -:  441:}
        -:  442:
        -:  443:// Returns true if and only if the test suite failed.
function _ZN7testing8internalL15TestSuiteFailedEPKNS_9TestSuiteE called 20 returned 100% blocks executed 100%
       20:  444:static bool TestSuiteFailed(const TestSuite* test_suite) {
       20:  445:  return test_suite->should_run() && test_suite->Failed();
       20:  445-block  0
call    0 returned 20
branch  1 taken 20 (fallthrough)
branch  2 taken 0
       20:  445-block  1
call    3 returned 20
branch  4 taken 4 (fallthrough)
branch  5 taken 16
        4:  445-block  2
       16:  445-block  3
       20:  445-block  4
        -:  446:}
        -:  447:
        -:  448:// Returns true if and only if test_suite contains at least one test that
        -:  449:// should run.
function _ZN7testing8internalL18ShouldRunTestSuiteEPKNS_9TestSuiteE called 20 returned 100% blocks executed 100%
       20:  450:static bool ShouldRunTestSuite(const TestSuite* test_suite) {
       20:  451:  return test_suite->should_run();
       20:  451-block  0
call    0 returned 20
        -:  452:}
        -:  453:
        -:  454:namespace {
        -:  455:
        -:  456:// Returns true if test part results of type `type` should include a stack
        -:  457:// trace.
function _ZN7testing8internal12_GLOBAL__N_133ShouldEmitStackTraceForResultTypeENS_14TestPartResult4TypeE called 7 returned 100% blocks executed 83%
        7:  458:bool ShouldEmitStackTraceForResultType(TestPartResult::Type type) {
        -:  459:  // Suppress emission of the stack trace for SUCCEED() since it likely never
        -:  460:  // requires investigation, and GTEST_SKIP() since skipping is an intentional
        -:  461:  // act by the developer rather than a failure requiring investigation.
       7*:  462:  return type != TestPartResult::kSuccess && type != TestPartResult::kSkip;
        7:  462-block  0
branch  0 taken 7 (fallthrough)
branch  1 taken 0
        7:  462-block  1
branch  2 taken 7 (fallthrough)
branch  3 taken 0
        7:  462-block  2
    %%%%%:  462-block  3
        7:  462-block  4
        -:  463:}
        -:  464:
        -:  465:}  // namespace
        -:  466:
        -:  467:// AssertHelper constructor.
function _ZN7testing8internal12AssertHelperC2ENS_14TestPartResult4TypeEPKciS5_ called 7 returned 100% blocks executed 67%
        7:  468:AssertHelper::AssertHelper(TestPartResult::Type type, const char* file,
        7:  469:                           int line, const char* message)
        7:  470:    : data_(new AssertHelperData(type, file, line, message)) {}
        7:  470-block  0
call    0 returned 7
call    1 returned 7
branch  2 taken 7 (fallthrough)
branch  3 taken 0 (throw)
        7:  470-block  1
    $$$$$:  470-block  2
branch  4 never executed (fallthrough)
branch  5 never executed
    $$$$$:  470-block  3
call    6 never executed
        -:  471:
function _ZN7testing8internal12AssertHelperD2Ev called 7 returned 100% blocks executed 100%
        7:  472:AssertHelper::~AssertHelper() { delete data_; }
        7:  472-block  0
branch  0 taken 7 (fallthrough)
branch  1 taken 0
        7:  472-block  1
call    2 returned 7
call    3 returned 7
        -:  473:
        -:  474:// Message assignment, for assertion streaming support.
function _ZNK7testing8internal12AssertHelperaSERKNS_7MessageE called 7 returned 100% blocks executed 46%
        7:  475:void AssertHelper::operator=(const Message& message) const {
        7:  476:  UnitTest::GetInstance()->AddTestPartResult(
        7:  476-block  0
call    0 returned 7
        7:  477:      data_->type, data_->file, data_->line,
        7:  477-block  0
call    0 returned 7
branch  1 taken 7 (fallthrough)
branch  2 taken 0 (throw)
       14:  478:      AppendUserMessage(data_->message, message),
        7:  478-block  0
call    0 returned 7
branch  1 taken 7 (fallthrough)
branch  2 taken 0 (throw)
        7:  478-block  1
call    3 returned 7
    $$$$$:  478-block  2
call    4 never executed
    $$$$$:  478-block  3
        7:  479:      ShouldEmitStackTraceForResultType(data_->type)
call    0 returned 7
      14*:  480:          ? UnitTest::GetInstance()->impl()->CurrentOsStackTraceExceptTop(1)
branch  0 taken 7 (fallthrough)
branch  1 taken 0
        7:  480-block  0
call    2 returned 7
branch  3 taken 7 (fallthrough)
branch  4 taken 0 (throw)
        7:  480-block  1
call    5 returned 7
call    6 returned 7
branch  7 taken 7 (fallthrough)
branch  8 taken 0 (throw)
    %%%%%:  480-block  2
call    9 never executed
branch 10 never executed (fallthrough)
branch 11 never executed (throw)
call   12 returned 7
branch 13 taken 0 (fallthrough)
branch 14 taken 7
    $$$$$:  480-block  3
call   15 never executed
    $$$$$:  480-block  4
branch 16 never executed (fallthrough)
branch 17 never executed
    $$$$$:  480-block  5
        -:  481:          : ""
        -:  482:      // Skips the stack frame for this function itself.
        -:  483:  );  // NOLINT
        7:  484:}
        7:  484-block  0
        -:  485:
        -:  486:namespace {
        -:  487:
        -:  488:// When TEST_P is found without a matching INSTANTIATE_TEST_SUITE_P
        -:  489:// to creates test cases for it, a synthetic test case is
        -:  490:// inserted to report ether an error or a log message.
        -:  491://
        -:  492:// This configuration bit will likely be removed at some point.
        -:  493:constexpr bool kErrorOnUninstantiatedParameterizedTest = true;
        -:  494:constexpr bool kErrorOnUninstantiatedTypeParameterizedTest = true;
        -:  495:
        -:  496:// A test that fails at a given file/line location with a given message.
        -:  497:class FailureTest : public Test {
        -:  498: public:
function _ZN7testing8internal12_GLOBAL__N_111FailureTestC2ERKNS0_12CodeLocationENSt7__cxx1112basic_stringIcSt11char_traitsIcESaIcEEEb called 0 returned 0% blocks executed 0%
    #####:  499:  explicit FailureTest(const CodeLocation& loc, std::string error_message,
        -:  500:                       bool as_error)
    #####:  501:      : loc_(loc),
    #####:  502:        error_message_(std::move(error_message)),
    %%%%%:  502-block  0
call    0 never executed
call    1 never executed
    #####:  503:        as_error_(as_error) {}
    %%%%%:  503-block  0
call    0 never executed
call    1 never executed
branch  2 never executed (fallthrough)
branch  3 never executed (throw)
    $$$$$:  503-block  1
call    4 never executed
        -:  504:
function _ZN7testing8internal12_GLOBAL__N_111FailureTest8TestBodyEv called 0 returned 0% blocks executed 0%
    #####:  505:  void TestBody() override {
    #####:  506:    if (as_error_) {
    %%%%%:  506-block  0
branch  0 never executed (fallthrough)
branch  1 never executed
    #####:  507:      AssertHelper(TestPartResult::kNonFatalFailure, loc_.file.c_str(),
call    0 never executed
branch  1 never executed (fallthrough)
branch  2 never executed (throw)
    %%%%%:  507-block  0
call    3 never executed
    $$$$$:  507-block  1
call    4 never executed
    $$$$$:  507-block  2
    #####:  508:                   loc_.line, "") = Message() << error_message_;
    %%%%%:  508-block  0
call    0 never executed
branch  1 never executed (fallthrough)
branch  2 never executed (throw)
    %%%%%:  508-block  1
call    3 never executed
branch  4 never executed (fallthrough)
branch  5 never executed (throw)
    %%%%%:  508-block  2
call    6 never executed
    %%%%%:  508-block  3
call    7 never executed
branch  8 never executed (fallthrough)
branch  9 never executed (throw)
call   10 never executed
    $$$$$:  508-block  4
call   11 never executed
        -:  509:    } else {
    #####:  510:      std::cout << error_message_ << std::endl;
    %%%%%:  510-block  0
call    0 never executed
call    1 never executed
        -:  511:    }
    #####:  512:  }
    %%%%%:  512-block  0
        -:  513:
        -:  514: private:
        -:  515:  const CodeLocation loc_;
        -:  516:  const std::string error_message_;
        -:  517:  const bool as_error_;
        -:  518:};
        -:  519:
        -:  520:}  // namespace
        -:  521:
function _ZN7testing8internal33GetIgnoredParameterizedTestSuitesB5cxx11Ev called 1 returned 100% blocks executed 100%
        1:  522:std::set<std::string>* GetIgnoredParameterizedTestSuites() {
        1:  523:  return UnitTest::GetInstance()->impl()->ignored_parameterized_test_suites();
        1:  523-block  0
call    0 returned 1
call    1 returned 1
call    2 returned 1
        -:  524:}
        -:  525:
        -:  526:// Add a given test_suit to the list of them allow to go un-instantiated.
function _ZN7testing8internal13MarkAsIgnoredC2EPKc called 0 returned 0% blocks executed 0%
    #####:  527:MarkAsIgnored::MarkAsIgnored(const char* test_suite) {
    #####:  528:  GetIgnoredParameterizedTestSuites()->insert(test_suite);
    %%%%%:  528-block  0
call    0 never executed
branch  1 never executed (fallthrough)
branch  2 never executed (throw)
    %%%%%:  528-block  1
    %%%%%:  528-block  2
call    3 never executed
branch  4 never executed (fallthrough)
branch  5 never executed (throw)
    %%%%%:  528-block  3
call    6 never executed
branch  7 never executed (fallthrough)
branch  8 never executed (throw)
    %%%%%:  528-block  4
call    9 never executed
    $$$$$:  528-block  5
call   10 never executed
    $$$$$:  528-block  6
    $$$$$:  528-block  7
    #####:  529:}
    %%%%%:  529-block  0
        -:  530:
        -:  531:// If this parameterized test suite has no instantiations (and that
        -:  532:// has not been marked as okay), emit a test case reporting that.
function _ZN7testing8internal23InsertSyntheticTestCaseERKNSt7__cxx1112basic_stringIcSt11char_traitsIcESaIcEEENS0_12CodeLocationEb called 0 returned 0% blocks executed 0%
    #####:  533:void InsertSyntheticTestCase(const std::string& name, CodeLocation location,
        -:  534:                             bool has_test_p) {
    #####:  535:  const auto& ignored = *GetIgnoredParameterizedTestSuites();
    %%%%%:  535-block  0
call    0 never executed
branch  1 never executed (fallthrough)
branch  2 never executed (throw)
    #####:  536:  if (ignored.find(name) != ignored.end()) return;
    %%%%%:  536-block  0
call    0 never executed
call    1 never executed
branch  2 never executed (fallthrough)
branch  3 never executed (throw)
    %%%%%:  536-block  1
call    4 never executed
branch  5 never executed (fallthrough)
branch  6 never executed
    %%%%%:  536-block  2
    %%%%%:  536-block  3
    $$$$$:  536-block  4
    $$$$$:  536-block  5
        -:  537:
    #####:  538:  const char kMissingInstantiation[] =  //
        -:  539:      " is defined via TEST_P, but never instantiated. None of the test "
        -:  540:      "cases "
        -:  541:      "will run. Either no INSTANTIATE_TEST_SUITE_P is provided or the only "
        -:  542:      "ones provided expand to nothing."
        -:  543:      "\n\n"
        -:  544:      "Ideally, TEST_P definitions should only ever be included as part of "
        -:  545:      "binaries that intend to use them. (As opposed to, for example, being "
        -:  546:      "placed in a library that may be linked in to get other utilities.)";
        -:  547:
    #####:  548:  const char kMissingTestCase[] =  //
        -:  549:      " is instantiated via INSTANTIATE_TEST_SUITE_P, but no tests are "
        -:  550:      "defined via TEST_P . No test cases will run."
        -:  551:      "\n\n"
        -:  552:      "Ideally, INSTANTIATE_TEST_SUITE_P should only ever be invoked from "
        -:  553:      "code that always depend on code that provides TEST_P. Failing to do "
        -:  554:      "so is often an indication of dead code, e.g. the last TEST_P was "
        -:  555:      "removed but the rest got left behind.";
        -:  556:
        -:  557:  std::string message =
    #####:  558:      "Parameterized test suite " + name +
    %%%%%:  558-block  0
branch  0 never executed (fallthrough)
branch  1 never executed
    %%%%%:  558-block  1
    %%%%%:  558-block  2
    %%%%%:  558-block  3
call    2 never executed
branch  3 never executed (fallthrough)
branch  4 never executed (throw)
    %%%%%:  558-block  4
call    5 never executed
branch  6 never executed (fallthrough)
branch  7 never executed (throw)
call    8 never executed
call    9 never executed
    $$$$$:  558-block  5
call   10 never executed
    $$$$$:  558-block  6
call   11 never executed
    $$$$$:  558-block  7
    $$$$$:  558-block  8
    #####:  559:      (has_test_p ? kMissingInstantiation : kMissingTestCase) +
    %%%%%:  559-block  0
call    0 never executed
branch  1 never executed (fallthrough)
branch  2 never executed (throw)
call    3 never executed
    $$$$$:  559-block  1
call    4 never executed
    $$$$$:  559-block  2
        -:  560:      "\n\n"
        -:  561:      "To suppress this error for this test suite, insert the following line "
        -:  562:      "(in a non-header) in the namespace it is defined in:"
        -:  563:      "\n\n"
    #####:  564:      "GTEST_ALLOW_UNINSTANTIATED_PARAMETERIZED_TEST(" +
    %%%%%:  564-block  0
call    0 never executed
branch  1 never executed (fallthrough)
branch  2 never executed (throw)
    %%%%%:  564-block  1
call    3 never executed
    $$$$$:  564-block  2
call    4 never executed
    $$$$$:  564-block  3
    #####:  565:      name + ");";
    %%%%%:  565-block  0
call    0 never executed
branch  1 never executed (fallthrough)
branch  2 never executed (throw)
        -:  566:
    #####:  567:  std::string full_name = "UninstantiatedParameterizedTestSuite<" + name + ">";
call    0 never executed
branch  1 never executed (fallthrough)
branch  2 never executed (throw)
    %%%%%:  567-block  0
call    3 never executed
branch  4 never executed (fallthrough)
branch  5 never executed (throw)
    %%%%%:  567-block  1
call    6 never executed
    $$$$$:  567-block  2
call    7 never executed
    $$$$$:  567-block  3
    #####:  568:  RegisterTest(  //
call    0 never executed
call    1 never executed
branch  2 never executed (fallthrough)
branch  3 never executed (throw)
        -:  569:      "GoogleTestVerification", full_name.c_str(),
        -:  570:      nullptr,  // No type parameter.
        -:  571:      nullptr,  // No value parameter.
function _ZZN7testing8internal23InsertSyntheticTestCaseERKNSt7__cxx1112basic_stringIcSt11char_traitsIcESaIcEEENS0_12CodeLocationEbENKUlvE_clEv called 0 returned 0% blocks executed 0%
    #####:  572:      location.file.c_str(), location.line, [message, location] {
call    0 never executed
branch  1 never executed (fallthrough)
branch  2 never executed (throw)
    %%%%%:  572-block  0
call    3 never executed
branch  4 never executed (fallthrough)
branch  5 never executed (throw)
    %%%%%:  572-block  1
call    6 never executed
    %%%%%:  572-block  2
call    7 never executed
    $$$$$:  572-block  3
call    8 never executed
    $$$$$:  572-block  4
branch  9 never executed (fallthrough)
branch 10 never executed
    $$$$$:  572-block  5
call   11 never executed
    $$$$$:  572-block  6
    #####:  573:        return new FailureTest(location, message,
    #####:  574:                               kErrorOnUninstantiatedParameterizedTest);
    %%%%%:  574-block  0
call    0 never executed
call    1 never executed
branch  2 never executed (fallthrough)
branch  3 never executed (throw)
    %%%%%:  574-block  1
call    4 never executed
branch  5 never executed (fallthrough)
branch  6 never executed (throw)
    %%%%%:  574-block  2
    %%%%%:  574-block  3
call    7 never executed
    %%%%%:  574-block  4
    $$$$$:  574-block  5
call    8 never executed
    $$$$$:  574-block  6
    $$$$$:  574-block  7
branch  9 never executed (fallthrough)
branch 10 never executed
    $$$$$:  574-block  8
call   11 never executed
        -:  575:      });
    #####:  576:}
call    0 never executed
call    1 never executed
    $$$$$:  576-block  0
call    2 never executed
    $$$$$:  576-block  1
call    3 never executed
        -:  577:
function _ZN7testing8internal34RegisterTypeParameterizedTestSuiteEPKcNS0_12CodeLocationE called 0 returned 0% blocks executed 0%
    #####:  578:void RegisterTypeParameterizedTestSuite(const char* test_suite_name,
        -:  579:                                        CodeLocation code_location) {
    #####:  580:  GetUnitTestImpl()->type_parameterized_test_registry().RegisterTestSuite(
    %%%%%:  580-block  0
call    0 never executed
call    1 never executed
call    2 never executed
branch  3 never executed (fallthrough)
branch  4 never executed (throw)
    %%%%%:  580-block  1
call    5 never executed
branch  6 never executed (fallthrough)
branch  7 never executed (throw)
    %%%%%:  580-block  2
call    8 never executed
    $$$$$:  580-block  3
call    9 never executed
        -:  581:      test_suite_name, code_location);
    #####:  582:}
        -:  583:
function _ZN7testing8internal47RegisterTypeParameterizedTestSuiteInstantiationEPKc called 0 returned 0% blocks executed 0%
    #####:  584:void RegisterTypeParameterizedTestSuiteInstantiation(const char* case_name) {
    #####:  585:  GetUnitTestImpl()->type_parameterized_test_registry().RegisterInstantiation(
    %%%%%:  585-block  0
call    0 never executed
call    1 never executed
call    2 never executed
        -:  586:      case_name);
    #####:  587:}
        -:  588:
function _ZN7testing8internal34TypeParameterizedTestSuiteRegistry17RegisterTestSuiteEPKcNS0_12CodeLocationE called 0 returned 0% blocks executed 0%
    #####:  589:void TypeParameterizedTestSuiteRegistry::RegisterTestSuite(
        -:  590:    const char* test_suite_name, CodeLocation code_location) {
    #####:  591:  suites_.emplace(std::string(test_suite_name),
    %%%%%:  591-block  0
call    0 never executed
branch  1 never executed (fallthrough)
branch  2 never executed (throw)
    %%%%%:  591-block  1
call    3 never executed
branch  4 never executed (fallthrough)
branch  5 never executed (throw)
    %%%%%:  591-block  2
call    6 never executed
    $$$$$:  591-block  3
call    7 never executed
    $$$$$:  591-block  4
    $$$$$:  591-block  5
    #####:  592:                  TypeParameterizedTestSuiteInfo(code_location));
    %%%%%:  592-block  0
call    0 never executed
branch  1 never executed (fallthrough)
branch  2 never executed (throw)
    %%%%%:  592-block  1
call    3 never executed
branch  4 never executed (fallthrough)
branch  5 never executed (throw)
    %%%%%:  592-block  2
call    6 never executed
call    7 never executed
    $$$$$:  592-block  3
call    8 never executed
    $$$$$:  592-block  4
call    9 never executed
    $$$$$:  592-block  5
    $$$$$:  592-block  6
    #####:  593:}
        -:  594:
function _ZN7testing8internal34TypeParameterizedTestSuiteRegistry21RegisterInstantiationEPKc called 0 returned 0% blocks executed 0%
    #####:  595:void TypeParameterizedTestSuiteRegistry::RegisterInstantiation(
        -:  596:    const char* test_suite_name) {
    #####:  597:  auto it = suites_.find(std::string(test_suite_name));
    %%%%%:  597-block  0
    %%%%%:  597-block  1
call    0 never executed
branch  1 never executed (fallthrough)
branch  2 never executed (throw)
    %%%%%:  597-block  2
call    3 never executed
branch  4 never executed (fallthrough)
branch  5 never executed (throw)
    %%%%%:  597-block  3
call    6 never executed
    $$$$$:  597-block  4
call    7 never executed
    $$$$$:  597-block  5
    $$$$$:  597-block  6
    #####:  598:  if (it != suites_.end()) {
    %%%%%:  598-block  0
call    0 never executed
call    1 never executed
branch  2 never executed (fallthrough)
branch  3 never executed
    #####:  599:    it->second.instantiated = true;
    %%%%%:  599-block  0
call    0 never executed
        -:  600:  } else {
    #####:  601:    GTEST_LOG_(ERROR) << "Unknown type parameterized test suit '"
    %%%%%:  601-block  0
call    0 never executed
branch  1 never executed (fallthrough)
branch  2 never executed (throw)
    %%%%%:  601-block  1
call    3 never executed
    %%%%%:  601-block  2
call    4 never executed
    $$$$$:  601-block  3
call    5 never executed
    $$$$$:  601-block  4
    #####:  602:                      << test_suite_name << "'";
call    0 never executed
branch  1 never executed (fallthrough)
branch  2 never executed (throw)
    %%%%%:  602-block  0
call    3 never executed
branch  4 never executed (fallthrough)
branch  5 never executed (throw)
    %%%%%:  602-block  1
call    6 never executed
branch  7 never executed (fallthrough)
branch  8 never executed (throw)
        -:  603:  }
    #####:  604:}
    %%%%%:  604-block  0
        -:  605:
function _ZN7testing8internal34TypeParameterizedTestSuiteRegistry22CheckForInstantiationsEv called 1 returned 100% blocks executed 11%
        1:  606:void TypeParameterizedTestSuiteRegistry::CheckForInstantiations() {
        1:  607:  const auto& ignored = *GetIgnoredParameterizedTestSuites();
        1:  607-block  0
call    0 returned 1
       1*:  608:  for (const auto& testcase : suites_) {
call    0 returned 1
call    1 returned 1
    %%%%%:  608-block  0
call    2 never executed
    %%%%%:  608-block  1
call    3 never executed
        1:  608-block  2
call    4 returned 1
branch  5 taken 0
branch  6 taken 1 (fallthrough)
    #####:  609:    if (testcase.second.instantiated) continue;
branch  0 never executed (fallthrough)
branch  1 never executed
    %%%%%:  609-block  0
    %%%%%:  609-block  1
    #####:  610:    if (ignored.find(testcase.first) != ignored.end()) continue;
    %%%%%:  610-block  0
call    0 never executed
call    1 never executed
branch  2 never executed (fallthrough)
branch  3 never executed (throw)
    %%%%%:  610-block  1
call    4 never executed
branch  5 never executed (fallthrough)
branch  6 never executed
    %%%%%:  610-block  2
    $$$$$:  610-block  3
    $$$$$:  610-block  4
        -:  611:
        -:  612:    std::string message =
    #####:  613:        "Type parameterized test suite " + testcase.first +
    %%%%%:  613-block  0
call    0 never executed
branch  1 never executed (fallthrough)
branch  2 never executed (throw)
call    3 never executed
call    4 never executed
    $$$$$:  613-block  1
call    5 never executed
    $$$$$:  613-block  2
call    6 never executed
    $$$$$:  613-block  3
    $$$$$:  613-block  4
        -:  614:        " is defined via REGISTER_TYPED_TEST_SUITE_P, but never instantiated "
        -:  615:        "via INSTANTIATE_TYPED_TEST_SUITE_P. None of the test cases will run."
        -:  616:        "\n\n"
        -:  617:        "Ideally, TYPED_TEST_P definitions should only ever be included as "
        -:  618:        "part of binaries that intend to use them. (As opposed to, for "
        -:  619:        "example, being placed in a library that may be linked in to get "
        -:  620:        "other "
        -:  621:        "utilities.)"
        -:  622:        "\n\n"
        -:  623:        "To suppress this error for this test suite, insert the following "
        -:  624:        "line "
        -:  625:        "(in a non-header) in the namespace it is defined in:"
        -:  626:        "\n\n"
    #####:  627:        "GTEST_ALLOW_UNINSTANTIATED_PARAMETERIZED_TEST(" +
    %%%%%:  627-block  0
call    0 never executed
branch  1 never executed (fallthrough)
branch  2 never executed (throw)
    %%%%%:  627-block  1
call    3 never executed
    $$$$$:  627-block  2
call    4 never executed
    $$$$$:  627-block  3
    #####:  628:        testcase.first + ");";
    %%%%%:  628-block  0
call    0 never executed
branch  1 never executed (fallthrough)
branch  2 never executed (throw)
    %%%%%:  628-block  1
call    3 never executed
branch  4 never executed (fallthrough)
branch  5 never executed (throw)
        -:  629:
        -:  630:    std::string full_name =
    #####:  631:        "UninstantiatedTypeParameterizedTestSuite<" + testcase.first + ">";
call    0 never executed
branch  1 never executed (fallthrough)
branch  2 never executed (throw)
    %%%%%:  631-block  0
call    3 never executed
branch  4 never executed (fallthrough)
branch  5 never executed (throw)
    %%%%%:  631-block  1
call    6 never executed
    $$$$$:  631-block  2
call    7 never executed
    $$$$$:  631-block  3
    #####:  632:    RegisterTest(  //
call    0 never executed
call    1 never executed
branch  2 never executed (fallthrough)
branch  3 never executed (throw)
        -:  633:        "GoogleTestVerification", full_name.c_str(),
        -:  634:        nullptr,  // No type parameter.
        -:  635:        nullptr,  // No value parameter.
        -:  636:        testcase.second.code_location.file.c_str(),
function _ZZN7testing8internal34TypeParameterizedTestSuiteRegistry22CheckForInstantiationsEvENKUlvE_clEv called 0 returned 0% blocks executed 0%
    #####:  637:        testcase.second.code_location.line, [message, testcase] {
call    0 never executed
branch  1 never executed (fallthrough)
branch  2 never executed (throw)
    %%%%%:  637-block  0
call    3 never executed
branch  4 never executed (fallthrough)
branch  5 never executed (throw)
    %%%%%:  637-block  1
call    6 never executed
    %%%%%:  637-block  2
call    7 never executed
    $$$$$:  637-block  3
call    8 never executed
    $$$$$:  637-block  4
branch  9 never executed (fallthrough)
branch 10 never executed
    $$$$$:  637-block  5
call   11 never executed
    $$$$$:  637-block  6
    #####:  638:          return new FailureTest(testcase.second.code_location, message,
    #####:  639:                                 kErrorOnUninstantiatedTypeParameterizedTest);
    %%%%%:  639-block  0
call    0 never executed
call    1 never executed
branch  2 never executed (fallthrough)
branch  3 never executed (throw)
    %%%%%:  639-block  1
call    4 never executed
branch  5 never executed (fallthrough)
branch  6 never executed (throw)
    %%%%%:  639-block  2
    %%%%%:  639-block  3
call    7 never executed
    %%%%%:  639-block  4
    $$$$$:  639-block  5
call    8 never executed
    $$$$$:  639-block  6
    $$$$$:  639-block  7
branch  9 never executed (fallthrough)
branch 10 never executed
    $$$$$:  639-block  8
call   11 never executed
        -:  640:        });
    #####:  641:  }
call    0 never executed
call    1 never executed
    $$$$$:  641-block  0
call    2 never executed
    $$$$$:  641-block  1
call    3 never executed
        1:  642:}
        1:  642-block  0
        -:  643:
        -:  644:// A copy of all command line arguments.  Set by InitGoogleTest().
        -:  645:static ::std::vector<std::string> g_argvs;
        -:  646:
function _ZN7testing8internal8GetArgvsB5cxx11Ev called 2 returned 100% blocks executed 100%
        2:  647:::std::vector<std::string> GetArgvs() {
        -:  648:#if defined(GTEST_CUSTOM_GET_ARGVS_)
        -:  649:  // GTEST_CUSTOM_GET_ARGVS_() may return a container of std::string or
        -:  650:  // ::string. This code converts it to the appropriate type.
        -:  651:  const auto& custom = GTEST_CUSTOM_GET_ARGVS_();
        -:  652:  return ::std::vector<std::string>(custom.begin(), custom.end());
        -:  653:#else   // defined(GTEST_CUSTOM_GET_ARGVS_)
        2:  654:  return g_argvs;
        2:  654-block  0
call    0 returned 2
        -:  655:#endif  // defined(GTEST_CUSTOM_GET_ARGVS_)
        -:  656:}
        -:  657:
        -:  658:#if GTEST_HAS_FILE_SYSTEM
        -:  659:// Returns the current application's name, removing directory path if that
        -:  660:// is present.
function _ZN7testing8internal24GetCurrentExecutableNameEv called 0 returned 0% blocks executed 0%
    #####:  661:FilePath GetCurrentExecutableName() {
    #####:  662:  FilePath result;
    %%%%%:  662-block  0
call    0 never executed
branch  1 never executed (fallthrough)
branch  2 never executed (throw)
        -:  663:
        -:  664:#if defined(GTEST_OS_WINDOWS) || defined(GTEST_OS_OS2)
    #####:  665:  result.Set(FilePath(GetArgvs()[0]).RemoveExtension("exe"));
    %%%%%:  665-block  0
call    0 never executed
branch  1 never executed (fallthrough)
branch  2 never executed (throw)
    %%%%%:  665-block  1
call    3 never executed
call    4 never executed
branch  5 never executed (fallthrough)
branch  6 never executed (throw)
    %%%%%:  665-block  2
call    7 never executed
branch  8 never executed (fallthrough)
branch  9 never executed (throw)
    %%%%%:  665-block  3
call   10 never executed
branch 11 never executed (fallthrough)
branch 12 never executed (throw)
    %%%%%:  665-block  4
call   13 never executed
call   14 never executed
call   15 never executed
    $$$$$:  665-block  5
call   16 never executed
    $$$$$:  665-block  6
call   17 never executed
    $$$$$:  665-block  7
call   18 never executed
    $$$$$:  665-block  8
    $$$$$:  665-block  9
    $$$$$:  665-block 10
        -:  666:#else
        -:  667:  result.Set(FilePath(GetArgvs()[0]));
        -:  668:#endif  // GTEST_OS_WINDOWS
        -:  669:
    #####:  670:  return result.RemoveDirectoryName();
call    0 never executed
branch  1 never executed (fallthrough)
branch  2 never executed (throw)
    %%%%%:  670-block  0
    #####:  671:}
    %%%%%:  671-block  0
call    0 never executed
    $$$$$:  671-block  1
call    1 never executed
        -:  672:#endif  // GTEST_HAS_FILE_SYSTEM
        -:  673:
        -:  674:// Functions for processing the gtest_output flag.
        -:  675:
        -:  676:// Returns the output format, or "" for normal printed output.
function _ZN7testing8internal15UnitTestOptions15GetOutputFormatB5cxx11Ev called 1 returned 100% blocks executed 45%
        1:  677:std::string UnitTestOptions::GetOutputFormat() {
        1:  678:  std::string s = GTEST_FLAG_GET(output);
        1:  678-block  0
call    0 returned 1
branch  1 taken 1 (fallthrough)
branch  2 taken 0 (throw)
        1:  679:  const char* const gtest_output_flag = s.c_str();
        1:  679-block  0
call    0 returned 1
        1:  680:  const char* const colon = strchr(gtest_output_flag, ':');
        -:  681:  return (colon == nullptr)
        1:  682:             ? std::string(gtest_output_flag)
        -:  683:             : std::string(gtest_output_flag,
       3*:  684:                           static_cast<size_t>(colon - gtest_output_flag));
branch  0 taken 1 (fallthrough)
branch  1 taken 0
        1:  684-block  0
call    2 returned 1
branch  3 taken 1 (fallthrough)
branch  4 taken 0 (throw)
    %%%%%:  684-block  1
call    5 never executed
branch  6 never executed (fallthrough)
branch  7 never executed (throw)
        1:  684-block  2
branch  8 taken 0 (fallthrough)
branch  9 taken 1
        1:  684-block  3
branch 10 taken 1 (fallthrough)
branch 11 taken 0
        1:  684-block  4
    $$$$$:  684-block  5
branch 12 never executed (fallthrough)
branch 13 never executed
    $$$$$:  684-block  6
    $$$$$:  684-block  7
branch 14 never executed (fallthrough)
branch 15 never executed
    $$$$$:  684-block  8
        1:  685:}
        1:  685-block  0
call    0 returned 1
    $$$$$:  685-block  1
call    1 never executed
        -:  686:
        -:  687:#if GTEST_HAS_FILE_SYSTEM
        -:  688:// Returns the name of the requested output file, or the default if none
        -:  689:// was explicitly specified.
function _ZN7testing8internal15UnitTestOptions27GetAbsolutePathToOutputFileB5cxx11Ev called 0 returned 0% blocks executed 0%
    #####:  690:std::string UnitTestOptions::GetAbsolutePathToOutputFile() {
    #####:  691:  std::string s = GTEST_FLAG_GET(output);
    %%%%%:  691-block  0
call    0 never executed
branch  1 never executed (fallthrough)
branch  2 never executed (throw)
    #####:  692:  const char* const gtest_output_flag = s.c_str();
    %%%%%:  692-block  0
call    0 never executed
        -:  693:
    #####:  694:  std::string format = GetOutputFormat();
call    0 never executed
branch  1 never executed (fallthrough)
branch  2 never executed (throw)
    #####:  695:  if (format.empty()) format = std::string(kDefaultOutputFormat);
    %%%%%:  695-block  0
call    0 never executed
branch  1 never executed (fallthrough)
branch  2 never executed
    %%%%%:  695-block  1
call    3 never executed
branch  4 never executed (fallthrough)
branch  5 never executed (throw)
    %%%%%:  695-block  2
call    6 never executed
call    7 never executed
    %%%%%:  695-block  3
    $$$$$:  695-block  4
    $$$$$:  695-block  5
        -:  696:
    #####:  697:  const char* const colon = strchr(gtest_output_flag, ':');
    #####:  698:  if (colon == nullptr)
    %%%%%:  698-block  0
branch  0 never executed (fallthrough)
branch  1 never executed
    #####:  699:    return internal::FilePath::MakeFileName(
    %%%%%:  699-block  0
call    0 never executed
    %%%%%:  699-block  1
call    1 never executed
branch  2 never executed (fallthrough)
branch  3 never executed (throw)
    %%%%%:  699-block  2
call    4 never executed
    $$$$$:  699-block  3
call    5 never executed
    $$$$$:  699-block  4
    #####:  700:               internal::FilePath(
    %%%%%:  700-block  0
call    0 never executed
branch  1 never executed (fallthrough)
branch  2 never executed (throw)
    %%%%%:  700-block  1
call    3 never executed
call    4 never executed
branch  5 never executed (fallthrough)
branch  6 never executed (throw)
    %%%%%:  700-block  2
call    7 never executed
branch  8 never executed (fallthrough)
branch  9 never executed (throw)
call   10 never executed
call   11 never executed
    $$$$$:  700-block  3
call   12 never executed
    $$$$$:  700-block  4
call   13 never executed
    $$$$$:  700-block  5
    $$$$$:  700-block  6
    $$$$$:  700-block  7
        -:  701:                   UnitTest::GetInstance()->original_working_dir()),
    #####:  702:               internal::FilePath(kDefaultOutputFile), 0, format.c_str())
    %%%%%:  702-block  0
call    0 never executed
branch  1 never executed (fallthrough)
branch  2 never executed (throw)
    %%%%%:  702-block  1
call    3 never executed
branch  4 never executed (fallthrough)
branch  5 never executed (throw)
    %%%%%:  702-block  2
call    6 never executed
call    7 never executed
    %%%%%:  702-block  3
    $$$$$:  702-block  4
call    8 never executed
    $$$$$:  702-block  5
call    9 never executed
    $$$$$:  702-block  6
    $$$$$:  702-block  7
    $$$$$:  702-block  8
    #####:  703:        .string();
    %%%%%:  703-block  0
call    0 never executed
call    1 never executed
branch  2 never executed (fallthrough)
branch  3 never executed (throw)
    %%%%%:  703-block  1
        -:  704:
    #####:  705:  internal::FilePath output_name(colon + 1);
    %%%%%:  705-block  0
call    0 never executed
branch  1 never executed (fallthrough)
branch  2 never executed (throw)
    %%%%%:  705-block  1
call    3 never executed
branch  4 never executed (fallthrough)
branch  5 never executed (throw)
    %%%%%:  705-block  2
call    6 never executed
    $$$$$:  705-block  3
call    7 never executed
    $$$$$:  705-block  4
    $$$$$:  705-block  5
    #####:  706:  if (!output_name.IsAbsolutePath())
    %%%%%:  706-block  0
call    0 never executed
branch  1 never executed (fallthrough)
branch  2 never executed
    #####:  707:    output_name = internal::FilePath::ConcatPaths(
    %%%%%:  707-block  0
call    0 never executed
branch  1 never executed (fallthrough)
branch  2 never executed (throw)
    %%%%%:  707-block  1
call    3 never executed
    $$$$$:  707-block  2
call    4 never executed
    $$$$$:  707-block  3
    #####:  708:        internal::FilePath(UnitTest::GetInstance()->original_working_dir()),
    %%%%%:  708-block  0
call    0 never executed
branch  1 never executed (fallthrough)
branch  2 never executed (throw)
    %%%%%:  708-block  1
call    3 never executed
call    4 never executed
branch  5 never executed (fallthrough)
branch  6 never executed (throw)
    %%%%%:  708-block  2
call    7 never executed
branch  8 never executed (fallthrough)
branch  9 never executed (throw)
call   10 never executed
call   11 never executed
    $$$$$:  708-block  3
call   12 never executed
    $$$$$:  708-block  4
call   13 never executed
    $$$$$:  708-block  5
    $$$$$:  708-block  6
    $$$$$:  708-block  7
    #####:  709:        internal::FilePath(colon + 1));
    %%%%%:  709-block  0
call    0 never executed
branch  1 never executed (fallthrough)
branch  2 never executed (throw)
    %%%%%:  709-block  1
call    3 never executed
branch  4 never executed (fallthrough)
branch  5 never executed (throw)
    %%%%%:  709-block  2
call    6 never executed
branch  7 never executed (fallthrough)
branch  8 never executed (throw)
    %%%%%:  709-block  3
call    9 never executed
call   10 never executed
    %%%%%:  709-block  4
    $$$$$:  709-block  5
call   11 never executed
    $$$$$:  709-block  6
call   12 never executed
    $$$$$:  709-block  7
    $$$$$:  709-block  8
    $$$$$:  709-block  9
        -:  710:
    #####:  711:  if (!output_name.IsDirectory()) return output_name.string();
    %%%%%:  711-block  0
call    0 never executed
branch  1 never executed (fallthrough)
branch  2 never executed
    %%%%%:  711-block  1
call    3 never executed
call    4 never executed
branch  5 never executed (fallthrough)
branch  6 never executed (throw)
    %%%%%:  711-block  2
        -:  712:
        -:  713:  internal::FilePath result(internal::FilePath::GenerateUniqueFileName(
    #####:  714:      output_name, internal::GetCurrentExecutableName(),
call    0 never executed
branch  1 never executed (fallthrough)
branch  2 never executed (throw)
    %%%%%:  714-block  0
call    3 never executed
    $$$$$:  714-block  1
call    4 never executed
    $$$$$:  714-block  2
    #####:  715:      GetOutputFormat().c_str()));
    %%%%%:  715-block  0
call    0 never executed
branch  1 never executed (fallthrough)
branch  2 never executed (throw)
    %%%%%:  715-block  1
call    3 never executed
    %%%%%:  715-block  2
call    4 never executed
branch  5 never executed (fallthrough)
branch  6 never executed (throw)
call    7 never executed
    $$$$$:  715-block  3
call    8 never executed
    $$$$$:  715-block  4
    #####:  716:  return result.string();
call    0 never executed
call    1 never executed
branch  2 never executed (fallthrough)
branch  3 never executed (throw)
    %%%%%:  716-block  0
    #####:  717:}
    %%%%%:  717-block  0
call    0 never executed
    %%%%%:  717-block  1
call    1 never executed
    %%%%%:  717-block  2
call    2 never executed
call    3 never executed
    $$$$$:  717-block  3
call    4 never executed
    $$$$$:  717-block  4
call    5 never executed
    $$$$$:  717-block  5
call    6 never executed
    $$$$$:  717-block  6
call    7 never executed
        -:  718:#endif  // GTEST_HAS_FILE_SYSTEM
        -:  719:
        -:  720:// Returns true if and only if the wildcard pattern matches the string. Each
        -:  721:// pattern consists of regular characters, single-character wildcards (?), and
        -:  722:// multi-character wildcards (*).
        -:  723://
        -:  724:// This function implements a linear-time string globbing algorithm based on
        -:  725:// https://research.swtch.com/glob.
function _ZN7testing8internalL20PatternMatchesStringERKNSt7__cxx1112basic_stringIcSt11char_traitsIcESaIcEEEPKcSA_ called 235 returned 100% blocks executed 87%
      235:  726:static bool PatternMatchesString(const std::string& name_str,
        -:  727:                                 const char* pattern, const char* pattern_end) {
      235:  728:  const char* name = name_str.c_str();
      235:  728-block  0
call    0 returned 235
      235:  729:  const char* const name_begin = name;
      235:  730:  const char* const name_end = name + name_str.size();
call    0 returned 235
        -:  731:
      235:  732:  const char* pattern_next = pattern;
      235:  733:  const char* name_next = name;
        -:  734:
     2415:  735:  while (pattern < pattern_end || name < name_end) {
     2415:  735-block  0
branch  0 taken 1895
branch  1 taken 520 (fallthrough)
      520:  735-block  1
branch  2 taken 477
branch  3 taken 43 (fallthrough)
     2372:  736:    if (pattern < pattern_end) {
     2372:  736-block  0
branch  0 taken 1895 (fallthrough)
branch  1 taken 477
     1895:  737:      switch (*pattern) {
     1895:  737-block  0
branch  0 taken 739
branch  1 taken 0
branch  2 taken 1156
      739:  738:        default:  // Match an ordinary character.
      739:  739:          if (name < name_end && *name == *pattern) {
      739:  739-block  0
branch  0 taken 633 (fallthrough)
branch  1 taken 106
      633:  739-block  1
branch  2 taken 17 (fallthrough)
branch  3 taken 616
       17:  740:            ++pattern;
       17:  741:            ++name;
       17:  742:            continue;
       17:  742-block  0
        -:  743:          }
      722:  744:          break;
      722:  744-block  0
    #####:  745:        case '?':  // Match any single character.
    #####:  746:          if (name < name_end) {
    %%%%%:  746-block  0
branch  0 never executed (fallthrough)
branch  1 never executed
    #####:  747:            ++pattern;
    #####:  748:            ++name;
    #####:  749:            continue;
    %%%%%:  749-block  0
        -:  750:          }
    #####:  751:          break;
    %%%%%:  751-block  0
     1156:  752:        case '*':
        -:  753:          // Match zero or more characters. Start by skipping over the wildcard
        -:  754:          // and matching zero characters from name. If that fails, restart and
        -:  755:          // match one more character than the last attempt.
     1156:  756:          pattern_next = pattern;
     1156:  757:          name_next = name + 1;
     1156:  758:          ++pattern;
     1156:  759:          continue;
     1156:  759-block  0
        -:  760:      }
        -:  761:    }
        -:  762:    // Failed to match a character. Restart if possible.
     1199:  763:    if (name_begin < name_next && name_next <= name_end) {
     1199:  763-block  0
branch  0 taken 1113 (fallthrough)
branch  1 taken 86
     1113:  763-block  1
branch  2 taken 1007 (fallthrough)
branch  3 taken 106
     1007:  764:      pattern = pattern_next;
     1007:  765:      name = name_next;
     1007:  766:      continue;
     1007:  766-block  0
        -:  767:    }
      192:  768:    return false;
      192:  768-block  0
        -:  769:  }
       43:  770:  return true;
       43:  770-block  0
        -:  771:}
        -:  772:
        -:  773:namespace {
        -:  774:
function _ZN7testing8internal12_GLOBAL__N_113IsGlobPatternERKNSt7__cxx1112basic_stringIcSt11char_traitsIcESaIcEEE called 23 returned 100% blocks executed 100%
       23:  775:bool IsGlobPattern(const std::string& pattern) {
       23:  776:  return std::any_of(pattern.begin(), pattern.end(),
       23:  776-block  0
call    0 returned 23
call    1 returned 23
call    2 returned 23
function _ZZN7testing8internal12_GLOBAL__N_113IsGlobPatternERKNSt7__cxx1112basic_stringIcSt11char_traitsIcESaIcEEEENKUlcE_clEc called 32 returned 100% blocks executed 100%
       55:  777:                     [](const char c) { return c == '?' || c == '*'; });
       32:  777-block  0
branch  0 taken 32 (fallthrough)
branch  1 taken 0
       32:  777-block  1
branch  2 taken 23 (fallthrough)
branch  3 taken 9
       23:  777-block  2
        9:  777-block  3
       32:  777-block  4
        -:  778:}
        -:  779:
        -:  780:class UnitTestFilter {
        -:  781: public:
function _ZN7testing8internal12_GLOBAL__N_114UnitTestFilterC2Ev called 2 returned 100% blocks executed 100%
        2:  782:  UnitTestFilter() = default;
        2:  782-block  0
call    0 returned 2
call    1 returned 2
        -:  783:
        -:  784:  // Constructs a filter from a string of patterns separated by `:`.
function _ZN7testing8internal12_GLOBAL__N_114UnitTestFilterC2ERKNSt7__cxx1112basic_stringIcSt11char_traitsIcESaIcEEE called 12 returned 100% blocks executed 76%
       12:  785:  explicit UnitTestFilter(const std::string& filter) {
       12:  785-block  0
call    0 returned 12
call    1 returned 12
        -:  786:    // By design "" filter matches "" string.
       12:  787:    std::vector<std::string> all_patterns;
       12:  788:    SplitString(filter, ':', &all_patterns);
call    0 returned 12
branch  1 taken 12 (fallthrough)
branch  2 taken 0 (throw)
       12:  789:    const auto exact_match_patterns_begin = std::partition(
       12:  789-block  0
call    0 returned 12
call    1 returned 12
call    2 returned 12
branch  3 taken 12 (fallthrough)
branch  4 taken 0 (throw)
        -:  790:        all_patterns.begin(), all_patterns.end(), &IsGlobPattern);
        -:  791:
       24:  792:    glob_patterns_.reserve(static_cast<size_t>(
       24:  793:        std::distance(all_patterns.begin(), exact_match_patterns_begin)));
       12:  793-block  0
call    0 returned 12
       12:  793-block  1
call    1 returned 12
branch  2 taken 12 (fallthrough)
branch  3 taken 0 (throw)
       24:  794:    std::move(all_patterns.begin(), exact_match_patterns_begin,
       12:  794-block  0
call    0 returned 12
       12:  794-block  1
call    1 returned 12
call    2 returned 12
branch  3 taken 12 (fallthrough)
branch  4 taken 0 (throw)
    $$$$$:  794-block  2
       12:  795:              std::inserter(glob_patterns_, glob_patterns_.begin()));
call    0 returned 12
branch  1 taken 12 (fallthrough)
branch  2 taken 0 (throw)
       24:  796:    std::move(
       12:  796-block  0
call    0 returned 12
       12:  796-block  1
call    1 returned 12
call    2 returned 12
branch  3 taken 12 (fallthrough)
branch  4 taken 0 (throw)
    $$$$$:  796-block  2
        -:  797:        exact_match_patterns_begin, all_patterns.end(),
       12:  798:        std::inserter(exact_match_patterns_, exact_match_patterns_.begin()));
call    0 returned 12
branch  1 taken 12 (fallthrough)
branch  2 taken 0 (throw)
       12:  799:  }
       12:  799-block  0
call    0 returned 12
    $$$$$:  799-block  1
call    1 never executed
    $$$$$:  799-block  2
call    2 never executed
    $$$$$:  799-block  3
call    3 never executed
        -:  800:
        -:  801:  // Returns true if and only if name matches at least one of the patterns in
        -:  802:  // the filter.
function _ZNK7testing8internal12_GLOBAL__N_114UnitTestFilter11MatchesNameERKNSt7__cxx1112basic_stringIcSt11char_traitsIcESaIcEEE called 182 returned 100% blocks executed 100%
      182:  803:  bool MatchesName(const std::string& name) const {
      364:  804:    return exact_match_patterns_.count(name) > 0 ||
      182:  804-block  0
call    0 returned 182
branch  1 taken 182 (fallthrough)
branch  2 taken 0
       43:  804-block  1
      139:  804-block  2
      182:  805:           std::any_of(glob_patterns_.begin(), glob_patterns_.end(),
      182:  805-block  0
call    0 returned 182
call    1 returned 182
call    2 returned 182
branch  3 taken 43 (fallthrough)
branch  4 taken 139
function _ZZNK7testing8internal12_GLOBAL__N_114UnitTestFilter11MatchesNameERKNSt7__cxx1112basic_stringIcSt11char_traitsIcESaIcEEEENKUlSA_E_clESA_ called 235 returned 100% blocks executed 100%
      235:  806:                       [&name](const std::string& pattern) {
      235:  807:                         return PatternMatchesString(
call    0 returned 235
call    1 returned 235
        -:  808:                             name, pattern.c_str(),
      470:  809:                             pattern.c_str() + pattern.size());
      235:  809-block  0
call    0 returned 235
call    1 returned 235
      182:  810:                       });
      182:  810-block  0
        -:  811:  }
        -:  812:
        -:  813: private:
        -:  814:  std::vector<std::string> glob_patterns_;
        -:  815:  std::unordered_set<std::string> exact_match_patterns_;
        -:  816:};
        -:  817:
        -:  818:class PositiveAndNegativeUnitTestFilter {
        -:  819: public:
        -:  820:  // Constructs a positive and a negative filter from a string. The string
        -:  821:  // contains a positive filter optionally followed by a '-' character and a
        -:  822:  // negative filter. In case only a negative filter is provided the positive
        -:  823:  // filter will be assumed "*".
        -:  824:  // A filter is a list of patterns separated by ':'.
function _ZN7testing8internal12_GLOBAL__N_133PositiveAndNegativeUnitTestFilterC2ERKNSt7__cxx1112basic_stringIcSt11char_traitsIcESaIcEEE called 1 returned 100% blocks executed 19%
        1:  825:  explicit PositiveAndNegativeUnitTestFilter(const std::string& filter) {
        1:  825-block  0
call    0 returned 1
call    1 returned 1
        1:  826:    std::vector<std::string> positive_and_negative_filters;
        -:  827:
        -:  828:    // NOTE: `SplitString` always returns a non-empty container.
        1:  829:    SplitString(filter, '-', &positive_and_negative_filters);
call    0 returned 1
branch  1 taken 1 (fallthrough)
branch  2 taken 0 (throw)
        1:  830:    const auto& positive_filter = positive_and_negative_filters.front();
        1:  830-block  0
call    0 returned 1
        -:  831:
        1:  832:    if (positive_and_negative_filters.size() > 1) {
call    0 returned 1
branch  1 taken 0 (fallthrough)
branch  2 taken 1
    #####:  833:      positive_filter_ = UnitTestFilter(
    %%%%%:  833-block  0
call    0 never executed
branch  1 never executed (fallthrough)
branch  2 never executed (throw)
call    3 never executed
    $$$$$:  833-block  1
    #####:  834:          positive_filter.empty() ? kUniversalFilter : positive_filter);
    %%%%%:  834-block  0
call    0 never executed
branch  1 never executed (fallthrough)
branch  2 never executed
    %%%%%:  834-block  1
call    3 never executed
branch  4 never executed (fallthrough)
branch  5 never executed (throw)
    %%%%%:  834-block  2
call    6 never executed
branch  7 never executed (fallthrough)
branch  8 never executed (throw)
    %%%%%:  834-block  3
call    9 never executed
call   10 never executed
branch 11 never executed (fallthrough)
branch 12 never executed
    $$$$$:  834-block  4
call   13 never executed
    $$$$$:  834-block  5
branch 14 never executed (fallthrough)
branch 15 never executed
    $$$$$:  834-block  6
    $$$$$:  834-block  7
        -:  835:
        -:  836:      // TODO(b/214626361): Fail on multiple '-' characters
        -:  837:      // For the moment to preserve old behavior we concatenate the rest of the
        -:  838:      // string parts with `-` as separator to generate the negative filter.
    #####:  839:      auto negative_filter_string = positive_and_negative_filters[1];
    %%%%%:  839-block  0
call    0 never executed
call    1 never executed
branch  2 never executed (fallthrough)
branch  3 never executed (throw)
    #####:  840:      for (std::size_t i = 2; i < positive_and_negative_filters.size(); i++)
    %%%%%:  840-block  0
    %%%%%:  840-block  1
call    0 never executed
branch  1 never executed
[...]
        -: 6714:#ifdef GTEST_HAS_ABSL_FLAGS
        -: 6715:  if (*argc <= 0) return;
        -: 6716:
        -: 6717:  std::vector<char*> positional_args;
        -: 6718:  std::vector<absl::UnrecognizedFlag> unrecognized_flags;
        -: 6719:  absl::ParseAbseilFlagsOnly(*argc, argv, positional_args, unrecognized_flags);
        -: 6720:  absl::flat_hash_set<absl::string_view> unrecognized;
        -: 6721:  for (const auto& flag : unrecognized_flags) {
        -: 6722:    unrecognized.insert(flag.flag_name);
        -: 6723:  }
        -: 6724:  absl::flat_hash_set<char*> positional;
        -: 6725:  for (const auto& arg : positional_args) {
        -: 6726:    positional.insert(arg);
        -: 6727:  }
        -: 6728:
        -: 6729:  int out_pos = 1;
        -: 6730:  int in_pos = 1;
        -: 6731:  for (; in_pos < *argc; ++in_pos) {
        -: 6732:    char* arg = argv[in_pos];
        -: 6733:    absl::string_view arg_str(arg);
        -: 6734:    if (absl::ConsumePrefix(&arg_str, "--")) {
        -: 6735:      // Flag-like argument. If the flag was unrecognized, keep it.
        -: 6736:      // If it was a GoogleTest flag, remove it.
        -: 6737:      if (unrecognized.contains(arg_str)) {
        -: 6738:        argv[out_pos++] = argv[in_pos];
        -: 6739:        continue;
        -: 6740:      }
        -: 6741:    }
        -: 6742:
        -: 6743:    if (arg_str.empty()) {
        -: 6744:      ++in_pos;
        -: 6745:      break;  // '--' indicates that the rest of the arguments are positional
        -: 6746:    }
        -: 6747:
        -: 6748:    // Probably a positional argument. If it is in fact positional, keep it.
        -: 6749:    // If it was a value for the flag argument, remove it.
        -: 6750:    if (positional.contains(arg)) {
        -: 6751:      argv[out_pos++] = arg;
        -: 6752:    }
        -: 6753:  }
        -: 6754:
        -: 6755:  // The rest are positional args for sure.
        -: 6756:  while (in_pos < *argc) {
        -: 6757:    argv[out_pos++] = argv[in_pos++];
        -: 6758:  }
        -: 6759:
        -: 6760:  *argc = out_pos;
        -: 6761:  argv[out_pos] = nullptr;
        -: 6762:#else
        1: 6763:  ParseGoogleTestFlagsOnlyImpl(argc, argv);
        1: 6763-block  0
call    0 returned 1
        -: 6764:#endif
        -: 6765:
        -: 6766:  // Fix the value of *_NSGetArgc() on macOS, but if and only if
        -: 6767:  // *_NSGetArgv() == argv
        -: 6768:  // Only applicable to char** version of argv
        -: 6769:#ifdef GTEST_OS_MAC
        -: 6770:#ifndef GTEST_OS_IOS
        -: 6771:  if (*_NSGetArgv() == argv) {
        -: 6772:    *_NSGetArgc() = *argc;
        -: 6773:  }
        -: 6774:#endif
        -: 6775:#endif
        1: 6776:}
function _ZN7testing8internal24ParseGoogleTestFlagsOnlyEPiPPw called 0 returned 0% blocks executed 0%
    #####: 6777:void ParseGoogleTestFlagsOnly(int* argc, wchar_t** argv) {
    #####: 6778:  ParseGoogleTestFlagsOnlyImpl(argc, argv);
    %%%%%: 6778-block  0
call    0 never executed
    #####: 6779:}
        -: 6780:
        -: 6781:// The internal implementation of InitGoogleTest().
        -: 6782://
        -: 6783:// The type parameter CharType can be instantiated to either char or
        -: 6784:// wchar_t.
        -: 6785:template <typename CharType>
       1*: 6786:void InitGoogleTestImpl(int* argc, CharType** argv) {
        -: 6787:  // We don't want to run the initialization code twice.
       1*: 6788:  if (GTestIsInitialized()) return;
        -: 6789:
       1*: 6790:  if (*argc <= 0) return;
        -: 6791:
       1*: 6792:  g_argvs.clear();
       3*: 6793:  for (int i = 0; i != *argc; i++) {
       2*: 6794:    g_argvs.push_back(StreamableToString(argv[i]));
        -: 6795:  }
        -: 6796:
        -: 6797:#ifdef GTEST_HAS_ABSL
        -: 6798:  absl::InitializeSymbolizer(g_argvs[0].c_str());
        -: 6799:
        -: 6800:#ifdef GTEST_HAS_ABSL_FLAGS
        -: 6801:  // When using the Abseil Flags library, set the program usage message to the
        -: 6802:  // help message, but remove the color-encoding from the message first.
        -: 6803:  absl::SetProgramUsageMessage(absl::StrReplaceAll(
        -: 6804:      kColorEncodedHelpMessage,
        -: 6805:      {{"@D", ""}, {"@R", ""}, {"@G", ""}, {"@Y", ""}, {"@@", "@"}}));
        -: 6806:#endif  // GTEST_HAS_ABSL_FLAGS
        -: 6807:#endif  // GTEST_HAS_ABSL
        -: 6808:
       1*: 6809:  ParseGoogleTestFlagsOnly(argc, argv);
       1*: 6810:  GetUnitTestImpl()->PostFlagParsingInit();
        -: 6811:}
------------------
_ZN7testing8internal18InitGoogleTestImplIwEEvPiPPT_:
function _ZN7testing8internal18InitGoogleTestImplIwEEvPiPPT_ called 0 returned 0% blocks executed 0%
    #####: 6786:void InitGoogleTestImpl(int* argc, CharType** argv) {
        -: 6787:  // We don't want to run the initialization code twice.
    #####: 6788:  if (GTestIsInitialized()) return;
    %%%%%: 6788-block  0
call    0 never executed
branch  1 never executed (fallthrough)
branch  2 never executed
    %%%%%: 6788-block  1
        -: 6789:
    #####: 6790:  if (*argc <= 0) return;
    %%%%%: 6790-block  0
branch  0 never executed (fallthrough)
branch  1 never executed
    %%%%%: 6790-block  1
        -: 6791:
    #####: 6792:  g_argvs.clear();
    %%%%%: 6792-block  0
call    0 never executed
    #####: 6793:  for (int i = 0; i != *argc; i++) {
    %%%%%: 6793-block  0
branch  0 never executed
branch  1 never executed (fallthrough)
    #####: 6794:    g_argvs.push_back(StreamableToString(argv[i]));
    %%%%%: 6794-block  0
call    0 never executed
branch  1 never executed (fallthrough)
branch  2 never executed (throw)
    %%%%%: 6794-block  1
call    3 never executed
branch  4 never executed (fallthrough)
branch  5 never executed (throw)
    %%%%%: 6794-block  2
call    6 never executed
    $$$$$: 6794-block  3
call    7 never executed
        -: 6795:  }
        -: 6796:
        -: 6797:#ifdef GTEST_HAS_ABSL
        -: 6798:  absl::InitializeSymbolizer(g_argvs[0].c_str());
        -: 6799:
        -: 6800:#ifdef GTEST_HAS_ABSL_FLAGS
        -: 6801:  // When using the Abseil Flags library, set the program usage message to the
        -: 6802:  // help message, but remove the color-encoding from the message first.
        -: 6803:  absl::SetProgramUsageMessage(absl::StrReplaceAll(
        -: 6804:      kColorEncodedHelpMessage,
        -: 6805:      {{"@D", ""}, {"@R", ""}, {"@G", ""}, {"@Y", ""}, {"@@", "@"}}));
        -: 6806:#endif  // GTEST_HAS_ABSL_FLAGS
        -: 6807:#endif  // GTEST_HAS_ABSL
        -: 6808:
    #####: 6809:  ParseGoogleTestFlagsOnly(argc, argv);
    %%%%%: 6809-block  0
call    0 never executed
    #####: 6810:  GetUnitTestImpl()->PostFlagParsingInit();
call    0 never executed
call    1 never executed
        -: 6811:}
------------------
_ZN7testing8internal18InitGoogleTestImplIcEEvPiPPT_:
function _ZN7testing8internal18InitGoogleTestImplIcEEvPiPPT_ called 1 returned 100% blocks executed 79%
        1: 6786:void InitGoogleTestImpl(int* argc, CharType** argv) {
        -: 6787:  // We don't want to run the initialization code twice.
       1*: 6788:  if (GTestIsInitialized()) return;
        1: 6788-block  0
call    0 returned 1
branch  1 taken 0 (fallthrough)
branch  2 taken 1
    %%%%%: 6788-block  1
        -: 6789:
       1*: 6790:  if (*argc <= 0) return;
        1: 6790-block  0
branch  0 taken 0 (fallthrough)
branch  1 taken 1
    %%%%%: 6790-block  1
        -: 6791:
        1: 6792:  g_argvs.clear();
        1: 6792-block  0
call    0 returned 1
        3: 6793:  for (int i = 0; i != *argc; i++) {
        3: 6793-block  0
branch  0 taken 2
branch  1 taken 1 (fallthrough)
        2: 6794:    g_argvs.push_back(StreamableToString(argv[i]));
        2: 6794-block  0
call    0 returned 2
branch  1 taken 2 (fallthrough)
branch  2 taken 0 (throw)
        2: 6794-block  1
call    3 returned 2
branch  4 taken 2 (fallthrough)
branch  5 taken 0 (throw)
        2: 6794-block  2
call    6 returned 2
    $$$$$: 6794-block  3
call    7 never executed
        -: 6795:  }
        -: 6796:
        -: 6797:#ifdef GTEST_HAS_ABSL
        -: 6798:  absl::InitializeSymbolizer(g_argvs[0].c_str());
        -: 6799:
        -: 6800:#ifdef GTEST_HAS_ABSL_FLAGS
        -: 6801:  // When using the Abseil Flags library, set the program usage message to the
        -: 6802:  // help message, but remove the color-encoding from the message first.
        -: 6803:  absl::SetProgramUsageMessage(absl::StrReplaceAll(
        -: 6804:      kColorEncodedHelpMessage,
        -: 6805:      {{"@D", ""}, {"@R", ""}, {"@G", ""}, {"@Y", ""}, {"@@", "@"}}));
        -: 6806:#endif  // GTEST_HAS_ABSL_FLAGS
        -: 6807:#endif  // GTEST_HAS_ABSL
        -: 6808:
        1: 6809:  ParseGoogleTestFlagsOnly(argc, argv);
        1: 6809-block  0
call    0 returned 1
        1: 6810:  GetUnitTestImpl()->PostFlagParsingInit();
call    0 returned 1
call    1 returned 1
        -: 6811:}
------------------
        -: 6812:
        -: 6813:}  // namespace internal
        -: 6814:
        -: 6815:// Initializes Google Test.  This must be called before calling
        -: 6816:// RUN_ALL_TESTS().  In particular, it parses a command line for the
        -: 6817:// flags that Google Test recognizes.  Whenever a Google Test flag is
        -: 6818:// seen, it is removed from argv, and *argc is decremented.
        -: 6819://
        -: 6820:// No value is returned.  Instead, the Google Test flag variables are
        -: 6821:// updated.
        -: 6822://
        -: 6823:// Calling the function for the second time has no user-visible effect.
function _ZN7testing14InitGoogleTestEPiPPc called 1 returned 100% blocks executed 100%
        1: 6824:void InitGoogleTest(int* argc, char** argv) {
        -: 6825:#if defined(GTEST_CUSTOM_INIT_GOOGLE_TEST_FUNCTION_)
        -: 6826:  GTEST_CUSTOM_INIT_GOOGLE_TEST_FUNCTION_(argc, argv);
        -: 6827:#else   // defined(GTEST_CUSTOM_INIT_GOOGLE_TEST_FUNCTION_)
        1: 6828:  internal::InitGoogleTestImpl(argc, argv);
        1: 6828-block  0
call    0 returned 1
        -: 6829:#endif  // defined(GTEST_CUSTOM_INIT_GOOGLE_TEST_FUNCTION_)
        1: 6830:}
        -: 6831:
        -: 6832:// This overloaded version can be used in Windows programs compiled in
        -: 6833:// UNICODE mode.
function _ZN7testing14InitGoogleTestEPiPPw called 0 returned 0% blocks executed 0%
    #####: 6834:void InitGoogleTest(int* argc, wchar_t** argv) {
        -: 6835:#if defined(GTEST_CUSTOM_INIT_GOOGLE_TEST_FUNCTION_)
        -: 6836:  GTEST_CUSTOM_INIT_GOOGLE_TEST_FUNCTION_(argc, argv);
        -: 6837:#else   // defined(GTEST_CUSTOM_INIT_GOOGLE_TEST_FUNCTION_)
    #####: 6838:  internal::InitGoogleTestImpl(argc, argv);
    %%%%%: 6838-block  0
call    0 never executed
        -: 6839:#endif  // defined(GTEST_CUSTOM_INIT_GOOGLE_TEST_FUNCTION_)
    #####: 6840:}
        -: 6841:
        -: 6842:// This overloaded version can be used on Arduino/embedded platforms where
        -: 6843:// there is no argc/argv.
function _ZN7testing14InitGoogleTestEv called 0 returned 0% blocks executed 0%
    #####: 6844:void InitGoogleTest() {
        -: 6845:  // Since Arduino doesn't have a command line, fake out the argc/argv arguments
    #####: 6846:  int argc = 1;
    #####: 6847:  const auto arg0 = "dummy";
    #####: 6848:  char* argv0 = const_cast<char*>(arg0);
    #####: 6849:  char** argv = &argv0;
        -: 6850:
        -: 6851:#if defined(GTEST_CUSTOM_INIT_GOOGLE_TEST_FUNCTION_)
        -: 6852:  GTEST_CUSTOM_INIT_GOOGLE_TEST_FUNCTION_(&argc, argv);
        -: 6853:#else   // defined(GTEST_CUSTOM_INIT_GOOGLE_TEST_FUNCTION_)
    #####: 6854:  internal::InitGoogleTestImpl(&argc, argv);
    %%%%%: 6854-block  0
call    0 never executed
branch  1 never executed (fallthrough)
branch  2 never executed (throw)
        -: 6855:#endif  // defined(GTEST_CUSTOM_INIT_GOOGLE_TEST_FUNCTION_)
    #####: 6856:}
    %%%%%: 6856-block  0
        -: 6857:
        -: 6858:#if !defined(GTEST_CUSTOM_TEMPDIR_FUNCTION_) || \
        -: 6859:    !defined(GTEST_CUSTOM_SRCDIR_FUNCTION_)
        -: 6860:// Returns the value of the first environment variable that is set and contains
        -: 6861:// a non-empty string. If there are none, returns the "fallback" string. Adds
        -: 6862:// the director-separator character as a suffix if not provided in the
        -: 6863:// environment variable value.
function _ZN7testingL13GetDirFromEnvESt16initializer_listIPKcES2_c called 0 returned 0% blocks executed 0%
    #####: 6864:static std::string GetDirFromEnv(
        -: 6865:    std::initializer_list<const char*> environment_variables,
        -: 6866:    const char* fallback, char separator) {
    #####: 6867:  for (const char* variable_name : environment_variables) {
    %%%%%: 6867-block  0
call    0 never executed
call    1 never executed
    %%%%%: 6867-block  1
    %%%%%: 6867-block  2
branch  2 never executed
branch  3 never executed (fallthrough)
    #####: 6868:    const char* value = internal::posix::GetEnv(variable_name);
    %%%%%: 6868-block  0
call    0 never executed
    #####: 6869:    if (value != nullptr && value[0] != '\0') {
branch  0 never executed (fallthrough)
branch  1 never executed
    %%%%%: 6869-block  0
branch  2 never executed (fallthrough)
branch  3 never executed
    #####: 6870:      if (value[strlen(value) - 1] != separator) {
    %%%%%: 6870-block  0
branch  0 never executed (fallthrough)
branch  1 never executed
    #####: 6871:        return std::string(value).append(1, separator);
    %%%%%: 6871-block  0
call    0 never executed
branch  1 never executed (fallthrough)
branch  2 never executed (throw)
    %%%%%: 6871-block  1
call    3 never executed
branch  4 never executed (fallthrough)
branch  5 never executed (throw)
    %%%%%: 6871-block  2
call    6 never executed
branch  7 never executed (fallthrough)
branch  8 never executed (throw)
    %%%%%: 6871-block  3
    %%%%%: 6871-block  4
call    9 never executed
    %%%%%: 6871-block  5
    $$$$$: 6871-block  6
call   10 never executed
    $$$$$: 6871-block  7
    $$$$$: 6871-block  8
        -: 6872:      }
    #####: 6873:      return value;
    %%%%%: 6873-block  0
call    0 never executed
branch  1 never executed (fallthrough)
branch  2 never executed (throw)
    %%%%%: 6873-block  1
    $$$$$: 6873-block  2
        -: 6874:    }
        -: 6875:  }
    #####: 6876:  return fallback;
    %%%%%: 6876-block  0
call    0 never executed
branch  1 never executed (fallthrough)
branch  2 never executed (throw)
    %%%%%: 6876-block  1
        -: 6877:}
        -: 6878:#endif
        -: 6879:
function _ZN7testing7TempDirB5cxx11Ev called 0 returned 0% blocks executed 0%
    #####: 6880:std::string TempDir() {
        -: 6881:#if defined(GTEST_CUSTOM_TEMPDIR_FUNCTION_)
        -: 6882:  return GTEST_CUSTOM_TEMPDIR_FUNCTION_();
        -: 6883:#elif defined(GTEST_OS_WINDOWS) || defined(GTEST_OS_WINDOWS_MOBILE)
    #####: 6884:  return GetDirFromEnv({"TEST_TMPDIR", "TEMP"}, "\\temp\\", '\\');
    %%%%%: 6884-block  0
call    0 never executed
branch  1 never executed (fallthrough)
branch  2 never executed (throw)
    %%%%%: 6884-block  1
    %%%%%: 6884-block  2
        -: 6885:#elif defined(GTEST_OS_LINUX_ANDROID)
        -: 6886:  return GetDirFromEnv({"TEST_TMPDIR", "TMPDIR"}, "/data/local/tmp/", '/');
        -: 6887:#else
        -: 6888:  return GetDirFromEnv({"TEST_TMPDIR", "TMPDIR"}, "/tmp/", '/');
        -: 6889:#endif
        -: 6890:}
        -: 6891:
        -: 6892:#if GTEST_HAS_FILE_SYSTEM && !defined(GTEST_CUSTOM_SRCDIR_FUNCTION_)
        -: 6893:// Returns the directory path (including terminating separator) of the current
        -: 6894:// executable as derived from argv[0].
function _ZN7testingL29GetCurrentExecutableDirectoryEv called 0 returned 0% blocks executed 0%
    #####: 6895:static std::string GetCurrentExecutableDirectory() {
    #####: 6896:  internal::FilePath argv_0(internal::GetArgvs()[0]);
    %%%%%: 6896-block  0
call    0 never executed
branch  1 never executed (fallthrough)
branch  2 never executed (throw)
    %%%%%: 6896-block  1
call    3 never executed
call    4 never executed
branch  5 never executed (fallthrough)
branch  6 never executed (throw)
    %%%%%: 6896-block  2
call    7 never executed
    $$$$$: 6896-block  3
call    8 never executed
    $$$$$: 6896-block  4
    #####: 6897:  return argv_0.RemoveFileName().string();
call    0 never executed
branch  1 never executed (fallthrough)
branch  2 never executed (throw)
    %%%%%: 6897-block  0
call    3 never executed
call    4 never executed
branch  5 never executed (fallthrough)
branch  6 never executed (throw)
    %%%%%: 6897-block  1
    %%%%%: 6897-block  2
call    7 never executed
    %%%%%: 6897-block  3
    $$$$$: 6897-block  4
call    8 never executed
    $$$$$: 6897-block  5
    #####: 6898:}
call    0 never executed
    $$$$$: 6898-block  0
call    1 never executed
        -: 6899:#endif
        -: 6900:
        -: 6901:#if GTEST_HAS_FILE_SYSTEM
function _ZN7testing6SrcDirB5cxx11Ev called 0 returned 0% blocks executed 0%
    #####: 6902:std::string SrcDir() {
        -: 6903:#if defined(GTEST_CUSTOM_SRCDIR_FUNCTION_)
        -: 6904:  return GTEST_CUSTOM_SRCDIR_FUNCTION_();
        -: 6905:#elif defined(GTEST_OS_WINDOWS) || defined(GTEST_OS_WINDOWS_MOBILE)
    #####: 6906:  return GetDirFromEnv({"TEST_SRCDIR"}, GetCurrentExecutableDirectory().c_str(),
    %%%%%: 6906-block  0
call    0 never executed
branch  1 never executed (fallthrough)
branch  2 never executed (throw)
    $$$$$: 6906-block  1
call    3 never executed
    #####: 6907:                       '\\');
    %%%%%: 6907-block  0
call    0 never executed
call    1 never executed
branch  2 never executed (fallthrough)
branch  3 never executed (throw)
    %%%%%: 6907-block  1
call    4 never executed
    %%%%%: 6907-block  2
    $$$$$: 6907-block  3
        -: 6908:#elif defined(GTEST_OS_LINUX_ANDROID)
        -: 6909:  return GetDirFromEnv({"TEST_SRCDIR"}, GetCurrentExecutableDirectory().c_str(),
        -: 6910:                       '/');
        -: 6911:#else
        -: 6912:  return GetDirFromEnv({"TEST_SRCDIR"}, GetCurrentExecutableDirectory().c_str(),
        -: 6913:                       '/');
        -: 6914:#endif
        -: 6915:}
        -: 6916:#endif
        -: 6917:
        -: 6918:// Class ScopedTrace
        -: 6919:
        -: 6920:// Pushes the given source file location and message onto a per-thread
        -: 6921:// trace stack maintained by Google Test.
function _ZN7testing11ScopedTrace9PushTraceEPKciNSt7__cxx1112basic_stringIcSt11char_traitsIcESaIcEEE called 0 returned 0% blocks executed 0%
    #####: 6922:void ScopedTrace::PushTrace(const char* file, int line, std::string message) {
    #####: 6923:  internal::TraceInfo trace;
    %%%%%: 6923-block  0
call    0 never executed
    #####: 6924:  trace.file = file;
    #####: 6925:  trace.line = line;
    #####: 6926:  trace.message.swap(message);
call    0 never executed
        -: 6927:
    #####: 6928:  UnitTest::GetInstance()->PushGTestTrace(trace);
call    0 never executed
branch  1 never executed (fallthrough)
branch  2 never executed (throw)
    %%%%%: 6928-block  0
call    3 never executed
branch  4 never executed (fallthrough)
branch  5 never executed (throw)
    #####: 6929:}
    %%%%%: 6929-block  0
call    0 never executed
    $$$$$: 6929-block  1
call    1 never executed
        -: 6930:
        -: 6931:// Pops the info pushed by the c'tor.
function _ZN7testing11ScopedTraceD2Ev called 0 returned 0% blocks executed 0%
    #####: 6932:ScopedTrace::~ScopedTrace() GTEST_LOCK_EXCLUDED_(&UnitTest::mutex_) {
    #####: 6933:  UnitTest::GetInstance()->PopGTestTrace();
    %%%%%: 6933-block  0
call    0 never executed
call    1 never executed
    #####: 6934:}
        -: 6935:
        -: 6936:}  // namespace testing
