        -:    0:Source:C:/Users/danpo/CLionProjects/untitled3/Test/test/Test.cpp
        -:    0:Graph:C:\Users\danpo\CLionProjects\untitled3\Test\cmake-build-debug-coverage\Google_tests\CMakeFiles\Google_Tests_run.dir\__\test\Test.cpp.gcno
        -:    0:Data:C:\Users\danpo\CLionProjects\untitled3\Test\cmake-build-debug-coverage\Google_tests\CMakeFiles\Google_Tests_run.dir\__\test\Test.cpp.gcda
        -:    0:Runs:1
        -:    1:#include <gtest/gtest.h>
        -:    2:
        -:    3:#include "../Headers/library.h"
        -:    4:
        -:    5:using namespace Lnum;
        -:    6:
        4:    7:TEST(Compare, comp1) {
        1:    8:    LongNumber a = LongNumber(10123123.64850_ln);
        1:    9:    LongNumber b = LongNumber("10123123.64850");
        1:   10:    auto ans = (a <=> b);
        1:   11:    std::strong_ordering ans_int = std::strong_ordering::equal;
       1*:   12:    EXPECT_EQ(ans, ans_int);
        1:   13:}
------------------
_ZN18Compare_comp1_TestC1Ev:
function _ZN18Compare_comp1_TestC1Ev called 1 returned 100% blocks executed 100%
        1:    7:TEST(Compare, comp1) {
        1:    7-block  0
call    0 returned 1
------------------
_ZN18Compare_comp1_TestD0Ev:
function _ZN18Compare_comp1_TestD0Ev called 1 returned 100% blocks executed 100%
        1:    7:TEST(Compare, comp1) {
        1:    7-block  0
call    0 returned 1
call    1 returned 1
------------------
_ZN18Compare_comp1_TestD1Ev:
function _ZN18Compare_comp1_TestD1Ev called 1 returned 100% blocks executed 100%
        1:    7:TEST(Compare, comp1) {
        1:    7-block  0
call    0 returned 1
------------------
_ZN18Compare_comp1_Test8TestBodyEv:
function _ZN18Compare_comp1_Test8TestBodyEv called 1 returned 100% blocks executed 38%
        1:    7:TEST(Compare, comp1) {
        1:    8:    LongNumber a = LongNumber(10123123.64850_ln);
        1:    8-block  0
call    0 returned 1
branch  1 taken 1 (fallthrough)
branch  2 taken 0 (throw)
        1:    9:    LongNumber b = LongNumber("10123123.64850");
        1:    9-block  0
call    0 returned 1
branch  1 taken 1 (fallthrough)
branch  2 taken 0 (throw)
        1:    9-block  1
call    3 returned 1
branch  4 taken 1 (fallthrough)
branch  5 taken 0 (throw)
        1:    9-block  2
call    6 returned 1
    $$$$$:    9-block  3
call    7 never executed
    $$$$$:    9-block  4
    $$$$$:    9-block  5
        1:   10:    auto ans = (a <=> b);
        1:   10-block  0
call    0 returned 1
branch  1 taken 1 (fallthrough)
branch  2 taken 0 (throw)
        1:   11:    std::strong_ordering ans_int = std::strong_ordering::equal;
       1*:   12:    EXPECT_EQ(ans, ans_int);
        1:   12-block  0
call    0 returned 1
branch  1 taken 1 (fallthrough)
branch  2 taken 0 (throw)
        1:   12-block  1
call    3 returned 1
branch  4 taken 0 (fallthrough)
branch  5 taken 1
    %%%%%:   12-block  2
call    6 never executed
branch  7 never executed (fallthrough)
branch  8 never executed (throw)
    %%%%%:   12-block  3
call    9 never executed
call   10 never executed
branch 11 never executed (fallthrough)
branch 12 never executed (throw)
    %%%%%:   12-block  4
call   13 never executed
branch 14 never executed (fallthrough)
branch 15 never executed (throw)
    %%%%%:   12-block  5
call   16 never executed
call   17 never executed
        1:   12-block  6
call   18 returned 1
    $$$$$:   12-block  7
call   19 never executed
    $$$$$:   12-block  8
    $$$$$:   12-block  9
call   20 never executed
    $$$$$:   12-block 10
    $$$$$:   12-block 11
call   21 never executed
        1:   13:}
call    0 returned 1
call    1 returned 1
    $$$$$:   13-block  0
call    2 never executed
    $$$$$:   13-block  1
call    3 never executed
------------------
        -:   14:
        4:   15:TEST(Compare, comp2) {
        1:   16:    LongNumber a = LongNumber();
        1:   17:    LongNumber b = LongNumber(0.0_ln);
        1:   18:    auto ans = (a <=> b);
        1:   19:    std::strong_ordering ans_int = std::strong_ordering::equal;
       1*:   20:    EXPECT_EQ(ans, ans_int);
        1:   21:}
------------------
_ZN18Compare_comp2_TestC1Ev:
function _ZN18Compare_comp2_TestC1Ev called 1 returned 100% blocks executed 100%
        1:   15:TEST(Compare, comp2) {
        1:   15-block  0
call    0 returned 1
------------------
_ZN18Compare_comp2_TestD0Ev:
function _ZN18Compare_comp2_TestD0Ev called 1 returned 100% blocks executed 100%
        1:   15:TEST(Compare, comp2) {
        1:   15-block  0
call    0 returned 1
call    1 returned 1
------------------
_ZN18Compare_comp2_TestD1Ev:
function _ZN18Compare_comp2_TestD1Ev called 1 returned 100% blocks executed 100%
        1:   15:TEST(Compare, comp2) {
        1:   15-block  0
call    0 returned 1
------------------
_ZN18Compare_comp2_Test8TestBodyEv:
function _ZN18Compare_comp2_Test8TestBodyEv called 1 returned 100% blocks executed 35%
        1:   15:TEST(Compare, comp2) {
        1:   16:    LongNumber a = LongNumber();
        1:   16-block  0
call    0 returned 1
branch  1 taken 1 (fallthrough)
branch  2 taken 0 (throw)
        1:   17:    LongNumber b = LongNumber(0.0_ln);
        1:   17-block  0
call    0 returned 1
branch  1 taken 1 (fallthrough)
branch  2 taken 0 (throw)
        1:   18:    auto ans = (a <=> b);
        1:   18-block  0
call    0 returned 1
branch  1 taken 1 (fallthrough)
branch  2 taken 0 (throw)
        1:   19:    std::strong_ordering ans_int = std::strong_ordering::equal;
       1*:   20:    EXPECT_EQ(ans, ans_int);
        1:   20-block  0
call    0 returned 1
branch  1 taken 1 (fallthrough)
branch  2 taken 0 (throw)
        1:   20-block  1
call    3 returned 1
branch  4 taken 0 (fallthrough)
branch  5 taken 1
    %%%%%:   20-block  2
call    6 never executed
branch  7 never executed (fallthrough)
branch  8 never executed (throw)
    %%%%%:   20-block  3
call    9 never executed
call   10 never executed
branch 11 never executed (fallthrough)
branch 12 never executed (throw)
    %%%%%:   20-block  4
call   13 never executed
branch 14 never executed (fallthrough)
branch 15 never executed (throw)
    %%%%%:   20-block  5
call   16 never executed
call   17 never executed
        1:   20-block  6
call   18 returned 1
    $$$$$:   20-block  7
call   19 never executed
    $$$$$:   20-block  8
    $$$$$:   20-block  9
call   20 never executed
    $$$$$:   20-block 10
    $$$$$:   20-block 11
call   21 never executed
        1:   21:}
call    0 returned 1
call    1 returned 1
    $$$$$:   21-block  0
call    2 never executed
    $$$$$:   21-block  1
call    3 never executed
------------------
        -:   22:
        4:   23:TEST(Compare, comp3) {
        2:   24:    LongNumber a = LongNumber("0.000000000000000000000000000002");
        1:   25:    LongNumber b = LongNumber("0.0000000000000000000000000000011");
        1:   26:    auto ans = (a <=> b);
        1:   27:    std::strong_ordering ans_int = std::strong_ordering::greater;
       1*:   28:    EXPECT_EQ(ans, ans_int);
        1:   29:}
------------------
_ZN18Compare_comp3_TestC1Ev:
function _ZN18Compare_comp3_TestC1Ev called 1 returned 100% blocks executed 100%
        1:   23:TEST(Compare, comp3) {
        1:   23-block  0
call    0 returned 1
------------------
_ZN18Compare_comp3_TestD0Ev:
function _ZN18Compare_comp3_TestD0Ev called 1 returned 100% blocks executed 100%
        1:   23:TEST(Compare, comp3) {
        1:   23-block  0
call    0 returned 1
call    1 returned 1
------------------
_ZN18Compare_comp3_TestD1Ev:
function _ZN18Compare_comp3_TestD1Ev called 1 returned 100% blocks executed 100%
        1:   23:TEST(Compare, comp3) {
        1:   23-block  0
call    0 returned 1
------------------
_ZN18Compare_comp3_Test8TestBodyEv:
function _ZN18Compare_comp3_Test8TestBodyEv called 1 returned 100% blocks executed 40%
        1:   23:TEST(Compare, comp3) {
        1:   23-block  0
        2:   24:    LongNumber a = LongNumber("0.000000000000000000000000000002");
        1:   24-block  0
call    0 returned 1
branch  1 taken 1 (fallthrough)
branch  2 taken 0 (throw)
        1:   24-block  1
call    3 returned 1
branch  4 taken 1 (fallthrough)
branch  5 taken 0 (throw)
        1:   24-block  2
call    6 returned 1
        1:   24-block  3
    $$$$$:   24-block  4
call    7 never executed
    $$$$$:   24-block  5
    $$$$$:   24-block  6
        1:   25:    LongNumber b = LongNumber("0.0000000000000000000000000000011");
        1:   25-block  0
call    0 returned 1
branch  1 taken 1 (fallthrough)
branch  2 taken 0 (throw)
        1:   25-block  1
call    3 returned 1
branch  4 taken 1 (fallthrough)
branch  5 taken 0 (throw)
        1:   25-block  2
call    6 returned 1
    $$$$$:   25-block  3
call    7 never executed
    $$$$$:   25-block  4
    $$$$$:   25-block  5
        1:   26:    auto ans = (a <=> b);
        1:   26-block  0
call    0 returned 1
branch  1 taken 1 (fallthrough)
branch  2 taken 0 (throw)
        1:   27:    std::strong_ordering ans_int = std::strong_ordering::greater;
       1*:   28:    EXPECT_EQ(ans, ans_int);
        1:   28-block  0
call    0 returned 1
branch  1 taken 1 (fallthrough)
branch  2 taken 0 (throw)
        1:   28-block  1
call    3 returned 1
branch  4 taken 0 (fallthrough)
branch  5 taken 1
    %%%%%:   28-block  2
call    6 never executed
branch  7 never executed (fallthrough)
branch  8 never executed (throw)
    %%%%%:   28-block  3
call    9 never executed
call   10 never executed
branch 11 never executed (fallthrough)
branch 12 never executed (throw)
    %%%%%:   28-block  4
call   13 never executed
branch 14 never executed (fallthrough)
branch 15 never executed (throw)
    %%%%%:   28-block  5
call   16 never executed
call   17 never executed
        1:   28-block  6
call   18 returned 1
    $$$$$:   28-block  7
call   19 never executed
    $$$$$:   28-block  8
    $$$$$:   28-block  9
call   20 never executed
    $$$$$:   28-block 10
    $$$$$:   28-block 11
call   21 never executed
        1:   29:}
call    0 returned 1
call    1 returned 1
    $$$$$:   29-block  0
call    2 never executed
    $$$$$:   29-block  1
call    3 never executed
------------------
        -:   30:
        4:   31:TEST(Compare, comp4) {
        2:   32:    LongNumber a = LongNumber("0.000000000000000000000000000001");
        1:   33:    LongNumber b = LongNumber("0.0000000000000000000000000000011");
        1:   34:    auto ans = (a <=> b);
        1:   35:    std::strong_ordering ans_int = std::strong_ordering::less;
       1*:   36:    EXPECT_EQ(ans, ans_int);
        1:   37:}
------------------
_ZN18Compare_comp4_TestC1Ev:
function _ZN18Compare_comp4_TestC1Ev called 1 returned 100% blocks executed 100%
        1:   31:TEST(Compare, comp4) {
        1:   31-block  0
call    0 returned 1
------------------
_ZN18Compare_comp4_TestD0Ev:
function _ZN18Compare_comp4_TestD0Ev called 1 returned 100% blocks executed 100%
        1:   31:TEST(Compare, comp4) {
        1:   31-block  0
call    0 returned 1
call    1 returned 1
------------------
_ZN18Compare_comp4_TestD1Ev:
function _ZN18Compare_comp4_TestD1Ev called 1 returned 100% blocks executed 100%
        1:   31:TEST(Compare, comp4) {
        1:   31-block  0
call    0 returned 1
------------------
_ZN18Compare_comp4_Test8TestBodyEv:
function _ZN18Compare_comp4_Test8TestBodyEv called 1 returned 100% blocks executed 40%
        1:   31:TEST(Compare, comp4) {
        1:   31-block  0
        2:   32:    LongNumber a = LongNumber("0.000000000000000000000000000001");
        1:   32-block  0
call    0 returned 1
branch  1 taken 1 (fallthrough)
branch  2 taken 0 (throw)
        1:   32-block  1
call    3 returned 1
branch  4 taken 1 (fallthrough)
branch  5 taken 0 (throw)
        1:   32-block  2
call    6 returned 1
        1:   32-block  3
    $$$$$:   32-block  4
call    7 never executed
    $$$$$:   32-block  5
    $$$$$:   32-block  6
        1:   33:    LongNumber b = LongNumber("0.0000000000000000000000000000011");
        1:   33-block  0
call    0 returned 1
branch  1 taken 1 (fallthrough)
branch  2 taken 0 (throw)
        1:   33-block  1
call    3 returned 1
branch  4 taken 1 (fallthrough)
branch  5 taken 0 (throw)
        1:   33-block  2
call    6 returned 1
    $$$$$:   33-block  3
call    7 never executed
    $$$$$:   33-block  4
    $$$$$:   33-block  5
        1:   34:    auto ans = (a <=> b);
        1:   34-block  0
call    0 returned 1
branch  1 taken 1 (fallthrough)
branch  2 taken 0 (throw)
        1:   35:    std::strong_ordering ans_int = std::strong_ordering::less;
       1*:   36:    EXPECT_EQ(ans, ans_int);
        1:   36-block  0
call    0 returned 1
branch  1 taken 1 (fallthrough)
branch  2 taken 0 (throw)
        1:   36-block  1
call    3 returned 1
branch  4 taken 0 (fallthrough)
branch  5 taken 1
    %%%%%:   36-block  2
call    6 never executed
branch  7 never executed (fallthrough)
branch  8 never executed (throw)
    %%%%%:   36-block  3
call    9 never executed
call   10 never executed
branch 11 never executed (fallthrough)
branch 12 never executed (throw)
    %%%%%:   36-block  4
call   13 never executed
branch 14 never executed (fallthrough)
branch 15 never executed (throw)
    %%%%%:   36-block  5
call   16 never executed
call   17 never executed
        1:   36-block  6
call   18 returned 1
    $$$$$:   36-block  7
call   19 never executed
    $$$$$:   36-block  8
    $$$$$:   36-block  9
call   20 never executed
    $$$$$:   36-block 10
    $$$$$:   36-block 11
call   21 never executed
        1:   37:}
call    0 returned 1
call    1 returned 1
    $$$$$:   37-block  0
call    2 never executed
    $$$$$:   37-block  1
call    3 never executed
------------------
        -:   38:
        4:   39:TEST(Compare, comp5) {
        2:   40:    LongNumber a = LongNumber("0.000000000000000000000000000001");
        1:   41:    LongNumber b = LongNumber("0.0000000000000000000000000000011");
        1:   42:    auto ans = (a <=> b);
        1:   43:    std::strong_ordering ans_int = std::strong_ordering::less;
       1*:   44:    EXPECT_EQ(ans, ans_int);
        1:   45:}
------------------
_ZN18Compare_comp5_TestC1Ev:
function _ZN18Compare_comp5_TestC1Ev called 1 returned 100% blocks executed 100%
        1:   39:TEST(Compare, comp5) {
        1:   39-block  0
call    0 returned 1
------------------
_ZN18Compare_comp5_TestD0Ev:
function _ZN18Compare_comp5_TestD0Ev called 1 returned 100% blocks executed 100%
        1:   39:TEST(Compare, comp5) {
        1:   39-block  0
call    0 returned 1
call    1 returned 1
------------------
_ZN18Compare_comp5_TestD1Ev:
function _ZN18Compare_comp5_TestD1Ev called 1 returned 100% blocks executed 100%
        1:   39:TEST(Compare, comp5) {
        1:   39-block  0
call    0 returned 1
------------------
_ZN18Compare_comp5_Test8TestBodyEv:
function _ZN18Compare_comp5_Test8TestBodyEv called 1 returned 100% blocks executed 40%
        1:   39:TEST(Compare, comp5) {
        1:   39-block  0
        2:   40:    LongNumber a = LongNumber("0.000000000000000000000000000001");
        1:   40-block  0
call    0 returned 1
branch  1 taken 1 (fallthrough)
branch  2 taken 0 (throw)
        1:   40-block  1
call    3 returned 1
branch  4 taken 1 (fallthrough)
branch  5 taken 0 (throw)
        1:   40-block  2
call    6 returned 1
        1:   40-block  3
    $$$$$:   40-block  4
call    7 never executed
    $$$$$:   40-block  5
    $$$$$:   40-block  6
        1:   41:    LongNumber b = LongNumber("0.0000000000000000000000000000011");
        1:   41-block  0
call    0 returned 1
branch  1 taken 1 (fallthrough)
branch  2 taken 0 (throw)
        1:   41-block  1
call    3 returned 1
branch  4 taken 1 (fallthrough)
branch  5 taken 0 (throw)
        1:   41-block  2
call    6 returned 1
    $$$$$:   41-block  3
call    7 never executed
    $$$$$:   41-block  4
    $$$$$:   41-block  5
        1:   42:    auto ans = (a <=> b);
        1:   42-block  0
call    0 returned 1
branch  1 taken 1 (fallthrough)
branch  2 taken 0 (throw)
        1:   43:    std::strong_ordering ans_int = std::strong_ordering::less;
       1*:   44:    EXPECT_EQ(ans, ans_int);
        1:   44-block  0
call    0 returned 1
branch  1 taken 1 (fallthrough)
branch  2 taken 0 (throw)
        1:   44-block  1
call    3 returned 1
branch  4 taken 0 (fallthrough)
branch  5 taken 1
    %%%%%:   44-block  2
call    6 never executed
branch  7 never executed (fallthrough)
branch  8 never executed (throw)
    %%%%%:   44-block  3
call    9 never executed
call   10 never executed
branch 11 never executed (fallthrough)
branch 12 never executed (throw)
    %%%%%:   44-block  4
call   13 never executed
branch 14 never executed (fallthrough)
branch 15 never executed (throw)
    %%%%%:   44-block  5
call   16 never executed
call   17 never executed
        1:   44-block  6
call   18 returned 1
    $$$$$:   44-block  7
call   19 never executed
    $$$$$:   44-block  8
    $$$$$:   44-block  9
call   20 never executed
    $$$$$:   44-block 10
    $$$$$:   44-block 11
call   21 never executed
        1:   45:}
call    0 returned 1
call    1 returned 1
    $$$$$:   45-block  0
call    2 never executed
    $$$$$:   45-block  1
call    3 never executed
------------------
        -:   46:
        4:   47:TEST(Compare, comp6) {
        2:   48:    LongNumber a = LongNumber("0.000000000000000000000000000001");
        1:   49:    LongNumber b = LongNumber("0.0000000000000000000000000000011");
        1:   50:    auto ans = (a > b);
        1:   51:    bool ans_int = false;
       1*:   52:    EXPECT_EQ(ans, ans_int);
        1:   53:}
------------------
_ZN18Compare_comp6_TestC1Ev:
function _ZN18Compare_comp6_TestC1Ev called 1 returned 100% blocks executed 100%
        1:   47:TEST(Compare, comp6) {
        1:   47-block  0
call    0 returned 1
------------------
_ZN18Compare_comp6_TestD0Ev:
function _ZN18Compare_comp6_TestD0Ev called 1 returned 100% blocks executed 100%
        1:   47:TEST(Compare, comp6) {
        1:   47-block  0
call    0 returned 1
call    1 returned 1
------------------
_ZN18Compare_comp6_TestD1Ev:
function _ZN18Compare_comp6_TestD1Ev called 1 returned 100% blocks executed 100%
        1:   47:TEST(Compare, comp6) {
        1:   47-block  0
call    0 returned 1
------------------
_ZN18Compare_comp6_Test8TestBodyEv:
function _ZN18Compare_comp6_Test8TestBodyEv called 1 returned 100% blocks executed 41%
        1:   47:TEST(Compare, comp6) {
        1:   47-block  0
        2:   48:    LongNumber a = LongNumber("0.000000000000000000000000000001");
        1:   48-block  0
call    0 returned 1
branch  1 taken 1 (fallthrough)
branch  2 taken 0 (throw)
        1:   48-block  1
call    3 returned 1
branch  4 taken 1 (fallthrough)
branch  5 taken 0 (throw)
        1:   48-block  2
call    6 returned 1
        1:   48-block  3
    $$$$$:   48-block  4
call    7 never executed
    $$$$$:   48-block  5
    $$$$$:   48-block  6
        1:   49:    LongNumber b = LongNumber("0.0000000000000000000000000000011");
        1:   49-block  0
call    0 returned 1
branch  1 taken 1 (fallthrough)
branch  2 taken 0 (throw)
        1:   49-block  1
call    3 returned 1
branch  4 taken 1 (fallthrough)
branch  5 taken 0 (throw)
        1:   49-block  2
call    6 returned 1
    $$$$$:   49-block  3
call    7 never executed
    $$$$$:   49-block  4
    $$$$$:   49-block  5
        1:   50:    auto ans = (a > b);
        1:   50-block  0
call    0 returned 1
call    1 returned 1
branch  2 taken 1 (fallthrough)
branch  3 taken 0 (throw)
        1:   50-block  1
call    4 returned 1
    $$$$$:   50-block  2
        1:   51:    bool ans_int = false;
       1*:   52:    EXPECT_EQ(ans, ans_int);
call    0 returned 1
branch  1 taken 1 (fallthrough)
branch  2 taken 0 (throw)
        1:   52-block  0
call    3 returned 1
branch  4 taken 0 (fallthrough)
branch  5 taken 1
    %%%%%:   52-block  1
call    6 never executed
branch  7 never executed (fallthrough)
branch  8 never executed (throw)
    %%%%%:   52-block  2
call    9 never executed
call   10 never executed
branch 11 never executed (fallthrough)
branch 12 never executed (throw)
    %%%%%:   52-block  3
call   13 never executed
branch 14 never executed (fallthrough)
branch 15 never executed (throw)
    %%%%%:   52-block  4
call   16 never executed
call   17 never executed
        1:   52-block  5
call   18 returned 1
    $$$$$:   52-block  6
call   19 never executed
    $$$$$:   52-block  7
    $$$$$:   52-block  8
call   20 never executed
    $$$$$:   52-block  9
    $$$$$:   52-block 10
call   21 never executed
        1:   53:}
call    0 returned 1
call    1 returned 1
    $$$$$:   53-block  0
call    2 never executed
    $$$$$:   53-block  1
call    3 never executed
------------------
        -:   54:
        4:   55:TEST(Compare, comp7) {
        2:   56:    LongNumber a = LongNumber("0.000000000000000000000000000001");
        1:   57:    LongNumber b = LongNumber("0.0000000000000000000000000000011");
        1:   58:    auto ans = (a < b);
        1:   59:    bool ans_int = true;
       1*:   60:    EXPECT_EQ(ans, ans_int);
        1:   61:}
------------------
_ZN18Compare_comp7_TestC1Ev:
function _ZN18Compare_comp7_TestC1Ev called 1 returned 100% blocks executed 100%
        1:   55:TEST(Compare, comp7) {
        1:   55-block  0
call    0 returned 1
------------------
_ZN18Compare_comp7_TestD0Ev:
function _ZN18Compare_comp7_TestD0Ev called 1 returned 100% blocks executed 100%
        1:   55:TEST(Compare, comp7) {
        1:   55-block  0
call    0 returned 1
call    1 returned 1
------------------
_ZN18Compare_comp7_TestD1Ev:
function _ZN18Compare_comp7_TestD1Ev called 1 returned 100% blocks executed 100%
        1:   55:TEST(Compare, comp7) {
        1:   55-block  0
call    0 returned 1
------------------
_ZN18Compare_comp7_Test8TestBodyEv:
function _ZN18Compare_comp7_Test8TestBodyEv called 1 returned 100% blocks executed 41%
        1:   55:TEST(Compare, comp7) {
        1:   55-block  0
        2:   56:    LongNumber a = LongNumber("0.000000000000000000000000000001");
        1:   56-block  0
call    0 returned 1
branch  1 taken 1 (fallthrough)
branch  2 taken 0 (throw)
        1:   56-block  1
call    3 returned 1
branch  4 taken 1 (fallthrough)
branch  5 taken 0 (throw)
        1:   56-block  2
call    6 returned 1
        1:   56-block  3
    $$$$$:   56-block  4
call    7 never executed
    $$$$$:   56-block  5
    $$$$$:   56-block  6
        1:   57:    LongNumber b = LongNumber("0.0000000000000000000000000000011");
        1:   57-block  0
call    0 returned 1
branch  1 taken 1 (fallthrough)
branch  2 taken 0 (throw)
        1:   57-block  1
call    3 returned 1
branch  4 taken 1 (fallthrough)
branch  5 taken 0 (throw)
        1:   57-block  2
call    6 returned 1
    $$$$$:   57-block  3
call    7 never executed
    $$$$$:   57-block  4
    $$$$$:   57-block  5
        1:   58:    auto ans = (a < b);
        1:   58-block  0
call    0 returned 1
call    1 returned 1
branch  2 taken 1 (fallthrough)
branch  3 taken 0 (throw)
        1:   58-block  1
call    4 returned 1
    $$$$$:   58-block  2
        1:   59:    bool ans_int = true;
       1*:   60:    EXPECT_EQ(ans, ans_int);
call    0 returned 1
branch  1 taken 1 (fallthrough)
branch  2 taken 0 (throw)
        1:   60-block  0
call    3 returned 1
branch  4 taken 0 (fallthrough)
branch  5 taken 1
    %%%%%:   60-block  1
call    6 never executed
branch  7 never executed (fallthrough)
branch  8 never executed (throw)
    %%%%%:   60-block  2
call    9 never executed
call   10 never executed
branch 11 never executed (fallthrough)
branch 12 never executed (throw)
    %%%%%:   60-block  3
call   13 never executed
branch 14 never executed (fallthrough)
branch 15 never executed (throw)
    %%%%%:   60-block  4
call   16 never executed
call   17 never executed
        1:   60-block  5
call   18 returned 1
    $$$$$:   60-block  6
call   19 never executed
    $$$$$:   60-block  7
    $$$$$:   60-block  8
call   20 never executed
    $$$$$:   60-block  9
    $$$$$:   60-block 10
call   21 never executed
        1:   61:}
call    0 returned 1
call    1 returned 1
    $$$$$:   61-block  0
call    2 never executed
    $$$$$:   61-block  1
call    3 never executed
------------------
        -:   62:
        4:   63:TEST(Compare, comp8) {
        2:   64:    LongNumber a = LongNumber("200.000000000000000000000000000001");
        1:   65:    LongNumber b = LongNumber("200.000000000000000000000000000001");
        1:   66:    auto ans = (a == b);
        1:   67:    bool ans_int = true;
       1*:   68:    EXPECT_EQ(ans, ans_int);
        1:   69:}
------------------
_ZN18Compare_comp8_TestC1Ev:
function _ZN18Compare_comp8_TestC1Ev called 1 returned 100% blocks executed 100%
        1:   63:TEST(Compare, comp8) {
        1:   63-block  0
call    0 returned 1
------------------
_ZN18Compare_comp8_TestD0Ev:
function _ZN18Compare_comp8_TestD0Ev called 1 returned 100% blocks executed 100%
        1:   63:TEST(Compare, comp8) {
        1:   63-block  0
call    0 returned 1
call    1 returned 1
------------------
_ZN18Compare_comp8_TestD1Ev:
function _ZN18Compare_comp8_TestD1Ev called 1 returned 100% blocks executed 100%
        1:   63:TEST(Compare, comp8) {
        1:   63-block  0
call    0 returned 1
------------------
_ZN18Compare_comp8_Test8TestBodyEv:
function _ZN18Compare_comp8_Test8TestBodyEv called 1 returned 100% blocks executed 40%
        1:   63:TEST(Compare, comp8) {
        1:   63-block  0
        2:   64:    LongNumber a = LongNumber("200.000000000000000000000000000001");
        1:   64-block  0
call    0 returned 1
branch  1 taken 1 (fallthrough)
branch  2 taken 0 (throw)
        1:   64-block  1
call    3 returned 1
branch  4 taken 1 (fallthrough)
branch  5 taken 0 (throw)
        1:   64-block  2
call    6 returned 1
        1:   64-block  3
    $$$$$:   64-block  4
call    7 never executed
    $$$$$:   64-block  5
    $$$$$:   64-block  6
        1:   65:    LongNumber b = LongNumber("200.000000000000000000000000000001");
        1:   65-block  0
call    0 returned 1
branch  1 taken 1 (fallthrough)
branch  2 taken 0 (throw)
        1:   65-block  1
call    3 returned 1
branch  4 taken 1 (fallthrough)
branch  5 taken 0 (throw)
        1:   65-block  2
call    6 returned 1
    $$$$$:   65-block  3
call    7 never executed
    $$$$$:   65-block  4
    $$$$$:   65-block  5
        1:   66:    auto ans = (a == b);
        1:   66-block  0
call    0 returned 1
branch  1 taken 1 (fallthrough)
branch  2 taken 0 (throw)
        1:   67:    bool ans_int = true;
       1*:   68:    EXPECT_EQ(ans, ans_int);
        1:   68-block  0
call    0 returned 1
branch  1 taken 1 (fallthrough)
branch  2 taken 0 (throw)
        1:   68-block  1
call    3 returned 1
branch  4 taken 0 (fallthrough)
branch  5 taken 1
    %%%%%:   68-block  2
call    6 never executed
branch  7 never executed (fallthrough)
branch  8 never executed (throw)
    %%%%%:   68-block  3
call    9 never executed
call   10 never executed
branch 11 never executed (fallthrough)
branch 12 never executed (throw)
    %%%%%:   68-block  4
call   13 never executed
branch 14 never executed (fallthrough)
branch 15 never executed (throw)
    %%%%%:   68-block  5
call   16 never executed
call   17 never executed
        1:   68-block  6
call   18 returned 1
    $$$$$:   68-block  7
call   19 never executed
    $$$$$:   68-block  8
    $$$$$:   68-block  9
call   20 never executed
    $$$$$:   68-block 10
    $$$$$:   68-block 11
call   21 never executed
        1:   69:}
call    0 returned 1
call    1 returned 1
    $$$$$:   69-block  0
call    2 never executed
    $$$$$:   69-block  1
call    3 never executed
------------------
        -:   70:
        4:   71:TEST(Compare, comp9) {
        2:   72:    LongNumber a = LongNumber("-200.1");
        1:   73:    LongNumber b = LongNumber("200.1");
        1:   74:    bool ans = (a == b);
        1:   75:    bool ans_int = false;
       1*:   76:    EXPECT_EQ(ans, ans_int);
        1:   77:}
------------------
_ZN18Compare_comp9_TestC1Ev:
function _ZN18Compare_comp9_TestC1Ev called 1 returned 100% blocks executed 100%
        1:   71:TEST(Compare, comp9) {
        1:   71-block  0
call    0 returned 1
------------------
_ZN18Compare_comp9_TestD0Ev:
function _ZN18Compare_comp9_TestD0Ev called 1 returned 100% blocks executed 100%
        1:   71:TEST(Compare, comp9) {
        1:   71-block  0
call    0 returned 1
call    1 returned 1
------------------
_ZN18Compare_comp9_TestD1Ev:
function _ZN18Compare_comp9_TestD1Ev called 1 returned 100% blocks executed 100%
        1:   71:TEST(Compare, comp9) {
        1:   71-block  0
call    0 returned 1
------------------
_ZN18Compare_comp9_Test8TestBodyEv:
function _ZN18Compare_comp9_Test8TestBodyEv called 1 returned 100% blocks executed 40%
        1:   71:TEST(Compare, comp9) {
        1:   71-block  0
        2:   72:    LongNumber a = LongNumber("-200.1");
        1:   72-block  0
call    0 returned 1
branch  1 taken 1 (fallthrough)
branch  2 taken 0 (throw)
        1:   72-block  1
call    3 returned 1
branch  4 taken 1 (fallthrough)
branch  5 taken 0 (throw)
        1:   72-block  2
call    6 returned 1
        1:   72-block  3
    $$$$$:   72-block  4
call    7 never executed
    $$$$$:   72-block  5
    $$$$$:   72-block  6
        1:   73:    LongNumber b = LongNumber("200.1");
        1:   73-block  0
call    0 returned 1
branch  1 taken 1 (fallthrough)
branch  2 taken 0 (throw)
        1:   73-block  1
call    3 returned 1
branch  4 taken 1 (fallthrough)
branch  5 taken 0 (throw)
        1:   73-block  2
call    6 returned 1
    $$$$$:   73-block  3
call    7 never executed
    $$$$$:   73-block  4
    $$$$$:   73-block  5
        1:   74:    bool ans = (a == b);
        1:   74-block  0
call    0 returned 1
branch  1 taken 1 (fallthrough)
branch  2 taken 0 (throw)
        1:   75:    bool ans_int = false;
       1*:   76:    EXPECT_EQ(ans, ans_int);
        1:   76-block  0
call    0 returned 1
branch  1 taken 1 (fallthrough)
branch  2 taken 0 (throw)
        1:   76-block  1
call    3 returned 1
branch  4 taken 0 (fallthrough)
branch  5 taken 1
    %%%%%:   76-block  2
call    6 never executed
branch  7 never executed (fallthrough)
branch  8 never executed (throw)
    %%%%%:   76-block  3
call    9 never executed
call   10 never executed
branch 11 never executed (fallthrough)
branch 12 never executed (throw)
    %%%%%:   76-block  4
call   13 never executed
branch 14 never executed (fallthrough)
branch 15 never executed (throw)
    %%%%%:   76-block  5
call   16 never executed
call   17 never executed
        1:   76-block  6
call   18 returned 1
    $$$$$:   76-block  7
call   19 never executed
    $$$$$:   76-block  8
    $$$$$:   76-block  9
call   20 never executed
    $$$$$:   76-block 10
    $$$$$:   76-block 11
call   21 never executed
        1:   77:}
call    0 returned 1
call    1 returned 1
    $$$$$:   77-block  0
call    2 never executed
    $$$$$:   77-block  1
call    3 never executed
------------------
        -:   78:
        -:   79:
        4:   80:TEST(Compare, comp10) {
        2:   81:    LongNumber a = LongNumber("-0.0");
        1:   82:    LongNumber b = LongNumber("0.0");
        1:   83:    bool ans = (a == b);
        1:   84:    bool ans_int = true;
       1*:   85:    EXPECT_EQ(ans, ans_int);
        1:   86:}
------------------
_ZN19Compare_comp10_TestC1Ev:
function _ZN19Compare_comp10_TestC1Ev called 1 returned 100% blocks executed 100%
        1:   80:TEST(Compare, comp10) {
        1:   80-block  0
call    0 returned 1
------------------
_ZN19Compare_comp10_TestD0Ev:
function _ZN19Compare_comp10_TestD0Ev called 1 returned 100% blocks executed 100%
        1:   80:TEST(Compare, comp10) {
        1:   80-block  0
call    0 returned 1
call    1 returned 1
------------------
_ZN19Compare_comp10_TestD1Ev:
function _ZN19Compare_comp10_TestD1Ev called 1 returned 100% blocks executed 100%
        1:   80:TEST(Compare, comp10) {
        1:   80-block  0
call    0 returned 1
------------------
_ZN19Compare_comp10_Test8TestBodyEv:
function _ZN19Compare_comp10_Test8TestBodyEv called 1 returned 100% blocks executed 40%
        1:   80:TEST(Compare, comp10) {
        1:   80-block  0
        2:   81:    LongNumber a = LongNumber("-0.0");
        1:   81-block  0
call    0 returned 1
branch  1 taken 1 (fallthrough)
branch  2 taken 0 (throw)
        1:   81-block  1
call    3 returned 1
branch  4 taken 1 (fallthrough)
branch  5 taken 0 (throw)
        1:   81-block  2
call    6 returned 1
        1:   81-block  3
    $$$$$:   81-block  4
call    7 never executed
    $$$$$:   81-block  5
    $$$$$:   81-block  6
        1:   82:    LongNumber b = LongNumber("0.0");
        1:   82-block  0
call    0 returned 1
branch  1 taken 1 (fallthrough)
branch  2 taken 0 (throw)
        1:   82-block  1
call    3 returned 1
branch  4 taken 1 (fallthrough)
branch  5 taken 0 (throw)
        1:   82-block  2
call    6 returned 1
    $$$$$:   82-block  3
call    7 never executed
    $$$$$:   82-block  4
    $$$$$:   82-block  5
        1:   83:    bool ans = (a == b);
        1:   83-block  0
call    0 returned 1
branch  1 taken 1 (fallthrough)
branch  2 taken 0 (throw)
        1:   84:    bool ans_int = true;
       1*:   85:    EXPECT_EQ(ans, ans_int);
        1:   85-block  0
call    0 returned 1
branch  1 taken 1 (fallthrough)
branch  2 taken 0 (throw)
        1:   85-block  1
call    3 returned 1
branch  4 taken 0 (fallthrough)
branch  5 taken 1
    %%%%%:   85-block  2
call    6 never executed
branch  7 never executed (fallthrough)
branch  8 never executed (throw)
    %%%%%:   85-block  3
call    9 never executed
call   10 never executed
branch 11 never executed (fallthrough)
branch 12 never executed (throw)
    %%%%%:   85-block  4
call   13 never executed
branch 14 never executed (fallthrough)
branch 15 never executed (throw)
    %%%%%:   85-block  5
call   16 never executed
call   17 never executed
        1:   85-block  6
call   18 returned 1
    $$$$$:   85-block  7
call   19 never executed
    $$$$$:   85-block  8
    $$$$$:   85-block  9
call   20 never executed
    $$$$$:   85-block 10
    $$$$$:   85-block 11
call   21 never executed
        1:   86:}
call    0 returned 1
call    1 returned 1
    $$$$$:   86-block  0
call    2 never executed
    $$$$$:   86-block  1
call    3 never executed
------------------
        -:   87:
        5:   88:TEST(Compare, comp11) {
        2:   89:    LongNumber a = LongNumber("-200.1");
        1:   90:    LongNumber b = LongNumber("200.1");
        1:   91:    bool ans = (a != b);
        1:   92:    bool ans_int = true;
       1*:   93:    EXPECT_EQ(ans, ans_int);
        1:   94:}
------------------
_ZN19Compare_comp11_TestC1Ev:
function _ZN19Compare_comp11_TestC1Ev called 1 returned 100% blocks executed 100%
        1:   88:TEST(Compare, comp11) {
        1:   88-block  0
call    0 returned 1
------------------
_ZN19Compare_comp11_TestD0Ev:
function _ZN19Compare_comp11_TestD0Ev called 1 returned 100% blocks executed 100%
        1:   88:TEST(Compare, comp11) {
        1:   88-block  0
call    0 returned 1
call    1 returned 1
------------------
_ZN19Compare_comp11_TestD1Ev:
function _ZN19Compare_comp11_TestD1Ev called 1 returned 100% blocks executed 100%
        1:   88:TEST(Compare, comp11) {
        1:   88-block  0
call    0 returned 1
------------------
_ZN19Compare_comp11_Test8TestBodyEv:
function _ZN19Compare_comp11_Test8TestBodyEv called 1 returned 100% blocks executed 40%
        2:   88:TEST(Compare, comp11) {
        1:   88-block  0
        1:   88-block  1
        2:   89:    LongNumber a = LongNumber("-200.1");
        1:   89-block  0
call    0 returned 1
branch  1 taken 1 (fallthrough)
branch  2 taken 0 (throw)
        1:   89-block  1
call    3 returned 1
branch  4 taken 1 (fallthrough)
branch  5 taken 0 (throw)
        1:   89-block  2
call    6 returned 1
        1:   89-block  3
    $$$$$:   89-block  4
call    7 never executed
    $$$$$:   89-block  5
    $$$$$:   89-block  6
        1:   90:    LongNumber b = LongNumber("200.1");
        1:   90-block  0
call    0 returned 1
branch  1 taken 1 (fallthrough)
branch  2 taken 0 (throw)
        1:   90-block  1
call    3 returned 1
branch  4 taken 1 (fallthrough)
branch  5 taken 0 (throw)
        1:   90-block  2
call    6 returned 1
    $$$$$:   90-block  3
call    7 never executed
    $$$$$:   90-block  4
    $$$$$:   90-block  5
        1:   91:    bool ans = (a != b);
        1:   91-block  0
call    0 returned 1
branch  1 taken 1 (fallthrough)
branch  2 taken 0 (throw)
        1:   92:    bool ans_int = true;
       1*:   93:    EXPECT_EQ(ans, ans_int);
        1:   93-block  0
call    0 returned 1
branch  1 taken 1 (fallthrough)
branch  2 taken 0 (throw)
        1:   93-block  1
call    3 returned 1
branch  4 taken 0 (fallthrough)
branch  5 taken 1
    %%%%%:   93-block  2
call    6 never executed
branch  7 never executed (fallthrough)
branch  8 never executed (throw)
    %%%%%:   93-block  3
call    9 never executed
call   10 never executed
branch 11 never executed (fallthrough)
branch 12 never executed (throw)
    %%%%%:   93-block  4
call   13 never executed
branch 14 never executed (fallthrough)
branch 15 never executed (throw)
    %%%%%:   93-block  5
call   16 never executed
call   17 never executed
        1:   93-block  6
call   18 returned 1
    $$$$$:   93-block  7
call   19 never executed
    $$$$$:   93-block  8
    $$$$$:   93-block  9
call   20 never executed
    $$$$$:   93-block 10
    $$$$$:   93-block 11
call   21 never executed
        1:   94:}
call    0 returned 1
call    1 returned 1
    $$$$$:   94-block  0
call    2 never executed
    $$$$$:   94-block  1
call    3 never executed
------------------
        -:   95:
        4:   96:TEST(Compare, comp12) {
        2:   97:    LongNumber a = LongNumber("200.1");
        1:   98:    LongNumber b = LongNumber("200.1");
        1:   99:    bool ans = (a != b);
        1:  100:    bool ans_int = false;
       1*:  101:    EXPECT_EQ(ans, ans_int);
        1:  102:}
------------------
_ZN19Compare_comp12_TestC1Ev:
function _ZN19Compare_comp12_TestC1Ev called 1 returned 100% blocks executed 100%
        1:   96:TEST(Compare, comp12) {
        1:   96-block  0
call    0 returned 1
------------------
_ZN19Compare_comp12_TestD0Ev:
function _ZN19Compare_comp12_TestD0Ev called 1 returned 100% blocks executed 100%
        1:   96:TEST(Compare, comp12) {
        1:   96-block  0
call    0 returned 1
call    1 returned 1
------------------
_ZN19Compare_comp12_TestD1Ev:
function _ZN19Compare_comp12_TestD1Ev called 1 returned 100% blocks executed 100%
        1:   96:TEST(Compare, comp12) {
        1:   96-block  0
call    0 returned 1
------------------
_ZN19Compare_comp12_Test8TestBodyEv:
function _ZN19Compare_comp12_Test8TestBodyEv called 1 returned 100% blocks executed 40%
        1:   96:TEST(Compare, comp12) {
        1:   96-block  0
        2:   97:    LongNumber a = LongNumber("200.1");
        1:   97-block  0
call    0 returned 1
branch  1 taken 1 (fallthrough)
branch  2 taken 0 (throw)
        1:   97-block  1
call    3 returned 1
branch  4 taken 1 (fallthrough)
branch  5 taken 0 (throw)
        1:   97-block  2
call    6 returned 1
        1:   97-block  3
    $$$$$:   97-block  4
call    7 never executed
    $$$$$:   97-block  5
    $$$$$:   97-block  6
        1:   98:    LongNumber b = LongNumber("200.1");
        1:   98-block  0
call    0 returned 1
branch  1 taken 1 (fallthrough)
branch  2 taken 0 (throw)
        1:   98-block  1
call    3 returned 1
branch  4 taken 1 (fallthrough)
branch  5 taken 0 (throw)
        1:   98-block  2
call    6 returned 1
    $$$$$:   98-block  3
call    7 never executed
    $$$$$:   98-block  4
    $$$$$:   98-block  5
        1:   99:    bool ans = (a != b);
        1:   99-block  0
call    0 returned 1
branch  1 taken 1 (fallthrough)
branch  2 taken 0 (throw)
        1:  100:    bool ans_int = false;
       1*:  101:    EXPECT_EQ(ans, ans_int);
        1:  101-block  0
call    0 returned 1
branch  1 taken 1 (fallthrough)
branch  2 taken 0 (throw)
        1:  101-block  1
call    3 returned 1
branch  4 taken 0 (fallthrough)
branch  5 taken 1
    %%%%%:  101-block  2
call    6 never executed
branch  7 never executed (fallthrough)
branch  8 never executed (throw)
    %%%%%:  101-block  3
call    9 never executed
call   10 never executed
branch 11 never executed (fallthrough)
branch 12 never executed (throw)
    %%%%%:  101-block  4
call   13 never executed
branch 14 never executed (fallthrough)
branch 15 never executed (throw)
    %%%%%:  101-block  5
call   16 never executed
call   17 never executed
        1:  101-block  6
call   18 returned 1
    $$$$$:  101-block  7
call   19 never executed
    $$$$$:  101-block  8
    $$$$$:  101-block  9
call   20 never executed
    $$$$$:  101-block 10
    $$$$$:  101-block 11
call   21 never executed
        1:  102:}
call    0 returned 1
call    1 returned 1
    $$$$$:  102-block  0
call    2 never executed
    $$$$$:  102-block  1
call    3 never executed
------------------
        -:  103:
        4:  104:TEST(Abs, abs1) {
        1:  105:    LongNumber a = LongNumber("10.10922");
        1:  106:    auto ans = a.abs();
       1*:  107:    EXPECT_EQ(ans, a);
        1:  108:}
------------------
_ZN13Abs_abs1_TestC1Ev:
function _ZN13Abs_abs1_TestC1Ev called 1 returned 100% blocks executed 100%
        1:  104:TEST(Abs, abs1) {
        1:  104-block  0
call    0 returned 1
------------------
_ZN13Abs_abs1_TestD0Ev:
function _ZN13Abs_abs1_TestD0Ev called 1 returned 100% blocks executed 100%
        1:  104:TEST(Abs, abs1) {
        1:  104-block  0
call    0 returned 1
call    1 returned 1
------------------
_ZN13Abs_abs1_TestD1Ev:
function _ZN13Abs_abs1_TestD1Ev called 1 returned 100% blocks executed 100%
        1:  104:TEST(Abs, abs1) {
        1:  104-block  0
call    0 returned 1
------------------
_ZN13Abs_abs1_Test8TestBodyEv:
function _ZN13Abs_abs1_Test8TestBodyEv called 1 returned 100% blocks executed 37%
        1:  104:TEST(Abs, abs1) {
        1:  104-block  0
        1:  105:    LongNumber a = LongNumber("10.10922");
        1:  105-block  0
call    0 returned 1
branch  1 taken 1 (fallthrough)
branch  2 taken 0 (throw)
        1:  105-block  1
call    3 returned 1
branch  4 taken 1 (fallthrough)
branch  5 taken 0 (throw)
        1:  105-block  2
call    6 returned 1
    $$$$$:  105-block  3
call    7 never executed
    $$$$$:  105-block  4
    $$$$$:  105-block  5
        1:  106:    auto ans = a.abs();
        1:  106-block  0
call    0 returned 1
branch  1 taken 1 (fallthrough)
branch  2 taken 0 (throw)
       1*:  107:    EXPECT_EQ(ans, a);
        1:  107-block  0
call    0 returned 1
branch  1 taken 1 (fallthrough)
branch  2 taken 0 (throw)
        1:  107-block  1
call    3 returned 1
branch  4 taken 0 (fallthrough)
branch  5 taken 1
    %%%%%:  107-block  2
call    6 never executed
branch  7 never executed (fallthrough)
branch  8 never executed (throw)
    %%%%%:  107-block  3
call    9 never executed
call   10 never executed
branch 11 never executed (fallthrough)
branch 12 never executed (throw)
    %%%%%:  107-block  4
call   13 never executed
branch 14 never executed (fallthrough)
branch 15 never executed (throw)
    %%%%%:  107-block  5
call   16 never executed
call   17 never executed
        1:  107-block  6
call   18 returned 1
    $$$$$:  107-block  7
call   19 never executed
    $$$$$:  107-block  8
    $$$$$:  107-block  9
call   20 never executed
    $$$$$:  107-block 10
    $$$$$:  107-block 11
call   21 never executed
        1:  108:}
call    0 returned 1
call    1 returned 1
    $$$$$:  108-block  0
call    2 never executed
    $$$$$:  108-block  1
call    3 never executed
------------------
        -:  109:
        4:  110:TEST(Abs, abs2) {
        1:  111:    LongNumber a = LongNumber("-10.10922");
        1:  112:    auto ans = a.abs();
        1:  113:    auto ans_int = LongNumber("10.10922");
       1*:  114:    EXPECT_EQ(ans, ans_int);
        1:  115:}
------------------
_ZN13Abs_abs2_TestC1Ev:
function _ZN13Abs_abs2_TestC1Ev called 1 returned 100% blocks executed 100%
        1:  110:TEST(Abs, abs2) {
        1:  110-block  0
call    0 returned 1
------------------
_ZN13Abs_abs2_TestD0Ev:
function _ZN13Abs_abs2_TestD0Ev called 1 returned 100% blocks executed 100%
        1:  110:TEST(Abs, abs2) {
        1:  110-block  0
call    0 returned 1
call    1 returned 1
------------------
_ZN13Abs_abs2_TestD1Ev:
function _ZN13Abs_abs2_TestD1Ev called 1 returned 100% blocks executed 100%
        1:  110:TEST(Abs, abs2) {
        1:  110-block  0
call    0 returned 1
------------------
_ZN13Abs_abs2_Test8TestBodyEv:
function _ZN13Abs_abs2_Test8TestBodyEv called 1 returned 100% blocks executed 39%
        1:  110:TEST(Abs, abs2) {
        1:  110-block  0
        1:  111:    LongNumber a = LongNumber("-10.10922");
        1:  111-block  0
call    0 returned 1
branch  1 taken 1 (fallthrough)
branch  2 taken 0 (throw)
        1:  111-block  1
call    3 returned 1
branch  4 taken 1 (fallthrough)
branch  5 taken 0 (throw)
        1:  111-block  2
call    6 returned 1
    $$$$$:  111-block  3
call    7 never executed
    $$$$$:  111-block  4
    $$$$$:  111-block  5
        1:  112:    auto ans = a.abs();
        1:  112-block  0
call    0 returned 1
branch  1 taken 1 (fallthrough)
branch  2 taken 0 (throw)
        1:  113:    auto ans_int = LongNumber("10.10922");
        1:  113-block  0
call    0 returned 1
branch  1 taken 1 (fallthrough)
branch  2 taken 0 (throw)
        1:  113-block  1
call    3 returned 1
branch  4 taken 1 (fallthrough)
branch  5 taken 0 (throw)
        1:  113-block  2
call    6 returned 1
    $$$$$:  113-block  3
call    7 never executed
    $$$$$:  113-block  4
    $$$$$:  113-block  5
       1*:  114:    EXPECT_EQ(ans, ans_int);
        1:  114-block  0
call    0 returned 1
branch  1 taken 1 (fallthrough)
branch  2 taken 0 (throw)
        1:  114-block  1
call    3 returned 1
branch  4 taken 0 (fallthrough)
branch  5 taken 1
    %%%%%:  114-block  2
call    6 never executed
branch  7 never executed (fallthrough)
branch  8 never executed (throw)
    %%%%%:  114-block  3
call    9 never executed
call   10 never executed
branch 11 never executed (fallthrough)
branch 12 never executed (throw)
    %%%%%:  114-block  4
call   13 never executed
branch 14 never executed (fallthrough)
branch 15 never executed (throw)
    %%%%%:  114-block  5
call   16 never executed
call   17 never executed
        1:  114-block  6
call   18 returned 1
    $$$$$:  114-block  7
call   19 never executed
    $$$$$:  114-block  8
    $$$$$:  114-block  9
call   20 never executed
    $$$$$:  114-block 10
    $$$$$:  114-block 11
call   21 never executed
        1:  115:}
call    0 returned 1
call    1 returned 1
call    2 returned 1
    $$$$$:  115-block  0
call    3 never executed
    $$$$$:  115-block  1
call    4 never executed
    $$$$$:  115-block  2
call    5 never executed
------------------
        -:  116:
        4:  117:TEST(Neg, neg1) {
        1:  118:    LongNumber a = LongNumber("-10.10922");
        1:  119:    auto ans = -a;
        1:  120:    auto ans_int = LongNumber("10.10922");
       1*:  121:    EXPECT_EQ(ans, ans_int);
        1:  122:}
------------------
_ZN13Neg_neg1_TestC1Ev:
function _ZN13Neg_neg1_TestC1Ev called 1 returned 100% blocks executed 100%
        1:  117:TEST(Neg, neg1) {
        1:  117-block  0
call    0 returned 1
------------------
_ZN13Neg_neg1_TestD0Ev:
function _ZN13Neg_neg1_TestD0Ev called 1 returned 100% blocks executed 100%
        1:  117:TEST(Neg, neg1) {
        1:  117-block  0
call    0 returned 1
call    1 returned 1
------------------
_ZN13Neg_neg1_TestD1Ev:
function _ZN13Neg_neg1_TestD1Ev called 1 returned 100% blocks executed 100%
        1:  117:TEST(Neg, neg1) {
        1:  117-block  0
call    0 returned 1
------------------
_ZN13Neg_neg1_Test8TestBodyEv:
function _ZN13Neg_neg1_Test8TestBodyEv called 1 returned 100% blocks executed 39%
        1:  117:TEST(Neg, neg1) {
        1:  117-block  0
        1:  118:    LongNumber a = LongNumber("-10.10922");
        1:  118-block  0
call    0 returned 1
branch  1 taken 1 (fallthrough)
branch  2 taken 0 (throw)
        1:  118-block  1
call    3 returned 1
branch  4 taken 1 (fallthrough)
branch  5 taken 0 (throw)
        1:  118-block  2
call    6 returned 1
    $$$$$:  118-block  3
call    7 never executed
    $$$$$:  118-block  4
    $$$$$:  118-block  5
        1:  119:    auto ans = -a;
        1:  119-block  0
call    0 returned 1
branch  1 taken 1 (fallthrough)
branch  2 taken 0 (throw)
        1:  120:    auto ans_int = LongNumber("10.10922");
        1:  120-block  0
call    0 returned 1
branch  1 taken 1 (fallthrough)
branch  2 taken 0 (throw)
        1:  120-block  1
call    3 returned 1
branch  4 taken 1 (fallthrough)
branch  5 taken 0 (throw)
        1:  120-block  2
call    6 returned 1
    $$$$$:  120-block  3
call    7 never executed
    $$$$$:  120-block  4
    $$$$$:  120-block  5
       1*:  121:    EXPECT_EQ(ans, ans_int);
        1:  121-block  0
call    0 returned 1
branch  1 taken 1 (fallthrough)
branch  2 taken 0 (throw)
        1:  121-block  1
call    3 returned 1
branch  4 taken 0 (fallthrough)
branch  5 taken 1
    %%%%%:  121-block  2
call    6 never executed
branch  7 never executed (fallthrough)
branch  8 never executed (throw)
    %%%%%:  121-block  3
call    9 never executed
call   10 never executed
branch 11 never executed (fallthrough)
branch 12 never executed (throw)
    %%%%%:  121-block  4
call   13 never executed
branch 14 never executed (fallthrough)
branch 15 never executed (throw)
    %%%%%:  121-block  5
call   16 never executed
call   17 never executed
        1:  121-block  6
call   18 returned 1
    $$$$$:  121-block  7
call   19 never executed
    $$$$$:  121-block  8
    $$$$$:  121-block  9
call   20 never executed
    $$$$$:  121-block 10
    $$$$$:  121-block 11
call   21 never executed
        1:  122:}
call    0 returned 1
call    1 returned 1
call    2 returned 1
    $$$$$:  122-block  0
call    3 never executed
    $$$$$:  122-block  1
call    4 never executed
    $$$$$:  122-block  2
call    5 never executed
------------------
        -:  123:
        4:  124:TEST(Neg, neg2) {
        1:  125:    LongNumber a = LongNumber("10.10922");
        1:  126:    auto ans = -a;
        1:  127:    auto ans_int = LongNumber("-10.10922");
       1*:  128:    EXPECT_EQ(ans, ans_int);
        1:  129:}
------------------
_ZN13Neg_neg2_TestC1Ev:
function _ZN13Neg_neg2_TestC1Ev called 1 returned 100% blocks executed 100%
        1:  124:TEST(Neg, neg2) {
        1:  124-block  0
call    0 returned 1
------------------
_ZN13Neg_neg2_TestD0Ev:
function _ZN13Neg_neg2_TestD0Ev called 1 returned 100% blocks executed 100%
        1:  124:TEST(Neg, neg2) {
        1:  124-block  0
call    0 returned 1
call    1 returned 1
------------------
_ZN13Neg_neg2_TestD1Ev:
function _ZN13Neg_neg2_TestD1Ev called 1 returned 100% blocks executed 100%
        1:  124:TEST(Neg, neg2) {
        1:  124-block  0
call    0 returned 1
------------------
_ZN13Neg_neg2_Test8TestBodyEv:
function _ZN13Neg_neg2_Test8TestBodyEv called 1 returned 100% blocks executed 39%
        1:  124:TEST(Neg, neg2) {
        1:  124-block  0
        1:  125:    LongNumber a = LongNumber("10.10922");
        1:  125-block  0
call    0 returned 1
branch  1 taken 1 (fallthrough)
branch  2 taken 0 (throw)
        1:  125-block  1
call    3 returned 1
branch  4 taken 1 (fallthrough)
branch  5 taken 0 (throw)
        1:  125-block  2
call    6 returned 1
    $$$$$:  125-block  3
call    7 never executed
    $$$$$:  125-block  4
    $$$$$:  125-block  5
        1:  126:    auto ans = -a;
        1:  126-block  0
call    0 returned 1
branch  1 taken 1 (fallthrough)
branch  2 taken 0 (throw)
        1:  127:    auto ans_int = LongNumber("-10.10922");
        1:  127-block  0
call    0 returned 1
branch  1 taken 1 (fallthrough)
branch  2 taken 0 (throw)
        1:  127-block  1
call    3 returned 1
branch  4 taken 1 (fallthrough)
branch  5 taken 0 (throw)
        1:  127-block  2
call    6 returned 1
    $$$$$:  127-block  3
call    7 never executed
    $$$$$:  127-block  4
    $$$$$:  127-block  5
       1*:  128:    EXPECT_EQ(ans, ans_int);
        1:  128-block  0
call    0 returned 1
branch  1 taken 1 (fallthrough)
branch  2 taken 0 (throw)
        1:  128-block  1
call    3 returned 1
branch  4 taken 0 (fallthrough)
branch  5 taken 1
    %%%%%:  128-block  2
call    6 never executed
branch  7 never executed (fallthrough)
branch  8 never executed (throw)
    %%%%%:  128-block  3
call    9 never executed
call   10 never executed
branch 11 never executed (fallthrough)
branch 12 never executed (throw)
    %%%%%:  128-block  4
call   13 never executed
branch 14 never executed (fallthrough)
branch 15 never executed (throw)
    %%%%%:  128-block  5
call   16 never executed
call   17 never executed
        1:  128-block  6
call   18 returned 1
    $$$$$:  128-block  7
call   19 never executed
    $$$$$:  128-block  8
    $$$$$:  128-block  9
call   20 never executed
    $$$$$:  128-block 10
    $$$$$:  128-block 11
call   21 never executed
        1:  129:}
call    0 returned 1
call    1 returned 1
call    2 returned 1
    $$$$$:  129-block  0
call    3 never executed
    $$$$$:  129-block  1
call    4 never executed
    $$$$$:  129-block  2
call    5 never executed
------------------
        -:  130:
        4:  131:TEST(Add, add1) {
        2:  132:    LongNumber a = LongNumber("10.102");
        1:  133:    LongNumber b = LongNumber("11.901");
        1:  134:    auto ans = (a + b);
        1:  135:    auto ans_int = LongNumber("22.003");
       1*:  136:    EXPECT_EQ(ans, ans_int);
        1:  137:}
------------------
_ZN13Add_add1_TestC1Ev:
function _ZN13Add_add1_TestC1Ev called 1 returned 100% blocks executed 100%
        1:  131:TEST(Add, add1) {
        1:  131-block  0
call    0 returned 1
------------------
_ZN13Add_add1_TestD0Ev:
function _ZN13Add_add1_TestD0Ev called 1 returned 100% blocks executed 100%
        1:  131:TEST(Add, add1) {
        1:  131-block  0
call    0 returned 1
call    1 returned 1
------------------
_ZN13Add_add1_TestD1Ev:
function _ZN13Add_add1_TestD1Ev called 1 returned 100% blocks executed 100%
        1:  131:TEST(Add, add1) {
        1:  131-block  0
call    0 returned 1
------------------
_ZN13Add_add1_Test8TestBodyEv:
function _ZN13Add_add1_Test8TestBodyEv called 1 returned 100% blocks executed 41%
        1:  131:TEST(Add, add1) {
        1:  131-block  0
        2:  132:    LongNumber a = LongNumber("10.102");
        1:  132-block  0
call    0 returned 1
branch  1 taken 1 (fallthrough)
branch  2 taken 0 (throw)
        1:  132-block  1
call    3 returned 1
branch  4 taken 1 (fallthrough)
branch  5 taken 0 (throw)
        1:  132-block  2
call    6 returned 1
        1:  132-block  3
    $$$$$:  132-block  4
call    7 never executed
    $$$$$:  132-block  5
    $$$$$:  132-block  6
        1:  133:    LongNumber b = LongNumber("11.901");
        1:  133-block  0
call    0 returned 1
branch  1 taken 1 (fallthrough)
branch  2 taken 0 (throw)
        1:  133-block  1
call    3 returned 1
branch  4 taken 1 (fallthrough)
branch  5 taken 0 (throw)
        1:  133-block  2
call    6 returned 1
    $$$$$:  133-block  3
call    7 never executed
    $$$$$:  133-block  4
    $$$$$:  133-block  5
        1:  134:    auto ans = (a + b);
        1:  134-block  0
call    0 returned 1
branch  1 taken 1 (fallthrough)
branch  2 taken 0 (throw)
        1:  134-block  1
call    3 returned 1
branch  4 taken 1 (fallthrough)
branch  5 taken 0 (throw)
        1:  134-block  2
call    6 returned 1
    $$$$$:  134-block  3
call    7 never executed
    $$$$$:  134-block  4
        1:  135:    auto ans_int = LongNumber("22.003");
        1:  135-block  0
call    0 returned 1
branch  1 taken 1 (fallthrough)
branch  2 taken 0 (throw)
        1:  135-block  1
call    3 returned 1
branch  4 taken 1 (fallthrough)
branch  5 taken 0 (throw)
        1:  135-block  2
call    6 returned 1
    $$$$$:  135-block  3
call    7 never executed
    $$$$$:  135-block  4
    $$$$$:  135-block  5
       1*:  136:    EXPECT_EQ(ans, ans_int);
        1:  136-block  0
call    0 returned 1
branch  1 taken 1 (fallthrough)
branch  2 taken 0 (throw)
        1:  136-block  1
call    3 returned 1
branch  4 taken 0 (fallthrough)
branch  5 taken 1
    %%%%%:  136-block  2
call    6 never executed
branch  7 never executed (fallthrough)
branch  8 never executed (throw)
    %%%%%:  136-block  3
call    9 never executed
call   10 never executed
branch 11 never executed (fallthrough)
branch 12 never executed (throw)
    %%%%%:  136-block  4
call   13 never executed
branch 14 never executed (fallthrough)
branch 15 never executed (throw)
    %%%%%:  136-block  5
call   16 never executed
call   17 never executed
        1:  136-block  6
call   18 returned 1
    $$$$$:  136-block  7
call   19 never executed
    $$$$$:  136-block  8
    $$$$$:  136-block  9
call   20 never executed
    $$$$$:  136-block 10
    $$$$$:  136-block 11
call   21 never executed
        1:  137:}
call    0 returned 1
call    1 returned 1
call    2 returned 1
call    3 returned 1
    $$$$$:  137-block  0
call    4 never executed
    $$$$$:  137-block  1
call    5 never executed
    $$$$$:  137-block  2
call    6 never executed
    $$$$$:  137-block  3
call    7 never executed
------------------
        -:  138:
        4:  139:TEST(Add, add2) {
        2:  140:    LongNumber a = LongNumber("10.102");
        1:  141:    LongNumber b = LongNumber("-10.102");
        1:  142:    auto ans = (a + b);
        1:  143:    auto ans_int = LongNumber("0");
       1*:  144:    EXPECT_EQ(ans, ans_int);
        1:  145:}
------------------
_ZN13Add_add2_TestC1Ev:
function _ZN13Add_add2_TestC1Ev called 1 returned 100% blocks executed 100%
        1:  139:TEST(Add, add2) {
        1:  139-block  0
call    0 returned 1
------------------
_ZN13Add_add2_TestD0Ev:
function _ZN13Add_add2_TestD0Ev called 1 returned 100% blocks executed 100%
        1:  139:TEST(Add, add2) {
        1:  139-block  0
call    0 returned 1
call    1 returned 1
------------------
_ZN13Add_add2_TestD1Ev:
function _ZN13Add_add2_TestD1Ev called 1 returned 100% blocks executed 100%
        1:  139:TEST(Add, add2) {
        1:  139-block  0
call    0 returned 1
------------------
_ZN13Add_add2_Test8TestBodyEv:
function _ZN13Add_add2_Test8TestBodyEv called 1 returned 100% blocks executed 41%
        1:  139:TEST(Add, add2) {
        1:  139-block  0
        2:  140:    LongNumber a = LongNumber("10.102");
        1:  140-block  0
call    0 returned 1
branch  1 taken 1 (fallthrough)
branch  2 taken 0 (throw)
        1:  140-block  1
call    3 returned 1
branch  4 taken 1 (fallthrough)
branch  5 taken 0 (throw)
        1:  140-block  2
call    6 returned 1
        1:  140-block  3
    $$$$$:  140-block  4
call    7 never executed
    $$$$$:  140-block  5
    $$$$$:  140-block  6
        1:  141:    LongNumber b = LongNumber("-10.102");
        1:  141-block  0
call    0 returned 1
branch  1 taken 1 (fallthrough)
branch  2 taken 0 (throw)
        1:  141-block  1
call    3 returned 1
branch  4 taken 1 (fallthrough)
branch  5 taken 0 (throw)
        1:  141-block  2
call    6 returned 1
    $$$$$:  141-block  3
call    7 never executed
    $$$$$:  141-block  4
    $$$$$:  141-block  5
        1:  142:    auto ans = (a + b);
        1:  142-block  0
call    0 returned 1
branch  1 taken 1 (fallthrough)
branch  2 taken 0 (throw)
        1:  142-block  1
call    3 returned 1
branch  4 taken 1 (fallthrough)
branch  5 taken 0 (throw)
        1:  142-block  2
call    6 returned 1
    $$$$$:  142-block  3
call    7 never executed
    $$$$$:  142-block  4
        1:  143:    auto ans_int = LongNumber("0");
        1:  143-block  0
call    0 returned 1
branch  1 taken 1 (fallthrough)
branch  2 taken 0 (throw)
        1:  143-block  1
call    3 returned 1
branch  4 taken 1 (fallthrough)
branch  5 taken 0 (throw)
        1:  143-block  2
call    6 returned 1
    $$$$$:  143-block  3
call    7 never executed
    $$$$$:  143-block  4
    $$$$$:  143-block  5
       1*:  144:    EXPECT_EQ(ans, ans_int);
        1:  144-block  0
call    0 returned 1
branch  1 taken 1 (fallthrough)
branch  2 taken 0 (throw)
        1:  144-block  1
call    3 returned 1
branch  4 taken 0 (fallthrough)
branch  5 taken 1
    %%%%%:  144-block  2
call    6 never executed
branch  7 never executed (fallthrough)
branch  8 never executed (throw)
    %%%%%:  144-block  3
call    9 never executed
call   10 never executed
branch 11 never executed (fallthrough)
branch 12 never executed (throw)
    %%%%%:  144-block  4
call   13 never executed
branch 14 never executed (fallthrough)
branch 15 never executed (throw)
    %%%%%:  144-block  5
call   16 never executed
call   17 never executed
        1:  144-block  6
call   18 returned 1
    $$$$$:  144-block  7
call   19 never executed
    $$$$$:  144-block  8
    $$$$$:  144-block  9
call   20 never executed
    $$$$$:  144-block 10
    $$$$$:  144-block 11
call   21 never executed
        1:  145:}
call    0 returned 1
call    1 returned 1
call    2 returned 1
call    3 returned 1
    $$$$$:  145-block  0
call    4 never executed
    $$$$$:  145-block  1
call    5 never executed
    $$$$$:  145-block  2
call    6 never executed
    $$$$$:  145-block  3
call    7 never executed
------------------
        -:  146:
        4:  147:TEST(Add, add3) {
        2:  148:    LongNumber a = LongNumber("10.102");
        1:  149:    LongNumber b = LongNumber("-10.101");
        1:  150:    auto ans = (a + b);
        1:  151:    auto ans_int = LongNumber("0.001");
       1*:  152:    EXPECT_EQ(ans, ans_int);
        1:  153:}
------------------
_ZN13Add_add3_TestC1Ev:
function _ZN13Add_add3_TestC1Ev called 1 returned 100% blocks executed 100%
        1:  147:TEST(Add, add3) {
        1:  147-block  0
call    0 returned 1
------------------
_ZN13Add_add3_TestD0Ev:
function _ZN13Add_add3_TestD0Ev called 1 returned 100% blocks executed 100%
        1:  147:TEST(Add, add3) {
        1:  147-block  0
call    0 returned 1
call    1 returned 1
------------------
_ZN13Add_add3_TestD1Ev:
function _ZN13Add_add3_TestD1Ev called 1 returned 100% blocks executed 100%
        1:  147:TEST(Add, add3) {
        1:  147-block  0
call    0 returned 1
------------------
_ZN13Add_add3_Test8TestBodyEv:
function _ZN13Add_add3_Test8TestBodyEv called 1 returned 100% blocks executed 41%
        1:  147:TEST(Add, add3) {
        1:  147-block  0
        2:  148:    LongNumber a = LongNumber("10.102");
        1:  148-block  0
call    0 returned 1
branch  1 taken 1 (fallthrough)
branch  2 taken 0 (throw)
        1:  148-block  1
call    3 returned 1
branch  4 taken 1 (fallthrough)
branch  5 taken 0 (throw)
        1:  148-block  2
call    6 returned 1
        1:  148-block  3
    $$$$$:  148-block  4
call    7 never executed
    $$$$$:  148-block  5
    $$$$$:  148-block  6
        1:  149:    LongNumber b = LongNumber("-10.101");
        1:  149-block  0
call    0 returned 1
branch  1 taken 1 (fallthrough)
branch  2 taken 0 (throw)
        1:  149-block  1
call    3 returned 1
branch  4 taken 1 (fallthrough)
branch  5 taken 0 (throw)
        1:  149-block  2
call    6 returned 1
    $$$$$:  149-block  3
call    7 never executed
    $$$$$:  149-block  4
    $$$$$:  149-block  5
        1:  150:    auto ans = (a + b);
        1:  150-block  0
call    0 returned 1
branch  1 taken 1 (fallthrough)
branch  2 taken 0 (throw)
        1:  150-block  1
call    3 returned 1
branch  4 taken 1 (fallthrough)
branch  5 taken 0 (throw)
        1:  150-block  2
call    6 returned 1
    $$$$$:  150-block  3
call    7 never executed
    $$$$$:  150-block  4
        1:  151:    auto ans_int = LongNumber("0.001");
        1:  151-block  0
call    0 returned 1
branch  1 taken 1 (fallthrough)
branch  2 taken 0 (throw)
        1:  151-block  1
call    3 returned 1
branch  4 taken 1 (fallthrough)
branch  5 taken 0 (throw)
        1:  151-block  2
call    6 returned 1
    $$$$$:  151-block  3
call    7 never executed
    $$$$$:  151-block  4
    $$$$$:  151-block  5
       1*:  152:    EXPECT_EQ(ans, ans_int);
        1:  152-block  0
call    0 returned 1
branch  1 taken 1 (fallthrough)
branch  2 taken 0 (throw)
        1:  152-block  1
call    3 returned 1
branch  4 taken 0 (fallthrough)
branch  5 taken 1
    %%%%%:  152-block  2
call    6 never executed
branch  7 never executed (fallthrough)
branch  8 never executed (throw)
    %%%%%:  152-block  3
call    9 never executed
call   10 never executed
branch 11 never executed (fallthrough)
branch 12 never executed (throw)
    %%%%%:  152-block  4
call   13 never executed
branch 14 never executed (fallthrough)
branch 15 never executed (throw)
    %%%%%:  152-block  5
call   16 never executed
call   17 never executed
        1:  152-block  6
call   18 returned 1
    $$$$$:  152-block  7
call   19 never executed
    $$$$$:  152-block  8
    $$$$$:  152-block  9
call   20 never executed
    $$$$$:  152-block 10
    $$$$$:  152-block 11
call   21 never executed
        1:  153:}
call    0 returned 1
call    1 returned 1
call    2 returned 1
call    3 returned 1
    $$$$$:  153-block  0
call    4 never executed
    $$$$$:  153-block  1
call    5 never executed
    $$$$$:  153-block  2
call    6 never executed
    $$$$$:  153-block  3
call    7 never executed
------------------
        -:  154:
        4:  155:TEST(Add, add4) {
        2:  156:    LongNumber a = LongNumber("-10.102");
        1:  157:    LongNumber b = LongNumber("10.101");
        1:  158:    auto ans = (a + b);
        1:  159:    auto ans_int = LongNumber("-0.001");
       1*:  160:    EXPECT_EQ(ans, ans_int);
        1:  161:}
------------------
_ZN13Add_add4_TestC1Ev:
function _ZN13Add_add4_TestC1Ev called 1 returned 100% blocks executed 100%
        1:  155:TEST(Add, add4) {
        1:  155-block  0
call    0 returned 1
------------------
_ZN13Add_add4_TestD0Ev:
function _ZN13Add_add4_TestD0Ev called 1 returned 100% blocks executed 100%
        1:  155:TEST(Add, add4) {
        1:  155-block  0
call    0 returned 1
call    1 returned 1
------------------
_ZN13Add_add4_TestD1Ev:
function _ZN13Add_add4_TestD1Ev called 1 returned 100% blocks executed 100%
        1:  155:TEST(Add, add4) {
        1:  155-block  0
call    0 returned 1
------------------
_ZN13Add_add4_Test8TestBodyEv:
function _ZN13Add_add4_Test8TestBodyEv called 1 returned 100% blocks executed 41%
        1:  155:TEST(Add, add4) {
        1:  155-block  0
        2:  156:    LongNumber a = LongNumber("-10.102");
        1:  156-block  0
call    0 returned 1
branch  1 taken 1 (fallthrough)
branch  2 taken 0 (throw)
        1:  156-block  1
call    3 returned 1
branch  4 taken 1 (fallthrough)
branch  5 taken 0 (throw)
        1:  156-block  2
call    6 returned 1
        1:  156-block  3
    $$$$$:  156-block  4
call    7 never executed
    $$$$$:  156-block  5
    $$$$$:  156-block  6
        1:  157:    LongNumber b = LongNumber("10.101");
        1:  157-block  0
call    0 returned 1
branch  1 taken 1 (fallthrough)
branch  2 taken 0 (throw)
        1:  157-block  1
call    3 returned 1
branch  4 taken 1 (fallthrough)
branch  5 taken 0 (throw)
        1:  157-block  2
call    6 returned 1
    $$$$$:  157-block  3
call    7 never executed
    $$$$$:  157-block  4
    $$$$$:  157-block  5
        1:  158:    auto ans = (a + b);
        1:  158-block  0
call    0 returned 1
branch  1 taken 1 (fallthrough)
branch  2 taken 0 (throw)
        1:  158-block  1
call    3 returned 1
branch  4 taken 1 (fallthrough)
branch  5 taken 0 (throw)
        1:  158-block  2
call    6 returned 1
    $$$$$:  158-block  3
call    7 never executed
    $$$$$:  158-block  4
        1:  159:    auto ans_int = LongNumber("-0.001");
        1:  159-block  0
call    0 returned 1
branch  1 taken 1 (fallthrough)
branch  2 taken 0 (throw)
        1:  159-block  1
call    3 returned 1
branch  4 taken 1 (fallthrough)
branch  5 taken 0 (throw)
        1:  159-block  2
call    6 returned 1
    $$$$$:  159-block  3
call    7 never executed
    $$$$$:  159-block  4
    $$$$$:  159-block  5
       1*:  160:    EXPECT_EQ(ans, ans_int);
        1:  160-block  0
call    0 returned 1
branch  1 taken 1 (fallthrough)
branch  2 taken 0 (throw)
        1:  160-block  1
call    3 returned 1
branch  4 taken 0 (fallthrough)
branch  5 taken 1
    %%%%%:  160-block  2
call    6 never executed
branch  7 never executed (fallthrough)
branch  8 never executed (throw)
    %%%%%:  160-block  3
call    9 never executed
call   10 never executed
branch 11 never executed (fallthrough)
branch 12 never executed (throw)
    %%%%%:  160-block  4
call   13 never executed
branch 14 never executed (fallthrough)
branch 15 never executed (throw)
    %%%%%:  160-block  5
call   16 never executed
call   17 never executed
        1:  160-block  6
call   18 returned 1
    $$$$$:  160-block  7
call   19 never executed
    $$$$$:  160-block  8
    $$$$$:  160-block  9
call   20 never executed
    $$$$$:  160-block 10
    $$$$$:  160-block 11
call   21 never executed
        1:  161:}
call    0 returned 1
call    1 returned 1
call    2 returned 1
call    3 returned 1
    $$$$$:  161-block  0
call    4 never executed
    $$$$$:  161-block  1
call    5 never executed
    $$$$$:  161-block  2
call    6 never executed
    $$$$$:  161-block  3
call    7 never executed
------------------
        -:  162:
        4:  163:TEST(Add, add5) {
        2:  164:    LongNumber a = LongNumber("-10.101");
        1:  165:    LongNumber b = LongNumber("10.102");
        1:  166:    auto ans = (a + b);
        1:  167:    auto ans_int = LongNumber("0.001");
       1*:  168:    EXPECT_EQ(ans, ans_int);
        1:  169:}
------------------
_ZN13Add_add5_TestC1Ev:
function _ZN13Add_add5_TestC1Ev called 1 returned 100% blocks executed 100%
        1:  163:TEST(Add, add5) {
        1:  163-block  0
call    0 returned 1
------------------
_ZN13Add_add5_TestD0Ev:
function _ZN13Add_add5_TestD0Ev called 1 returned 100% blocks executed 100%
        1:  163:TEST(Add, add5) {
        1:  163-block  0
call    0 returned 1
call    1 returned 1
------------------
_ZN13Add_add5_TestD1Ev:
function _ZN13Add_add5_TestD1Ev called 1 returned 100% blocks executed 100%
        1:  163:TEST(Add, add5) {
        1:  163-block  0
call    0 returned 1
------------------
_ZN13Add_add5_Test8TestBodyEv:
function _ZN13Add_add5_Test8TestBodyEv called 1 returned 100% blocks executed 41%
        1:  163:TEST(Add, add5) {
        1:  163-block  0
        2:  164:    LongNumber a = LongNumber("-10.101");
        1:  164-block  0
call    0 returned 1
branch  1 taken 1 (fallthrough)
branch  2 taken 0 (throw)
        1:  164-block  1
call    3 returned 1
branch  4 taken 1 (fallthrough)
branch  5 taken 0 (throw)
        1:  164-block  2
call    6 returned 1
        1:  164-block  3
    $$$$$:  164-block  4
call    7 never executed
    $$$$$:  164-block  5
    $$$$$:  164-block  6
        1:  165:    LongNumber b = LongNumber("10.102");
        1:  165-block  0
call    0 returned 1
branch  1 taken 1 (fallthrough)
branch  2 taken 0 (throw)
        1:  165-block  1
call    3 returned 1
branch  4 taken 1 (fallthrough)
branch  5 taken 0 (throw)
        1:  165-block  2
call    6 returned 1
    $$$$$:  165-block  3
call    7 never executed
    $$$$$:  165-block  4
    $$$$$:  165-block  5
        1:  166:    auto ans = (a + b);
        1:  166-block  0
call    0 returned 1
branch  1 taken 1 (fallthrough)
branch  2 taken 0 (throw)
        1:  166-block  1
call    3 returned 1
branch  4 taken 1 (fallthrough)
branch  5 taken 0 (throw)
        1:  166-block  2
call    6 returned 1
    $$$$$:  166-block  3
call    7 never executed
    $$$$$:  166-block  4
        1:  167:    auto ans_int = LongNumber("0.001");
        1:  167-block  0
call    0 returned 1
branch  1 taken 1 (fallthrough)
branch  2 taken 0 (throw)
        1:  167-block  1
call    3 returned 1
branch  4 taken 1 (fallthrough)
branch  5 taken 0 (throw)
        1:  167-block  2
call    6 returned 1
    $$$$$:  167-block  3
call    7 never executed
    $$$$$:  167-block  4
    $$$$$:  167-block  5
       1*:  168:    EXPECT_EQ(ans, ans_int);
        1:  168-block  0
call    0 returned 1
branch  1 taken 1 (fallthrough)
branch  2 taken 0 (throw)
        1:  168-block  1
call    3 returned 1
branch  4 taken 0 (fallthrough)
branch  5 taken 1
    %%%%%:  168-block  2
call    6 never executed
branch  7 never executed (fallthrough)
branch  8 never executed (throw)
    %%%%%:  168-block  3
call    9 never executed
call   10 never executed
branch 11 never executed (fallthrough)
branch 12 never executed (throw)
    %%%%%:  168-block  4
call   13 never executed
branch 14 never executed (fallthrough)
branch 15 never executed (throw)
    %%%%%:  168-block  5
call   16 never executed
call   17 never executed
        1:  168-block  6
call   18 returned 1
    $$$$$:  168-block  7
call   19 never executed
    $$$$$:  168-block  8
    $$$$$:  168-block  9
call   20 never executed
    $$$$$:  168-block 10
    $$$$$:  168-block 11
call   21 never executed
        1:  169:}
call    0 returned 1
call    1 returned 1
call    2 returned 1
call    3 returned 1
    $$$$$:  169-block  0
call    4 never executed
    $$$$$:  169-block  1
call    5 never executed
    $$$$$:  169-block  2
call    6 never executed
    $$$$$:  169-block  3
call    7 never executed
------------------
        -:  170:
        4:  171:TEST(Diff, diff1) {
        2:  172:    LongNumber a = LongNumber("10.102");
        1:  173:    LongNumber b = LongNumber("10.101");
        1:  174:    auto ans = (a - b);
        1:  175:    auto ans_int = (a + (-b));
       1*:  176:    EXPECT_EQ(ans, ans_int);
        1:  177:}
------------------
_ZN15Diff_diff1_TestC1Ev:
function _ZN15Diff_diff1_TestC1Ev called 1 returned 100% blocks executed 100%
        1:  171:TEST(Diff, diff1) {
        1:  171-block  0
call    0 returned 1
------------------
_ZN15Diff_diff1_TestD0Ev:
function _ZN15Diff_diff1_TestD0Ev called 1 returned 100% blocks executed 100%
        1:  171:TEST(Diff, diff1) {
        1:  171-block  0
call    0 returned 1
call    1 returned 1
------------------
_ZN15Diff_diff1_TestD1Ev:
function _ZN15Diff_diff1_TestD1Ev called 1 returned 100% blocks executed 100%
        1:  171:TEST(Diff, diff1) {
        1:  171-block  0
call    0 returned 1
------------------
_ZN15Diff_diff1_Test8TestBodyEv:
function _ZN15Diff_diff1_Test8TestBodyEv called 1 returned 100% blocks executed 40%
        1:  171:TEST(Diff, diff1) {
        1:  171-block  0
        2:  172:    LongNumber a = LongNumber("10.102");
        1:  172-block  0
call    0 returned 1
branch  1 taken 1 (fallthrough)
branch  2 taken 0 (throw)
        1:  172-block  1
call    3 returned 1
branch  4 taken 1 (fallthrough)
branch  5 taken 0 (throw)
        1:  172-block  2
call    6 returned 1
        1:  172-block  3
    $$$$$:  172-block  4
call    7 never executed
    $$$$$:  172-block  5
    $$$$$:  172-block  6
        1:  173:    LongNumber b = LongNumber("10.101");
        1:  173-block  0
call    0 returned 1
branch  1 taken 1 (fallthrough)
branch  2 taken 0 (throw)
        1:  173-block  1
call    3 returned 1
branch  4 taken 1 (fallthrough)
branch  5 taken 0 (throw)
        1:  173-block  2
call    6 returned 1
    $$$$$:  173-block  3
call    7 never executed
    $$$$$:  173-block  4
    $$$$$:  173-block  5
        1:  174:    auto ans = (a - b);
        1:  174-block  0
call    0 returned 1
branch  1 taken 1 (fallthrough)
branch  2 taken 0 (throw)
        1:  175:    auto ans_int = (a + (-b));
        1:  175-block  0
call    0 returned 1
branch  1 taken 1 (fallthrough)
branch  2 taken 0 (throw)
        1:  175-block  1
call    3 returned 1
branch  4 taken 1 (fallthrough)
branch  5 taken 0 (throw)
        1:  175-block  2
call    6 returned 1
    $$$$$:  175-block  3
call    7 never executed
    $$$$$:  175-block  4
       1*:  176:    EXPECT_EQ(ans, ans_int);
call    0 returned 1
branch  1 taken 1 (fallthrough)
branch  2 taken 0 (throw)
        1:  176-block  0
call    3 returned 1
branch  4 taken 0 (fallthrough)
branch  5 taken 1
    %%%%%:  176-block  1
call    6 never executed
branch  7 never executed (fallthrough)
branch  8 never executed (throw)
    %%%%%:  176-block  2
call    9 never executed
call   10 never executed
branch 11 never executed (fallthrough)
branch 12 never executed (throw)
    %%%%%:  176-block  3
call   13 never executed
branch 14 never executed (fallthrough)
branch 15 never executed (throw)
    %%%%%:  176-block  4
call   16 never executed
call   17 never executed
        1:  176-block  5
call   18 returned 1
    $$$$$:  176-block  6
call   19 never executed
    $$$$$:  176-block  7
    $$$$$:  176-block  8
call   20 never executed
    $$$$$:  176-block  9
    $$$$$:  176-block 10
call   21 never executed
        1:  177:}
call    0 returned 1
call    1 returned 1
call    2 returned 1
call    3 returned 1
    $$$$$:  177-block  0
call    4 never executed
    $$$$$:  177-block  1
call    5 never executed
    $$$$$:  177-block  2
call    6 never executed
    $$$$$:  177-block  3
call    7 never executed
------------------
        -:  178:
        4:  179:TEST(Diff, diff2) {
        2:  180:    LongNumber a = LongNumber("10.102");
        1:  181:    LongNumber b = LongNumber("10.101");
        1:  182:    auto ans = (a - b);
        1:  183:    auto ans_int = LongNumber("0.001");
       1*:  184:    EXPECT_EQ(ans, ans_int);
        1:  185:}
------------------
_ZN15Diff_diff2_TestC1Ev:
function _ZN15Diff_diff2_TestC1Ev called 1 returned 100% blocks executed 100%
        1:  179:TEST(Diff, diff2) {
        1:  179-block  0
call    0 returned 1
------------------
_ZN15Diff_diff2_TestD0Ev:
function _ZN15Diff_diff2_TestD0Ev called 1 returned 100% blocks executed 100%
        1:  179:TEST(Diff, diff2) {
        1:  179-block  0
call    0 returned 1
call    1 returned 1
------------------
_ZN15Diff_diff2_TestD1Ev:
function _ZN15Diff_diff2_TestD1Ev called 1 returned 100% blocks executed 100%
        1:  179:TEST(Diff, diff2) {
        1:  179-block  0
call    0 returned 1
------------------
_ZN15Diff_diff2_Test8TestBodyEv:
function _ZN15Diff_diff2_Test8TestBodyEv called 1 returned 100% blocks executed 41%
        1:  179:TEST(Diff, diff2) {
        1:  179-block  0
        2:  180:    LongNumber a = LongNumber("10.102");
        1:  180-block  0
call    0 returned 1
branch  1 taken 1 (fallthrough)
branch  2 taken 0 (throw)
        1:  180-block  1
call    3 returned 1
branch  4 taken 1 (fallthrough)
branch  5 taken 0 (throw)
        1:  180-block  2
call    6 returned 1
        1:  180-block  3
    $$$$$:  180-block  4
call    7 never executed
    $$$$$:  180-block  5
    $$$$$:  180-block  6
        1:  181:    LongNumber b = LongNumber("10.101");
        1:  181-block  0
call    0 returned 1
branch  1 taken 1 (fallthrough)
branch  2 taken 0 (throw)
        1:  181-block  1
call    3 returned 1
branch  4 taken 1 (fallthrough)
branch  5 taken 0 (throw)
        1:  181-block  2
call    6 returned 1
    $$$$$:  181-block  3
call    7 never executed
    $$$$$:  181-block  4
    $$$$$:  181-block  5
        1:  182:    auto ans = (a - b);
        1:  182-block  0
call    0 returned 1
branch  1 taken 1 (fallthrough)
branch  2 taken 0 (throw)
        1:  183:    auto ans_int = LongNumber("0.001");
        1:  183-block  0
call    0 returned 1
branch  1 taken 1 (fallthrough)
branch  2 taken 0 (throw)
        1:  183-block  1
[...]
    $$$$$:  307-block 11
call   21 never executed
        1:  308:}
call    0 returned 1
call    1 returned 1
call    2 returned 1
call    3 returned 1
    $$$$$:  308-block  0
call    4 never executed
    $$$$$:  308-block  1
call    5 never executed
    $$$$$:  308-block  2
call    6 never executed
    $$$$$:  308-block  3
call    7 never executed
------------------
        -:  309:
        4:  310:TEST(MultMod, multmod1) {
        2:  311:    LongNumber a = LongNumber("10.55");
        1:  312:    LongNumber b = LongNumber("12.6");
        1:  313:    int mod = 10;
        1:  314:    auto ans = a.mult_mod(b, mod);
        1:  315:    auto cor_ans = LongNumber("132.93");
       1*:  316:    EXPECT_EQ(ans, cor_ans);
        1:  317:}
------------------
_ZN21MultMod_multmod1_TestC1Ev:
function _ZN21MultMod_multmod1_TestC1Ev called 1 returned 100% blocks executed 100%
        1:  310:TEST(MultMod, multmod1) {
        1:  310-block  0
call    0 returned 1
------------------
_ZN21MultMod_multmod1_TestD0Ev:
function _ZN21MultMod_multmod1_TestD0Ev called 1 returned 100% blocks executed 100%
        1:  310:TEST(MultMod, multmod1) {
        1:  310-block  0
call    0 returned 1
call    1 returned 1
------------------
_ZN21MultMod_multmod1_TestD1Ev:
function _ZN21MultMod_multmod1_TestD1Ev called 1 returned 100% blocks executed 100%
        1:  310:TEST(MultMod, multmod1) {
        1:  310-block  0
call    0 returned 1
------------------
_ZN21MultMod_multmod1_Test8TestBodyEv:
function _ZN21MultMod_multmod1_Test8TestBodyEv called 1 returned 100% blocks executed 41%
        1:  310:TEST(MultMod, multmod1) {
        1:  310-block  0
        2:  311:    LongNumber a = LongNumber("10.55");
        1:  311-block  0
call    0 returned 1
branch  1 taken 1 (fallthrough)
branch  2 taken 0 (throw)
        1:  311-block  1
call    3 returned 1
branch  4 taken 1 (fallthrough)
branch  5 taken 0 (throw)
        1:  311-block  2
call    6 returned 1
        1:  311-block  3
    $$$$$:  311-block  4
call    7 never executed
    $$$$$:  311-block  5
    $$$$$:  311-block  6
        1:  312:    LongNumber b = LongNumber("12.6");
        1:  312-block  0
call    0 returned 1
branch  1 taken 1 (fallthrough)
branch  2 taken 0 (throw)
        1:  312-block  1
call    3 returned 1
branch  4 taken 1 (fallthrough)
branch  5 taken 0 (throw)
        1:  312-block  2
call    6 returned 1
    $$$$$:  312-block  3
call    7 never executed
    $$$$$:  312-block  4
    $$$$$:  312-block  5
        1:  313:    int mod = 10;
        1:  314:    auto ans = a.mult_mod(b, mod);
        1:  314-block  0
call    0 returned 1
branch  1 taken 1 (fallthrough)
branch  2 taken 0 (throw)
        1:  315:    auto cor_ans = LongNumber("132.93");
        1:  315-block  0
call    0 returned 1
branch  1 taken 1 (fallthrough)
branch  2 taken 0 (throw)
        1:  315-block  1
call    3 returned 1
branch  4 taken 1 (fallthrough)
branch  5 taken 0 (throw)
        1:  315-block  2
call    6 returned 1
    $$$$$:  315-block  3
call    7 never executed
    $$$$$:  315-block  4
    $$$$$:  315-block  5
       1*:  316:    EXPECT_EQ(ans, cor_ans);
        1:  316-block  0
call    0 returned 1
branch  1 taken 1 (fallthrough)
branch  2 taken 0 (throw)
        1:  316-block  1
call    3 returned 1
branch  4 taken 0 (fallthrough)
branch  5 taken 1
    %%%%%:  316-block  2
call    6 never executed
branch  7 never executed (fallthrough)
branch  8 never executed (throw)
    %%%%%:  316-block  3
call    9 never executed
call   10 never executed
branch 11 never executed (fallthrough)
branch 12 never executed (throw)
    %%%%%:  316-block  4
call   13 never executed
branch 14 never executed (fallthrough)
branch 15 never executed (throw)
    %%%%%:  316-block  5
call   16 never executed
call   17 never executed
        1:  316-block  6
call   18 returned 1
    $$$$$:  316-block  7
call   19 never executed
    $$$$$:  316-block  8
    $$$$$:  316-block  9
call   20 never executed
    $$$$$:  316-block 10
    $$$$$:  316-block 11
call   21 never executed
        1:  317:}
call    0 returned 1
call    1 returned 1
call    2 returned 1
call    3 returned 1
    $$$$$:  317-block  0
call    4 never executed
    $$$$$:  317-block  1
call    5 never executed
    $$$$$:  317-block  2
call    6 never executed
    $$$$$:  317-block  3
call    7 never executed
------------------
        -:  318:
        4:  319:TEST(MultMod, multmod2) {
        2:  320:    LongNumber a = LongNumber("10.55");
        1:  321:    LongNumber b = LongNumber("12.6");
        1:  322:    int mod = 2;
        1:  323:    auto ans = a.mult_mod(b, mod);
        1:  324:    auto cor_ans = LongNumber("132.93");
       1*:  325:    EXPECT_EQ(ans, cor_ans);
        1:  326:}
------------------
_ZN21MultMod_multmod2_TestC1Ev:
function _ZN21MultMod_multmod2_TestC1Ev called 1 returned 100% blocks executed 100%
        1:  319:TEST(MultMod, multmod2) {
        1:  319-block  0
call    0 returned 1
------------------
_ZN21MultMod_multmod2_TestD0Ev:
function _ZN21MultMod_multmod2_TestD0Ev called 1 returned 100% blocks executed 100%
        1:  319:TEST(MultMod, multmod2) {
        1:  319-block  0
call    0 returned 1
call    1 returned 1
------------------
_ZN21MultMod_multmod2_TestD1Ev:
function _ZN21MultMod_multmod2_TestD1Ev called 1 returned 100% blocks executed 100%
        1:  319:TEST(MultMod, multmod2) {
        1:  319-block  0
call    0 returned 1
------------------
_ZN21MultMod_multmod2_Test8TestBodyEv:
function _ZN21MultMod_multmod2_Test8TestBodyEv called 1 returned 100% blocks executed 41%
        1:  319:TEST(MultMod, multmod2) {
        1:  319-block  0
        2:  320:    LongNumber a = LongNumber("10.55");
        1:  320-block  0
call    0 returned 1
branch  1 taken 1 (fallthrough)
branch  2 taken 0 (throw)
        1:  320-block  1
call    3 returned 1
branch  4 taken 1 (fallthrough)
branch  5 taken 0 (throw)
        1:  320-block  2
call    6 returned 1
        1:  320-block  3
    $$$$$:  320-block  4
call    7 never executed
    $$$$$:  320-block  5
    $$$$$:  320-block  6
        1:  321:    LongNumber b = LongNumber("12.6");
        1:  321-block  0
call    0 returned 1
branch  1 taken 1 (fallthrough)
branch  2 taken 0 (throw)
        1:  321-block  1
call    3 returned 1
branch  4 taken 1 (fallthrough)
branch  5 taken 0 (throw)
        1:  321-block  2
call    6 returned 1
    $$$$$:  321-block  3
call    7 never executed
    $$$$$:  321-block  4
    $$$$$:  321-block  5
        1:  322:    int mod = 2;
        1:  323:    auto ans = a.mult_mod(b, mod);
        1:  323-block  0
call    0 returned 1
branch  1 taken 1 (fallthrough)
branch  2 taken 0 (throw)
        1:  324:    auto cor_ans = LongNumber("132.93");
        1:  324-block  0
call    0 returned 1
branch  1 taken 1 (fallthrough)
branch  2 taken 0 (throw)
        1:  324-block  1
call    3 returned 1
branch  4 taken 1 (fallthrough)
branch  5 taken 0 (throw)
        1:  324-block  2
call    6 returned 1
    $$$$$:  324-block  3
call    7 never executed
    $$$$$:  324-block  4
    $$$$$:  324-block  5
       1*:  325:    EXPECT_EQ(ans, cor_ans);
        1:  325-block  0
call    0 returned 1
branch  1 taken 1 (fallthrough)
branch  2 taken 0 (throw)
        1:  325-block  1
call    3 returned 1
branch  4 taken 0 (fallthrough)
branch  5 taken 1
    %%%%%:  325-block  2
call    6 never executed
branch  7 never executed (fallthrough)
branch  8 never executed (throw)
    %%%%%:  325-block  3
call    9 never executed
call   10 never executed
branch 11 never executed (fallthrough)
branch 12 never executed (throw)
    %%%%%:  325-block  4
call   13 never executed
branch 14 never executed (fallthrough)
branch 15 never executed (throw)
    %%%%%:  325-block  5
call   16 never executed
call   17 never executed
        1:  325-block  6
call   18 returned 1
    $$$$$:  325-block  7
call   19 never executed
    $$$$$:  325-block  8
    $$$$$:  325-block  9
call   20 never executed
    $$$$$:  325-block 10
    $$$$$:  325-block 11
call   21 never executed
        1:  326:}
call    0 returned 1
call    1 returned 1
call    2 returned 1
call    3 returned 1
    $$$$$:  326-block  0
call    4 never executed
    $$$$$:  326-block  1
call    5 never executed
    $$$$$:  326-block  2
call    6 never executed
    $$$$$:  326-block  3
call    7 never executed
------------------
        -:  327:
        4:  328:TEST(ToString, tostring1) {
        1:  329:    std::string s = "-10.55";
        1:  330:    LongNumber a = LongNumber(s);
       1*:  331:    EXPECT_EQ(a.to_string(), s);
        1:  332:}
------------------
_ZN23ToString_tostring1_TestC1Ev:
function _ZN23ToString_tostring1_TestC1Ev called 1 returned 100% blocks executed 100%
        1:  328:TEST(ToString, tostring1) {
        1:  328-block  0
call    0 returned 1
------------------
_ZN23ToString_tostring1_TestD0Ev:
function _ZN23ToString_tostring1_TestD0Ev called 1 returned 100% blocks executed 100%
        1:  328:TEST(ToString, tostring1) {
        1:  328-block  0
call    0 returned 1
call    1 returned 1
------------------
_ZN23ToString_tostring1_TestD1Ev:
function _ZN23ToString_tostring1_TestD1Ev called 1 returned 100% blocks executed 100%
        1:  328:TEST(ToString, tostring1) {
        1:  328-block  0
call    0 returned 1
------------------
_ZN23ToString_tostring1_Test8TestBodyEv:
function _ZN23ToString_tostring1_Test8TestBodyEv called 1 returned 100% blocks executed 37%
        1:  328:TEST(ToString, tostring1) {
        1:  328-block  0
        1:  329:    std::string s = "-10.55";
        1:  329-block  0
call    0 returned 1
branch  1 taken 1 (fallthrough)
branch  2 taken 0 (throw)
    $$$$$:  329-block  1
        1:  330:    LongNumber a = LongNumber(s);
        1:  330-block  0
call    0 returned 1
branch  1 taken 1 (fallthrough)
branch  2 taken 0 (throw)
        1:  330-block  1
call    3 returned 1
branch  4 taken 1 (fallthrough)
branch  5 taken 0 (throw)
        1:  330-block  2
call    6 returned 1
    $$$$$:  330-block  3
call    7 never executed
    $$$$$:  330-block  4
       1*:  331:    EXPECT_EQ(a.to_string(), s);
call    0 returned 1
branch  1 taken 1 (fallthrough)
branch  2 taken 0 (throw)
        1:  331-block  0
call    3 returned 1
branch  4 taken 1 (fallthrough)
branch  5 taken 0 (throw)
        1:  331-block  1
call    6 returned 1
call    7 returned 1
branch  8 taken 0 (fallthrough)
branch  9 taken 1
    %%%%%:  331-block  2
call   10 never executed
branch 11 never executed (fallthrough)
branch 12 never executed (throw)
    %%%%%:  331-block  3
call   13 never executed
call   14 never executed
branch 15 never executed (fallthrough)
branch 16 never executed (throw)
    %%%%%:  331-block  4
call   17 never executed
branch 18 never executed (fallthrough)
branch 19 never executed (throw)
    %%%%%:  331-block  5
call   20 never executed
call   21 never executed
        1:  331-block  6
call   22 returned 1
    $$$$$:  331-block  7
call   23 never executed
    $$$$$:  331-block  8
    $$$$$:  331-block  9
call   24 never executed
    $$$$$:  331-block 10
    $$$$$:  331-block 11
call   25 never executed
    $$$$$:  331-block 12
    $$$$$:  331-block 13
call   26 never executed
        1:  332:}
call    0 returned 1
call    1 returned 1
    $$$$$:  332-block  0
call    2 never executed
    $$$$$:  332-block  1
call    3 never executed
------------------
        -:  333:
        4:  334:TEST(ToString, tostring2) {
        1:  335:    std::string s = "0.021";
        1:  336:    LongNumber a = LongNumber(0.021_ln);
       1*:  337:    EXPECT_EQ(a, LongNumber(s));
        1:  338:    EXPECT_EQ(a.to_string(), s);
        1:  339:}
------------------
_ZN23ToString_tostring2_TestC1Ev:
function _ZN23ToString_tostring2_TestC1Ev called 1 returned 100% blocks executed 100%
        1:  334:TEST(ToString, tostring2) {
        1:  334-block  0
call    0 returned 1
------------------
_ZN23ToString_tostring2_TestD0Ev:
function _ZN23ToString_tostring2_TestD0Ev called 1 returned 100% blocks executed 100%
        1:  334:TEST(ToString, tostring2) {
        1:  334-block  0
call    0 returned 1
call    1 returned 1
------------------
_ZN23ToString_tostring2_TestD1Ev:
function _ZN23ToString_tostring2_TestD1Ev called 1 returned 100% blocks executed 100%
        1:  334:TEST(ToString, tostring2) {
        1:  334-block  0
call    0 returned 1
------------------
_ZN23ToString_tostring2_Test8TestBodyEv:
function _ZN23ToString_tostring2_Test8TestBodyEv called 1 returned 100% blocks executed 42%
        1:  334:TEST(ToString, tostring2) {
        1:  334-block  0
        1:  335:    std::string s = "0.021";
        1:  335-block  0
call    0 returned 1
branch  1 taken 1 (fallthrough)
branch  2 taken 0 (throw)
    $$$$$:  335-block  1
        1:  336:    LongNumber a = LongNumber(0.021_ln);
        1:  336-block  0
call    0 returned 1
branch  1 taken 1 (fallthrough)
branch  2 taken 0 (throw)
       1*:  337:    EXPECT_EQ(a, LongNumber(s));
        1:  337-block  0
call    0 returned 1
branch  1 taken 1 (fallthrough)
branch  2 taken 0 (throw)
        1:  337-block  1
call    3 returned 1
branch  4 taken 1 (fallthrough)
branch  5 taken 0 (throw)
        1:  337-block  2
call    6 returned 1
branch  7 taken 1 (fallthrough)
branch  8 taken 0 (throw)
        1:  337-block  3
call    9 returned 1
call   10 returned 1
call   11 returned 1
branch 12 taken 0 (fallthrough)
branch 13 taken 1
    %%%%%:  337-block  4
call   14 never executed
branch 15 never executed (fallthrough)
branch 16 never executed (throw)
    %%%%%:  337-block  5
call   17 never executed
call   18 never executed
branch 19 never executed (fallthrough)
branch 20 never executed (throw)
    %%%%%:  337-block  6
call   21 never executed
branch 22 never executed (fallthrough)
branch 23 never executed (throw)
    %%%%%:  337-block  7
call   24 never executed
call   25 never executed
        1:  337-block  8
call   26 returned 1
    $$$$$:  337-block  9
call   27 never executed
    $$$$$:  337-block 10
call   28 never executed
    $$$$$:  337-block 11
    $$$$$:  337-block 12
    $$$$$:  337-block 13
call   29 never executed
    $$$$$:  337-block 14
    $$$$$:  337-block 15
call   30 never executed
    $$$$$:  337-block 16
    $$$$$:  337-block 17
call   31 never executed
        1:  338:    EXPECT_EQ(a.to_string(), s);
call    0 returned 1
branch  1 taken 1 (fallthrough)
branch  2 taken 0 (throw)
        1:  338-block  0
call    3 returned 1
branch  4 taken 1 (fallthrough)
branch  5 taken 0 (throw)
        1:  338-block  1
call    6 returned 1
call    7 returned 1
branch  8 taken 1 (fallthrough)
branch  9 taken 0
        1:  338-block  2
call   10 returned 1
branch 11 taken 1 (fallthrough)
branch 12 taken 0 (throw)
        1:  338-block  3
call   13 returned 1
call   14 returned 1
branch 15 taken 1 (fallthrough)
branch 16 taken 0 (throw)
        1:  338-block  4
call   17 returned 1
branch 18 taken 1 (fallthrough)
branch 19 taken 0 (throw)
        1:  338-block  5
call   20 returned 1
call   21 returned 1
        1:  338-block  6
call   22 returned 1
    $$$$$:  338-block  7
call   23 never executed
    $$$$$:  338-block  8
    $$$$$:  338-block  9
call   24 never executed
    $$$$$:  338-block 10
    $$$$$:  338-block 11
call   25 never executed
    $$$$$:  338-block 12
    $$$$$:  338-block 13
call   26 never executed
        1:  339:}
call    0 returned 1
call    1 returned 1
    $$$$$:  339-block  0
call    2 never executed
    $$$$$:  339-block  1
call    3 never executed
------------------
        -:  340:
        4:  341:TEST(ToString, tostring3) {
        1:  342:    std::string s = "-0.021000";
        1:  343:    LongNumber a = LongNumber(-0.021_ln);
       1*:  344:    EXPECT_EQ(a, LongNumber(s));
       1*:  345:    EXPECT_EQ(a.to_string(), s);
        1:  346:}
------------------
_ZN23ToString_tostring3_TestC1Ev:
function _ZN23ToString_tostring3_TestC1Ev called 1 returned 100% blocks executed 100%
        1:  341:TEST(ToString, tostring3) {
        1:  341-block  0
call    0 returned 1
------------------
_ZN23ToString_tostring3_TestD0Ev:
function _ZN23ToString_tostring3_TestD0Ev called 1 returned 100% blocks executed 100%
        1:  341:TEST(ToString, tostring3) {
        1:  341-block  0
call    0 returned 1
call    1 returned 1
------------------
_ZN23ToString_tostring3_TestD1Ev:
function _ZN23ToString_tostring3_TestD1Ev called 1 returned 100% blocks executed 100%
        1:  341:TEST(ToString, tostring3) {
        1:  341-block  0
call    0 returned 1
------------------
_ZN23ToString_tostring3_Test8TestBodyEv:
function _ZN23ToString_tostring3_Test8TestBodyEv called 1 returned 100% blocks executed 33%
        1:  341:TEST(ToString, tostring3) {
        1:  341-block  0
        1:  342:    std::string s = "-0.021000";
        1:  342-block  0
call    0 returned 1
branch  1 taken 1 (fallthrough)
branch  2 taken 0 (throw)
    $$$$$:  342-block  1
        1:  343:    LongNumber a = LongNumber(-0.021_ln);
        1:  343-block  0
call    0 returned 1
branch  1 taken 1 (fallthrough)
branch  2 taken 0 (throw)
        1:  343-block  1
call    3 returned 1
branch  4 taken 1 (fallthrough)
branch  5 taken 0 (throw)
        1:  343-block  2
call    6 returned 1
    $$$$$:  343-block  3
call    7 never executed
    $$$$$:  343-block  4
       1*:  344:    EXPECT_EQ(a, LongNumber(s));
call    0 returned 1
branch  1 taken 1 (fallthrough)
branch  2 taken 0 (throw)
        1:  344-block  0
call    3 returned 1
branch  4 taken 1 (fallthrough)
branch  5 taken 0 (throw)
        1:  344-block  1
call    6 returned 1
branch  7 taken 1 (fallthrough)
branch  8 taken 0 (throw)
        1:  344-block  2
call    9 returned 1
call   10 returned 1
call   11 returned 1
branch 12 taken 0 (fallthrough)
branch 13 taken 1
    %%%%%:  344-block  3
call   14 never executed
branch 15 never executed (fallthrough)
branch 16 never executed (throw)
    %%%%%:  344-block  4
call   17 never executed
call   18 never executed
branch 19 never executed (fallthrough)
branch 20 never executed (throw)
    %%%%%:  344-block  5
call   21 never executed
branch 22 never executed (fallthrough)
branch 23 never executed (throw)
    %%%%%:  344-block  6
call   24 never executed
call   25 never executed
        1:  344-block  7
call   26 returned 1
    $$$$$:  344-block  8
call   27 never executed
    $$$$$:  344-block  9
call   28 never executed
    $$$$$:  344-block 10
    $$$$$:  344-block 11
    $$$$$:  344-block 12
call   29 never executed
    $$$$$:  344-block 13
    $$$$$:  344-block 14
call   30 never executed
    $$$$$:  344-block 15
    $$$$$:  344-block 16
call   31 never executed
       1*:  345:    EXPECT_EQ(a.to_string(), s);
call    0 returned 1
branch  1 taken 1 (fallthrough)
branch  2 taken 0 (throw)
        1:  345-block  0
call    3 returned 1
branch  4 taken 1 (fallthrough)
branch  5 taken 0 (throw)
        1:  345-block  1
call    6 returned 1
call    7 returned 1
branch  8 taken 0 (fallthrough)
branch  9 taken 1
    %%%%%:  345-block  2
call   10 never executed
branch 11 never executed (fallthrough)
branch 12 never executed (throw)
    %%%%%:  345-block  3
call   13 never executed
call   14 never executed
branch 15 never executed (fallthrough)
branch 16 never executed (throw)
    %%%%%:  345-block  4
call   17 never executed
branch 18 never executed (fallthrough)
branch 19 never executed (throw)
    %%%%%:  345-block  5
call   20 never executed
call   21 never executed
        1:  345-block  6
call   22 returned 1
    $$$$$:  345-block  7
call   23 never executed
    $$$$$:  345-block  8
    $$$$$:  345-block  9
call   24 never executed
    $$$$$:  345-block 10
    $$$$$:  345-block 11
call   25 never executed
    $$$$$:  345-block 12
    $$$$$:  345-block 13
call   26 never executed
        1:  346:}
call    0 returned 1
call    1 returned 1
    $$$$$:  346-block  0
call    2 never executed
    $$$$$:  346-block  1
call    3 never executed
------------------
